2018-02-13 10:51:21 +0000  Initial pipeline context: <IDEDistributionProcessingPipelineContext: 0x7fd329a10e70; archive(resolved)='<IDEArchive: 0x7fd3482cb640>', distributionTask(resolved)='2', distributionMethod(resolved)='<IDEDistributionMethodAdHoc: 0x7fd33f92be60>', team(resolved)='<IDEProvisioningBasicTeam 0x7fd329cd6d60: teamID: 24SXCE6USQ, teamName: TB Group inc.>'>
	Chain (11, self inclusive):
	<IDEDistributionProcessingPipelineContext: 0x7fd329a10e70; archive = '<IDEArchive: 0x7fd3482cb640>', distributionMethod='<IDEDistributionMethodAdHoc: 0x7fd33f92be60>', team='<IDEProvisioningBasicTeam 0x7fd329cd6d60: teamID: 24SXCE6USQ, teamName: TB Group inc.>'>
	<IDEDistributionProcessingPipelineContext: 0x7fd329a7dc10; archive = '<IDEArchive: 0x7fd3482cb640>', distributionMethod='<IDEDistributionMethodAdHoc: 0x7fd33f92be60>', team='<IDEProvisioningBasicTeam 0x7fd329cd6d60: teamID: 24SXCE6USQ, teamName: TB Group inc.>'>
	<IDEDistributionContext: 0x7fd328c18520; archive = '<IDEArchive: 0x7fd3482cb640>', distributionMethod='<IDEDistributionMethodAdHoc: 0x7fd33f92be60>', team='<IDEProvisioningBasicTeam 0x7fd329cd6d60: teamID: 24SXCE6USQ, teamName: TB Group inc.>'>
	<IDEDistributionContext: 0x7fd329a0c100; archive = '<IDEArchive: 0x7fd3482cb640>', distributionMethod='<IDEDistributionMethodAdHoc: 0x7fd33f92be60>', team='<IDEProvisioningBasicTeam 0x7fd329cd6d60: teamID: 24SXCE6USQ, teamName: TB Group inc.>'>
	<IDEDistributionContext: 0x7fd3481c07f0; archive = '<IDEArchive: 0x7fd3482cb640>', distributionMethod='<IDEDistributionMethodAdHoc: 0x7fd33f92be60>', team='<IDEProvisioningBasicTeam 0x7fd329cd6d60: teamID: 24SXCE6USQ, teamName: TB Group inc.>'>
	<IDEDistributionContext: 0x7fd329ce6840; archive = '<IDEArchive: 0x7fd3482cb640>', distributionMethod='<IDEDistributionMethodAdHoc: 0x7fd33f92be60>', team='<IDEProvisioningBasicTeam 0x7fd329cd6d60: teamID: 24SXCE6USQ, teamName: TB Group inc.>'>
	<IDEDistributionContext: 0x7fd341bc3bb0; archive = '<IDEArchive: 0x7fd3482cb640>', distributionMethod='<IDEDistributionMethodAdHoc: 0x7fd33f92be60>', team='<IDEProvisioningBasicTeam 0x7fd329cd6d60: teamID: 24SXCE6USQ, teamName: TB Group inc.>'>
	<IDEDistributionContext: 0x7fd328422fb0; archive = '<IDEArchive: 0x7fd3482cb640>', distributionMethod='<IDEDistributionMethodAdHoc: 0x7fd33f92be60>', team='<IDEProvisioningBasicTeam 0x7fd329cd6d60: teamID: 24SXCE6USQ, teamName: TB Group inc.>'>
	<IDEDistributionContext: 0x7fd3404e7950; archive = '<IDEArchive: 0x7fd3482cb640>', distributionMethod='<IDEDistributionMethodAdHoc: 0x7fd33f92be60>', team='<IDEProvisioningBasicTeam 0x7fd329cd6d60: teamID: 24SXCE6USQ, teamName: TB Group inc.>'>
	<IDEDistributionContext: 0x7fd328e278f0; archive = '<IDEArchive: 0x7fd3482cb640>', distributionMethod='<IDEDistributionMethodAdHoc: 0x7fd33f92be60>', team='(null)'>
	<IDEDistributionContext: 0x7fd3408b7740; archive = '<IDEArchive: 0x7fd3482cb640>', distributionMethod='(null)', team='(null)'>
</IDEDistributionProcessingPipelineContext: 0x7fd329a10e70>
2018-02-13 10:51:21 +0000  Processing step: IDEDistributionCreateDestRootStep
2018-02-13 10:51:21 +0000  Processing step: IDEDistributionCopyItemStep
2018-02-13 10:51:21 +0000  Running /usr/bin/ditto '-V' '/Users/sa02/Library/Developer/Xcode/Archives/2018-02-13/POS_API_Sample 2018-02-13 19.50.xcarchive/Products/Applications/POS_API_Sample.app' '/var/folders/mn/wprwsw3x4zz70mtpjhg1vwc80000gn/T/XcodeDistPipeline.HEE/Root/Payload/POS_API_Sample.app'
2018-02-13 10:51:21 +0000  >>> Copying /Users/sa02/Library/Developer/Xcode/Archives/2018-02-13/POS_API_Sample 2018-02-13 19.50.xcarchive/Products/Applications/POS_API_Sample.app 
2018-02-13 10:51:21 +0000  copying file ./_CodeSignature/CodeResources ... 
2018-02-13 10:51:21 +0000  20249 bytes for ./_CodeSignature/CodeResources
2018-02-13 10:51:21 +0000  copying file ./Logo.bmp ... 
2018-02-13 10:51:21 +0000  339894 bytes for ./Logo.bmp
2018-02-13 10:51:21 +0000  copying file ./CheckBox_Vista-Off.png ... 
682 bytes for ./CheckBox_Vista-Off.png
2018-02-13 10:51:21 +0000  copying file ./POS_API_Sample ... 
2018-02-13 10:51:21 +0000  785808 bytes for ./POS_API_Sample
copying file ./Android_RadioButton-Off.png ... 
2018-02-13 10:51:21 +0000  858 bytes for ./Android_RadioButton-Off.png
2018-02-13 10:51:21 +0000  copying file ./Base.lproj/LaunchScreen.nib ... 
2018-02-13 10:51:21 +0000  2510 bytes for ./Base.lproj/LaunchScreen.nib
2018-02-13 10:51:21 +0000  copying file ./Base.lproj/Main.storyboardc/BLEScanViewController.nib/objects-11.0+.nib ... 
2018-02-13 10:51:21 +0000  2619 bytes for ./Base.lproj/Main.storyboardc/BLEScanViewController.nib/objects-11.0+.nib
copying file ./Base.lproj/Main.storyboardc/BLEScanViewController.nib/runtime.nib ... 
2018-02-13 10:51:21 +0000  2626 bytes for ./Base.lproj/Main.storyboardc/BLEScanViewController.nib/runtime.nib
2018-02-13 10:51:21 +0000  copying file ./Base.lproj/Main.storyboardc/S98-6Z-hrg-view-TNy-cS-fCO.nib/objects-11.0+.nib ... 
2018-02-13 10:51:21 +0000  14247 bytes for ./Base.lproj/Main.storyboardc/S98-6Z-hrg-view-TNy-cS-fCO.nib/objects-11.0+.nib
copying file ./Base.lproj/Main.storyboardc/S98-6Z-hrg-view-TNy-cS-fCO.nib/runtime.nib ... 
2018-02-13 10:51:21 +0000  14248 bytes for ./Base.lproj/Main.storyboardc/S98-6Z-hrg-view-TNy-cS-fCO.nib/runtime.nib
2018-02-13 10:51:21 +0000  copying file ./Base.lproj/Main.storyboardc/UINavigationController-IIm-N5-nA1.nib/objects-11.0+.nib ... 
2018-02-13 10:51:21 +0000  2601 bytes for ./Base.lproj/Main.storyboardc/UINavigationController-IIm-N5-nA1.nib/objects-11.0+.nib
copying file ./Base.lproj/Main.storyboardc/UINavigationController-IIm-N5-nA1.nib/runtime.nib ... 
2018-02-13 10:51:21 +0000  2603 bytes for ./Base.lproj/Main.storyboardc/UINavigationController-IIm-N5-nA1.nib/runtime.nib
2018-02-13 10:51:21 +0000  copying file ./Base.lproj/Main.storyboardc/ScannerTestViewController.nib/objects-11.0+.nib ... 
2018-02-13 10:51:21 +0000  1227 bytes for ./Base.lproj/Main.storyboardc/ScannerTestViewController.nib/objects-11.0+.nib
copying file ./Base.lproj/Main.storyboardc/ScannerTestViewController.nib/runtime.nib ... 
2018-02-13 10:51:21 +0000  1227 bytes for ./Base.lproj/Main.storyboardc/ScannerTestViewController.nib/runtime.nib
2018-02-13 10:51:21 +0000  copying file ./Base.lproj/Main.storyboardc/oVH-49-9gq-view-NEX-NI-JSd.nib/objects-11.0+.nib ... 
2018-02-13 10:51:21 +0000  41089 bytes for ./Base.lproj/Main.storyboardc/oVH-49-9gq-view-NEX-NI-JSd.nib/objects-11.0+.nib
copying file ./Base.lproj/Main.storyboardc/oVH-49-9gq-view-NEX-NI-JSd.nib/runtime.nib ... 
2018-02-13 10:51:21 +0000  41087 bytes for ./Base.lproj/Main.storyboardc/oVH-49-9gq-view-NEX-NI-JSd.nib/runtime.nib
2018-02-13 10:51:21 +0000  copying file ./Base.lproj/Main.storyboardc/YRd-GR-agd-view-dCj-p3-0Ph.nib/objects-11.0+.nib ... 
2018-02-13 10:51:21 +0000  24344 bytes for ./Base.lproj/Main.storyboardc/YRd-GR-agd-view-dCj-p3-0Ph.nib/objects-11.0+.nib
copying file ./Base.lproj/Main.storyboardc/YRd-GR-agd-view-dCj-p3-0Ph.nib/runtime.nib ... 
2018-02-13 10:51:21 +0000  24347 bytes for ./Base.lproj/Main.storyboardc/YRd-GR-agd-view-dCj-p3-0Ph.nib/runtime.nib
2018-02-13 10:51:21 +0000  copying file ./Base.lproj/Main.storyboardc/fjI-jl-KHY-view-1eN-lW-i7Z.nib/objects-11.0+.nib ... 
2018-02-13 10:51:21 +0000  20393 bytes for ./Base.lproj/Main.storyboardc/fjI-jl-KHY-view-1eN-lW-i7Z.nib/objects-11.0+.nib
2018-02-13 10:51:21 +0000  copying file ./Base.lproj/Main.storyboardc/fjI-jl-KHY-view-1eN-lW-i7Z.nib/runtime.nib ... 
2018-02-13 10:51:21 +0000  20393 bytes for ./Base.lproj/Main.storyboardc/fjI-jl-KHY-view-1eN-lW-i7Z.nib/runtime.nib
2018-02-13 10:51:21 +0000  copying file ./Base.lproj/Main.storyboardc/6rA-Eb-qiq-view-7FZ-z7-SHd.nib/objects-11.0+.nib ... 
2018-02-13 10:51:21 +0000  8434 bytes for ./Base.lproj/Main.storyboardc/6rA-Eb-qiq-view-7FZ-z7-SHd.nib/objects-11.0+.nib
copying file ./Base.lproj/Main.storyboardc/6rA-Eb-qiq-view-7FZ-z7-SHd.nib/runtime.nib ... 
2018-02-13 10:51:21 +0000  8431 bytes for ./Base.lproj/Main.storyboardc/6rA-Eb-qiq-view-7FZ-z7-SHd.nib/runtime.nib
2018-02-13 10:51:21 +0000  copying file ./Base.lproj/Main.storyboardc/g2J-D0-BkH-view-Xby-xz-aar.nib/objects-11.0+.nib ... 
19529 bytes for ./Base.lproj/Main.storyboardc/g2J-D0-BkH-view-Xby-xz-aar.nib/objects-11.0+.nib
copying file ./Base.lproj/Main.storyboardc/g2J-D0-BkH-view-Xby-xz-aar.nib/runtime.nib ... 
2018-02-13 10:51:21 +0000  19539 bytes for ./Base.lproj/Main.storyboardc/g2J-D0-BkH-view-Xby-xz-aar.nib/runtime.nib
2018-02-13 10:51:21 +0000  copying file ./Base.lproj/Main.storyboardc/ComPortSetupViewController.nib/objects-11.0+.nib ... 
2018-02-13 10:51:21 +0000  1232 bytes for ./Base.lproj/Main.storyboardc/ComPortSetupViewController.nib/objects-11.0+.nib
copying file ./Base.lproj/Main.storyboardc/ComPortSetupViewController.nib/runtime.nib ... 
2018-02-13 10:51:21 +0000  1232 bytes for ./Base.lproj/Main.storyboardc/ComPortSetupViewController.nib/runtime.nib
2018-02-13 10:51:21 +0000  copying file ./Base.lproj/Main.storyboardc/Info.plist ... 
2018-02-13 10:51:21 +0000  601 bytes for ./Base.lproj/Main.storyboardc/Info.plist
2018-02-13 10:51:21 +0000  copying file ./Base.lproj/Main.storyboardc/CashDrawerControlViewController.nib/objects-11.0+.nib ... 
2018-02-13 10:51:21 +0000  1247 bytes for ./Base.lproj/Main.storyboardc/CashDrawerControlViewController.nib/objects-11.0+.nib
copying file ./Base.lproj/Main.storyboardc/CashDrawerControlViewController.nib/runtime.nib ... 
2018-02-13 10:51:21 +0000  1247 bytes for ./Base.lproj/Main.storyboardc/CashDrawerControlViewController.nib/runtime.nib
2018-02-13 10:51:21 +0000  copying file ./Base.lproj/Main.storyboardc/PrinterTestViewController.nib/objects-11.0+.nib ... 
2018-02-13 10:51:21 +0000  1227 bytes for ./Base.lproj/Main.storyboardc/PrinterTestViewController.nib/objects-11.0+.nib
copying file ./Base.lproj/Main.storyboardc/PrinterTestViewController.nib/runtime.nib ... 
1227 bytes for ./Base.lproj/Main.storyboardc/PrinterTestViewController.nib/runtime.nib
2018-02-13 10:51:21 +0000  copying file ./upce.jpg ... 
2018-02-13 10:51:21 +0000  13869 bytes for ./upce.jpg
copying file ./archived-expanded-entitlements.xcent ... 
2018-02-13 10:51:21 +0000  374 bytes for ./archived-expanded-entitlements.xcent
copying file ./RadioButton_Vista-On.png ... 
2018-02-13 10:51:21 +0000  1803 bytes for ./RadioButton_Vista-On.png
2018-02-13 10:51:21 +0000  copying file ./576x576.bmp ... 
2018-02-13 10:51:21 +0000  995382 bytes for ./576x576.bmp
copying file ./Android_RadioButton-On.png ... 
2018-02-13 10:51:21 +0000  1003 bytes for ./Android_RadioButton-On.png
copying file ./Assets.car ... 
2018-02-13 10:51:21 +0000  23656 bytes for ./Assets.car
2018-02-13 10:51:21 +0000  copying file ./RadioButton_Vista-Off.png ... 
1125 bytes for ./RadioButton_Vista-Off.png
copying file ./AppIcon76x76@2x~ipad.png ... 
2018-02-13 10:51:21 +0000  3164 bytes for ./AppIcon76x76@2x~ipad.png
copying file ./isbn.png ... 
2018-02-13 10:51:21 +0000  17764 bytes for ./isbn.png
2018-02-13 10:51:21 +0000  copying file ./black.bmp ... 
56278 bytes for ./black.bmp
2018-02-13 10:51:21 +0000  copying file ./Frameworks/FTKit.framework/_CodeSignature/CodeResources ... 
2018-02-13 10:51:21 +0000  2202 bytes for ./Frameworks/FTKit.framework/_CodeSignature/CodeResources
2018-02-13 10:51:21 +0000  copying file ./Frameworks/FTKit.framework/FTKit ... 
2018-02-13 10:51:21 +0000  436896 bytes for ./Frameworks/FTKit.framework/FTKit
copying file ./Frameworks/FTKit.framework/Info.plist ... 
2018-02-13 10:51:21 +0000  732 bytes for ./Frameworks/FTKit.framework/Info.plist
2018-02-13 10:51:21 +0000  copying file ./ComboBox_Vista-Arrow.png ... 
2018-02-13 10:51:21 +0000  395 bytes for ./ComboBox_Vista-Arrow.png
copying file ./embedded.mobileprovision ... 
2018-02-13 10:51:21 +0000  14569 bytes for ./embedded.mobileprovision
2018-02-13 10:51:21 +0000  copying file ./Data/senddatatest.dat ... 
2018-02-13 10:51:21 +0000  11305 bytes for ./Data/senddatatest.dat
2018-02-13 10:51:21 +0000  copying file ./Data/printSampleReceipt-2x1.dat ... 
24039 bytes for ./Data/printSampleReceipt-2x1.dat
2018-02-13 10:51:21 +0000  copying file ./Data/senddatatest3.dat ... 
5742 bytes for ./Data/senddatatest3.dat
2018-02-13 10:51:21 +0000  copying file ./Data/senddatatest2.dat ... 
1200 bytes for ./Data/senddatatest2.dat
copying file ./Data/print576x576-pageMode.dat ... 
2018-02-13 10:51:21 +0000  41328 bytes for ./Data/print576x576-pageMode.dat
2018-02-13 10:51:21 +0000  copying file ./CheckBox_Vista-On.png ... 
1463 bytes for ./CheckBox_Vista-On.png
2018-02-13 10:51:21 +0000  copying file ./Info.plist ... 
2052 bytes for ./Info.plist
copying file ./PkgInfo ... 
2018-02-13 10:51:21 +0000  8 bytes for ./PkgInfo
2018-02-13 10:51:21 +0000  copying file ./AppIcon76x76~ipad.png ... 
2018-02-13 10:51:21 +0000  1231 bytes for ./AppIcon76x76~ipad.png
2018-02-13 10:51:21 +0000  2018-02-13 10:51:21 +0000  /usr/bin/ditto exited with 0

2018-02-13 10:51:21 +0000  
2018-02-13 10:51:21 +0000  Processing step: IDEDistributionEmbedProfileStep
2018-02-13 10:51:21 +0000  Skipping profile for item: <IDEDistributionItem: 0x7fd329c91450 'com.flytech.FTKit' '<DVTFilePath:0x7fd328691ea0:'/Users/sa02/Library/Developer/Xcode/Archives/2018-02-13/POS_API_Sample 2018-02-13 19.50.xcarchive/Products/Applications/POS_API_Sample.app/Frameworks/FTKit.framework'>'>
2018-02-13 10:51:21 +0000  Processing step: IDEDistributionAppThinningPlistStep
2018-02-13 10:51:21 +0000  Skipping step: IDEDistributionAppThinningPlistStep because it said so
2018-02-13 10:51:21 +0000  Processing step: IDEDistributionCompileBitcodeStep
2018-02-13 10:51:21 +0000  Skipping step: IDEDistributionCompileBitcodeStep because it said so
2018-02-13 10:51:21 +0000  Processing step: IDEDistributionCodeSlimmingStep
2018-02-13 10:51:21 +0000  Processing step: IDEDistributionCopyBCSymbolMapsStep
2018-02-13 10:51:21 +0000  Skipping step: IDEDistributionCopyBCSymbolMapsStep because it said so
2018-02-13 10:51:21 +0000  Skipping step: IDEDistributionCopyBCSymbolMapsStep because it said so
2018-02-13 10:51:21 +0000  Processing step: IDEDistributionSymbolsStep
2018-02-13 10:51:21 +0000  Skipping step: IDEDistributionSymbolsStep because it said so
2018-02-13 10:51:21 +0000  Skipping step: IDEDistributionSymbolsStep because it said so
2018-02-13 10:51:21 +0000  Processing step: IDEDistributionAppThinningStep
2018-02-13 10:51:21 +0000  Skipping step: IDEDistributionAppThinningStep because it said so
2018-02-13 10:51:21 +0000  Processing step: IDEDistributionODRStep
2018-02-13 10:51:21 +0000  Processing step: IDEDistributionStripXattrsStep
2018-02-13 10:51:21 +0000  Skipping stripping extended attributes of item: <IDEDistributionItem: 0x7fd329c91450 'com.flytech.FTKit' '<DVTFilePath:0x7fd328691ea0:'/Users/sa02/Library/Developer/Xcode/Archives/2018-02-13/POS_API_Sample 2018-02-13 19.50.xcarchive/Products/Applications/POS_API_Sample.app/Frameworks/FTKit.framework'>'>
2018-02-13 10:51:21 +0000  Running /usr/bin/xattr '-crs' '/var/folders/mn/wprwsw3x4zz70mtpjhg1vwc80000gn/T/XcodeDistPipeline.HEE/Root/Payload/POS_API_Sample.app'
2018-02-13 10:51:21 +0000  2018-02-13 10:51:21 +0000  
2018-02-13 10:51:21 +0000  /usr/bin/xattr exited with 0

2018-02-13 10:51:21 +0000  
2018-02-13 10:51:21 +0000  Processing step: IDEDistributionCodesignStep
2018-02-13 10:51:21 +0000  Applying entitlements delta for <IDEDistributionItem: 0x7fd329c91450 'com.flytech.FTKit' '<DVTFilePath:0x7fd328691ea0:'/Users/sa02/Library/Developer/Xcode/Archives/2018-02-13/POS_API_Sample 2018-02-13 19.50.xcarchive/Products/Applications/POS_API_Sample.app/Frameworks/FTKit.framework'>'> from <IDEiCloudEntitlementsProcessor: 0x7fd34818a6c0>: {
}
2018-02-13 10:51:21 +0000  Entitlements for <IDEDistributionItem: 0x7fd329c91450 'com.flytech.FTKit' '<DVTFilePath:0x7fd328691ea0:'/Users/sa02/Library/Developer/Xcode/Archives/2018-02-13/POS_API_Sample 2018-02-13 19.50.xcarchive/Products/Applications/POS_API_Sample.app/Frameworks/FTKit.framework'>'>: {
}
2018-02-13 10:51:21 +0000  Writing entitlements for <IDEDistributionItem: 0x7fd329c91450 'com.flytech.FTKit' '<DVTFilePath:0x7fd328691ea0:'/Users/sa02/Library/Developer/Xcode/Archives/2018-02-13/POS_API_Sample 2018-02-13 19.50.xcarchive/Products/Applications/POS_API_Sample.app/Frameworks/FTKit.framework'>'> to: /var/folders/mn/wprwsw3x4zz70mtpjhg1vwc80000gn/T/XcodeDistPipeline.HEE/entitlementszEUuIf
2018-02-13 10:51:21 +0000  Running /usr/bin/codesign '-vvv' '--force' '--sign' '0DD703895F960B0CDBEE3D23BB978EC89A516025' '--preserve-metadata=identifier,flags' '--entitlements' '/var/folders/mn/wprwsw3x4zz70mtpjhg1vwc80000gn/T/XcodeDistPipeline.HEE/entitlementszEUuIf' '/var/folders/mn/wprwsw3x4zz70mtpjhg1vwc80000gn/T/XcodeDistPipeline.HEE/Root/Payload/POS_API_Sample.app/Frameworks/FTKit.framework'
2018-02-13 10:51:21 +0000  /var/folders/mn/wprwsw3x4zz70mtpjhg1vwc80000gn/T/XcodeDistPipeline.HEE/Root/Payload/POS_API_Sample.app/Frameworks/FTKit.framework: replacing existing signature
2018-02-13 10:51:21 +0000  /var/folders/mn/wprwsw3x4zz70mtpjhg1vwc80000gn/T/XcodeDistPipeline.HEE/Root/Payload/POS_API_Sample.app/Frameworks/FTKit.framework: signed bundle with Mach-O universal (armv7 x86_64 arm64) [com.flytech.FTKit]
2018-02-13 10:51:21 +0000  2018-02-13 10:51:21 +0000  

2018-02-13 10:51:21 +0000  
2018-02-13 10:51:21 +0000  2018-02-13 10:51:21 +0000  

2018-02-13 10:51:21 +0000  /usr/bin/codesign exited with 02018-02-13 10:51:21 +0000  

2018-02-13 10:51:21 +0000  Applying entitlements delta for <IDEDistributionItem: 0x7fd329c03560 'jp.co.tb-group.pas' '<DVTFilePath:0x7fd32a0b0ae0:'/Users/sa02/Library/Developer/Xcode/Archives/2018-02-13/POS_API_Sample 2018-02-13 19.50.xcarchive/Products/Applications/POS_API_Sample.app'>'> from <IDEiCloudEntitlementsProcessor: 0x7fd328e8d610>: {
}
2018-02-13 10:51:21 +0000  Entitlements for <IDEDistributionItem: 0x7fd329c03560 'jp.co.tb-group.pas' '<DVTFilePath:0x7fd32a0b0ae0:'/Users/sa02/Library/Developer/Xcode/Archives/2018-02-13/POS_API_Sample 2018-02-13 19.50.xcarchive/Products/Applications/POS_API_Sample.app'>'>: {
    "application-identifier" = "24SXCE6USQ.jp.co.tb-group.pas";
    "com.apple.developer.team-identifier" = 24SXCE6USQ;
    "get-task-allow" = 0;
    "keychain-access-groups" =     (
        "24SXCE6USQ.jp.co.tb-group.pas"
    );
}
2018-02-13 10:51:21 +0000  Writing entitlements for <IDEDistributionItem: 0x7fd329c03560 'jp.co.tb-group.pas' '<DVTFilePath:0x7fd32a0b0ae0:'/Users/sa02/Library/Developer/Xcode/Archives/2018-02-13/POS_API_Sample 2018-02-13 19.50.xcarchive/Products/Applications/POS_API_Sample.app'>'> to: /var/folders/mn/wprwsw3x4zz70mtpjhg1vwc80000gn/T/XcodeDistPipeline.HEE/entitlementsBDmODP
2018-02-13 10:51:21 +0000  Running /usr/bin/codesign '-vvv' '--force' '--sign' '0DD703895F960B0CDBEE3D23BB978EC89A516025' '--preserve-metadata=identifier,flags' '--entitlements' '/var/folders/mn/wprwsw3x4zz70mtpjhg1vwc80000gn/T/XcodeDistPipeline.HEE/entitlementsBDmODP' '/var/folders/mn/wprwsw3x4zz70mtpjhg1vwc80000gn/T/XcodeDistPipeline.HEE/Root/Payload/POS_API_Sample.app'
2018-02-13 10:51:22 +0000  /var/folders/mn/wprwsw3x4zz70mtpjhg1vwc80000gn/T/XcodeDistPipeline.HEE/Root/Payload/POS_API_Sample.app: replacing existing signature
2018-02-13 10:51:22 +0000  /var/folders/mn/wprwsw3x4zz70mtpjhg1vwc80000gn/T/XcodeDistPipeline.HEE/Root/Payload/POS_API_Sample.app: signed app bundle with Mach-O universal (armv7 arm64) [jp.co.tb-group.pas]
2018-02-13 10:51:22 +0000  2018-02-13 10:51:22 +0000  

2018-02-13 10:51:22 +0000  
2018-02-13 10:51:22 +0000  
2018-02-13 10:51:22 +0000  
2018-02-13 10:51:22 +0000  /usr/bin/codesign exited with 0
2018-02-13 10:51:22 +0000  
2018-02-13 10:51:22 +0000  Processing step: IDEDistributionStreamingZipItemStep
2018-02-13 10:51:22 +0000  Skipping step: IDEDistributionStreamingZipItemStep because it said so
2018-02-13 10:51:22 +0000  Skipping step: IDEDistributionStreamingZipItemStep because it said so
2018-02-13 10:51:22 +0000  Processing step: IDEDistributionCreateIPAStep
2018-02-13 10:51:22 +0000  Running /usr/bin/ditto '-V' '-c' '-k' '--norsrc' '/var/folders/mn/wprwsw3x4zz70mtpjhg1vwc80000gn/T/XcodeDistPipeline.HEE/Root' '/var/folders/mn/wprwsw3x4zz70mtpjhg1vwc80000gn/T/XcodeDistPipeline.HEE/Packages/POS_API_Sample.ipa'
2018-02-13 10:51:22 +0000  >>> Copying /var/folders/mn/wprwsw3x4zz70mtpjhg1vwc80000gn/T/XcodeDistPipeline.HEE/Root 
2018-02-13 10:51:22 +0000  copying file ./Payload/POS_API_Sample.app/_CodeSignature/CodeResources ... 
2018-02-13 10:51:22 +0000  20249 bytes for ./Payload/POS_API_Sample.app/_CodeSignature/CodeResources
copying file ./Payload/POS_API_Sample.app/Logo.bmp ... 
2018-02-13 10:51:22 +0000  339894 bytes for ./Payload/POS_API_Sample.app/Logo.bmp
copying file ./Payload/POS_API_Sample.app/CheckBox_Vista-Off.png ... 
2018-02-13 10:51:22 +0000  682 bytes for ./Payload/POS_API_Sample.app/CheckBox_Vista-Off.png
copying file ./Payload/POS_API_Sample.app/POS_API_Sample ... 
2018-02-13 10:51:22 +0000  785808 bytes for ./Payload/POS_API_Sample.app/POS_API_Sample
copying file ./Payload/POS_API_Sample.app/Android_RadioButton-Off.png ... 
2018-02-13 10:51:22 +0000  858 bytes for ./Payload/POS_API_Sample.app/Android_RadioButton-Off.png
copying file ./Payload/POS_API_Sample.app/Base.lproj/LaunchScreen.nib ... 
2510 bytes for ./Payload/POS_API_Sample.app/Base.lproj/LaunchScreen.nib
copying file ./Payload/POS_API_Sample.app/Base.lproj/Main.storyboardc/BLEScanViewController.nib/objects-11.0+.nib ... 
2018-02-13 10:51:22 +0000  2619 bytes for ./Payload/POS_API_Sample.app/Base.lproj/Main.storyboardc/BLEScanViewController.nib/objects-11.0+.nib
copying file ./Payload/POS_API_Sample.app/Base.lproj/Main.storyboardc/BLEScanViewController.nib/runtime.nib ... 
2626 bytes for ./Payload/POS_API_Sample.app/Base.lproj/Main.storyboardc/BLEScanViewController.nib/runtime.nib
2018-02-13 10:51:22 +0000  copying file ./Payload/POS_API_Sample.app/Base.lproj/Main.storyboardc/S98-6Z-hrg-view-TNy-cS-fCO.nib/objects-11.0+.nib ... 
2018-02-13 10:51:22 +0000  14247 bytes for ./Payload/POS_API_Sample.app/Base.lproj/Main.storyboardc/S98-6Z-hrg-view-TNy-cS-fCO.nib/objects-11.0+.nib
copying file ./Payload/POS_API_Sample.app/Base.lproj/Main.storyboardc/S98-6Z-hrg-view-TNy-cS-fCO.nib/runtime.nib ... 
2018-02-13 10:51:22 +0000  14248 bytes for ./Payload/POS_API_Sample.app/Base.lproj/Main.storyboardc/S98-6Z-hrg-view-TNy-cS-fCO.nib/runtime.nib
2018-02-13 10:51:22 +0000  copying file ./Payload/POS_API_Sample.app/Base.lproj/Main.storyboardc/UINavigationController-IIm-N5-nA1.nib/objects-11.0+.nib ... 
2601 bytes for ./Payload/POS_API_Sample.app/Base.lproj/Main.storyboardc/UINavigationController-IIm-N5-nA1.nib/objects-11.0+.nib
copying file ./Payload/POS_API_Sample.app/Base.lproj/Main.storyboardc/UINavigationController-IIm-N5-nA1.nib/runtime.nib ... 
2018-02-13 10:51:22 +0000  2603 bytes for ./Payload/POS_API_Sample.app/Base.lproj/Main.storyboardc/UINavigationController-IIm-N5-nA1.nib/runtime.nib
copying file ./Payload/POS_API_Sample.app/Base.lproj/Main.storyboardc/ScannerTestViewController.nib/objects-11.0+.nib ... 
2018-02-13 10:51:22 +0000  1227 bytes for ./Payload/POS_API_Sample.app/Base.lproj/Main.storyboardc/ScannerTestViewController.nib/objects-11.0+.nib
copying file ./Payload/POS_API_Sample.app/Base.lproj/Main.storyboardc/ScannerTestViewController.nib/runtime.nib ... 
1227 bytes for ./Payload/POS_API_Sample.app/Base.lproj/Main.storyboardc/ScannerTestViewController.nib/runtime.nib
2018-02-13 10:51:22 +0000  copying file ./Payload/POS_API_Sample.app/Base.lproj/Main.storyboardc/oVH-49-9gq-view-NEX-NI-JSd.nib/objects-11.0+.nib ... 
2018-02-13 10:51:22 +0000  41089 bytes for ./Payload/POS_API_Sample.app/Base.lproj/Main.storyboardc/oVH-49-9gq-view-NEX-NI-JSd.nib/objects-11.0+.nib
copying file ./Payload/POS_API_Sample.app/Base.lproj/Main.storyboardc/oVH-49-9gq-view-NEX-NI-JSd.nib/runtime.nib ... 
2018-02-13 10:51:22 +0000  41087 bytes for ./Payload/POS_API_Sample.app/Base.lproj/Main.storyboardc/oVH-49-9gq-view-NEX-NI-JSd.nib/runtime.nib
2018-02-13 10:51:22 +0000  copying file ./Payload/POS_API_Sample.app/Base.lproj/Main.storyboardc/YRd-GR-agd-view-dCj-p3-0Ph.nib/objects-11.0+.nib ... 
2018-02-13 10:51:22 +0000  24344 bytes for ./Payload/POS_API_Sample.app/Base.lproj/Main.storyboardc/YRd-GR-agd-view-dCj-p3-0Ph.nib/objects-11.0+.nib
copying file ./Payload/POS_API_Sample.app/Base.lproj/Main.storyboardc/YRd-GR-agd-view-dCj-p3-0Ph.nib/runtime.nib ... 
2018-02-13 10:51:22 +0000  24347 bytes for ./Payload/POS_API_Sample.app/Base.lproj/Main.storyboardc/YRd-GR-agd-view-dCj-p3-0Ph.nib/runtime.nib
2018-02-13 10:51:22 +0000  copying file ./Payload/POS_API_Sample.app/Base.lproj/Main.storyboardc/fjI-jl-KHY-view-1eN-lW-i7Z.nib/objects-11.0+.nib ... 
2018-02-13 10:51:22 +0000  20393 bytes for ./Payload/POS_API_Sample.app/Base.lproj/Main.storyboardc/fjI-jl-KHY-view-1eN-lW-i7Z.nib/objects-11.0+.nib
copying file ./Payload/POS_API_Sample.app/Base.lproj/Main.storyboardc/fjI-jl-KHY-view-1eN-lW-i7Z.nib/runtime.nib ... 
2018-02-13 10:51:22 +0000  20393 bytes for ./Payload/POS_API_Sample.app/Base.lproj/Main.storyboardc/fjI-jl-KHY-view-1eN-lW-i7Z.nib/runtime.nib
2018-02-13 10:51:22 +0000  copying file ./Payload/POS_API_Sample.app/Base.lproj/Main.storyboardc/6rA-Eb-qiq-view-7FZ-z7-SHd.nib/objects-11.0+.nib ... 
2018-02-13 10:51:22 +0000  8434 bytes for ./Payload/POS_API_Sample.app/Base.lproj/Main.storyboardc/6rA-Eb-qiq-view-7FZ-z7-SHd.nib/objects-11.0+.nib
copying file ./Payload/POS_API_Sample.app/Base.lproj/Main.storyboardc/6rA-Eb-qiq-view-7FZ-z7-SHd.nib/runtime.nib ... 
2018-02-13 10:51:22 +0000  8431 bytes for ./Payload/POS_API_Sample.app/Base.lproj/Main.storyboardc/6rA-Eb-qiq-view-7FZ-z7-SHd.nib/runtime.nib
2018-02-13 10:51:22 +0000  copying file ./Payload/POS_API_Sample.app/Base.lproj/Main.storyboardc/g2J-D0-BkH-view-Xby-xz-aar.nib/objects-11.0+.nib ... 
2018-02-13 10:51:22 +0000  19529 bytes for ./Payload/POS_API_Sample.app/Base.lproj/Main.storyboardc/g2J-D0-BkH-view-Xby-xz-aar.nib/objects-11.0+.nib
copying file ./Payload/POS_API_Sample.app/Base.lproj/Main.storyboardc/g2J-D0-BkH-view-Xby-xz-aar.nib/runtime.nib ... 
2018-02-13 10:51:22 +0000  19539 bytes for ./Payload/POS_API_Sample.app/Base.lproj/Main.storyboardc/g2J-D0-BkH-view-Xby-xz-aar.nib/runtime.nib
2018-02-13 10:51:22 +0000  copying file ./Payload/POS_API_Sample.app/Base.lproj/Main.storyboardc/ComPortSetupViewController.nib/objects-11.0+.nib ... 
1232 bytes for ./Payload/POS_API_Sample.app/Base.lproj/Main.storyboardc/ComPortSetupViewController.nib/objects-11.0+.nib
copying file ./Payload/POS_API_Sample.app/Base.lproj/Main.storyboardc/ComPortSetupViewController.nib/runtime.nib ... 
2018-02-13 10:51:22 +0000  1232 bytes for ./Payload/POS_API_Sample.app/Base.lproj/Main.storyboardc/ComPortSetupViewController.nib/runtime.nib
copying file ./Payload/POS_API_Sample.app/Base.lproj/Main.storyboardc/Info.plist ... 
601 bytes for ./Payload/POS_API_Sample.app/Base.lproj/Main.storyboardc/Info.plist
copying file ./Payload/POS_API_Sample.app/Base.lproj/Main.storyboardc/CashDrawerControlViewController.nib/objects-11.0+.nib ... 
2018-02-13 10:51:22 +0000  1247 bytes for ./Payload/POS_API_Sample.app/Base.lproj/Main.storyboardc/CashDrawerControlViewController.nib/objects-11.0+.nib
copying file ./Payload/POS_API_Sample.app/Base.lproj/Main.storyboardc/CashDrawerControlViewController.nib/runtime.nib ... 
2018-02-13 10:51:22 +0000  1247 bytes for ./Payload/POS_API_Sample.app/Base.lproj/Main.storyboardc/CashDrawerControlViewController.nib/runtime.nib
copying file ./Payload/POS_API_Sample.app/Base.lproj/Main.storyboardc/PrinterTestViewController.nib/objects-11.0+.nib ... 
2018-02-13 10:51:22 +0000  1227 bytes for ./Payload/POS_API_Sample.app/Base.lproj/Main.storyboardc/PrinterTestViewController.nib/objects-11.0+.nib
copying file ./Payload/POS_API_Sample.app/Base.lproj/Main.storyboardc/PrinterTestViewController.nib/runtime.nib ... 
1227 bytes for ./Payload/POS_API_Sample.app/Base.lproj/Main.storyboardc/PrinterTestViewController.nib/runtime.nib
2018-02-13 10:51:22 +0000  copying file ./Payload/POS_API_Sample.app/upce.jpg ... 
2018-02-13 10:51:22 +0000  13869 bytes for ./Payload/POS_API_Sample.app/upce.jpg
copying file ./Payload/POS_API_Sample.app/archived-expanded-entitlements.xcent ... 
374 bytes for ./Payload/POS_API_Sample.app/archived-expanded-entitlements.xcent
copying file ./Payload/POS_API_Sample.app/RadioButton_Vista-On.png ... 
2018-02-13 10:51:22 +0000  1803 bytes for ./Payload/POS_API_Sample.app/RadioButton_Vista-On.png
copying file ./Payload/POS_API_Sample.app/576x576.bmp ... 
2018-02-13 10:51:22 +0000  995382 bytes for ./Payload/POS_API_Sample.app/576x576.bmp
copying file ./Payload/POS_API_Sample.app/Android_RadioButton-On.png ... 
2018-02-13 10:51:22 +0000  1003 bytes for ./Payload/POS_API_Sample.app/Android_RadioButton-On.png
copying file ./Payload/POS_API_Sample.app/Assets.car ... 
2018-02-13 10:51:22 +0000  23656 bytes for ./Payload/POS_API_Sample.app/Assets.car
2018-02-13 10:51:22 +0000  copying file ./Payload/POS_API_Sample.app/RadioButton_Vista-Off.png ... 
1125 bytes for ./Payload/POS_API_Sample.app/RadioButton_Vista-Off.png
copying file ./Payload/POS_API_Sample.app/AppIcon76x76@2x~ipad.png ... 
2018-02-13 10:51:22 +0000  3164 bytes for ./Payload/POS_API_Sample.app/AppIcon76x76@2x~ipad.png
copying file ./Payload/POS_API_Sample.app/isbn.png ... 
2018-02-13 10:51:22 +0000  17764 bytes for ./Payload/POS_API_Sample.app/isbn.png
copying file ./Payload/POS_API_Sample.app/black.bmp ... 
2018-02-13 10:51:22 +0000  56278 bytes for ./Payload/POS_API_Sample.app/black.bmp
2018-02-13 10:51:22 +0000  copying file ./Payload/POS_API_Sample.app/Frameworks/FTKit.framework/_CodeSignature/CodeResources ... 
2202 bytes for ./Payload/POS_API_Sample.app/Frameworks/FTKit.framework/_CodeSignature/CodeResources
copying file ./Payload/POS_API_Sample.app/Frameworks/FTKit.framework/FTKit ... 
2018-02-13 10:51:22 +0000  437200 bytes for ./Payload/POS_API_Sample.app/Frameworks/FTKit.framework/FTKit
copying file ./Payload/POS_API_Sample.app/Frameworks/FTKit.framework/Info.plist ... 
2018-02-13 10:51:22 +0000  732 bytes for ./Payload/POS_API_Sample.app/Frameworks/FTKit.framework/Info.plist
copying file ./Payload/POS_API_Sample.app/ComboBox_Vista-Arrow.png ... 
395 bytes for ./Payload/POS_API_Sample.app/ComboBox_Vista-Arrow.png
copying file ./Payload/POS_API_Sample.app/embedded.mobileprovision ... 
2018-02-13 10:51:22 +0000  12649 bytes for ./Payload/POS_API_Sample.app/embedded.mobileprovision
2018-02-13 10:51:22 +0000  copying file ./Payload/POS_API_Sample.app/Data/senddatatest.dat ... 
2018-02-13 10:51:22 +0000  11305 bytes for ./Payload/POS_API_Sample.app/Data/senddatatest.dat
2018-02-13 10:51:22 +0000  copying file ./Payload/POS_API_Sample.app/Data/printSampleReceipt-2x1.dat ... 
2018-02-13 10:51:22 +0000  24039 bytes for ./Payload/POS_API_Sample.app/Data/printSampleReceipt-2x1.dat
2018-02-13 10:51:22 +0000  copying file ./Payload/POS_API_Sample.app/Data/senddatatest3.dat ... 
2018-02-13 10:51:22 +0000  5742 bytes for ./Payload/POS_API_Sample.app/Data/senddatatest3.dat
copying file ./Payload/POS_API_Sample.app/Data/senddatatest2.dat ... 
2018-02-13 10:51:22 +0000  1200 bytes for ./Payload/POS_API_Sample.app/Data/senddatatest2.dat
copying file ./Payload/POS_API_Sample.app/Data/print576x576-pageMode.dat ... 
2018-02-13 10:51:22 +0000  41328 bytes for ./Payload/POS_API_Sample.app/Data/print576x576-pageMode.dat
2018-02-13 10:51:22 +0000  copying file ./Payload/POS_API_Sample.app/CheckBox_Vista-On.png ... 
1463 bytes for ./Payload/POS_API_Sample.app/CheckBox_Vista-On.png
copying file ./Payload/POS_API_Sample.app/Info.plist ... 
2018-02-13 10:51:22 +0000  2052 bytes for ./Payload/POS_API_Sample.app/Info.plist
copying file ./Payload/POS_API_Sample.app/PkgInfo ... 
2018-02-13 10:51:22 +0000  8 bytes for ./Payload/POS_API_Sample.app/PkgInfo
copying file ./Payload/POS_API_Sample.app/AppIcon76x76~ipad.png ... 
2018-02-13 10:51:22 +0000  1231 bytes for ./Payload/POS_API_Sample.app/AppIcon76x76~ipad.png
2018-02-13 10:51:22 +0000  
2018-02-13 10:51:22 +0000  2018-02-13 10:51:22 +0000  /usr/bin/ditto exited with 0
2018-02-13 10:51:22 +0000  

2018-02-13 10:51:22 +0000  
2018-02-13 10:51:22 +0000  Processing step: IDEDistributionCreateManifestStep
