2018-07-11 04:22:26 +0000  Initial pipeline context: <IDEDistributionProcessingPipelineContext: 0x7f855ba989c0; archive(resolved)='<IDEArchive: 0x7f8560891f50>', distributionTask(resolved)='2', distributionMethod(resolved)='<IDEDistributionMethodAdHoc: 0x7f855f5d90a0>', team(resolved)='<IDEProvisioningBasicTeam: 0x7f8561233550; teamID='24SXCE6USQ', teamName='TB Group inc.'>'>
	Chain (11, self inclusive):
	<IDEDistributionProcessingPipelineContext: 0x7f855ba989c0; archive = '<IDEArchive: 0x7f8560891f50>', distributionMethod='<IDEDistributionMethodAdHoc: 0x7f855f5d90a0>', team='<IDEProvisioningBasicTeam: 0x7f8561233550; teamID='24SXCE6USQ', teamName='TB Group inc.'>'>
	<IDEDistributionProcessingPipelineContext: 0x7f8561243ef0; archive = '<IDEArchive: 0x7f8560891f50>', distributionMethod='<IDEDistributionMethodAdHoc: 0x7f855f5d90a0>', team='<IDEProvisioningBasicTeam: 0x7f8561233550; teamID='24SXCE6USQ', teamName='TB Group inc.'>'>
	<IDEDistributionContext: 0x7f855babd540; archive = '<IDEArchive: 0x7f8560891f50>', distributionMethod='<IDEDistributionMethodAdHoc: 0x7f855f5d90a0>', team='<IDEProvisioningBasicTeam: 0x7f8561233550; teamID='24SXCE6USQ', teamName='TB Group inc.'>'>
	<IDEDistributionContext: 0x7f855f5ebc20; archive = '<IDEArchive: 0x7f8560891f50>', distributionMethod='<IDEDistributionMethodAdHoc: 0x7f855f5d90a0>', team='<IDEProvisioningBasicTeam: 0x7f8561233550; teamID='24SXCE6USQ', teamName='TB Group inc.'>'>
	<IDEDistributionContext: 0x7f856121e5d0; archive = '<IDEArchive: 0x7f8560891f50>', distributionMethod='<IDEDistributionMethodAdHoc: 0x7f855f5d90a0>', team='<IDEProvisioningBasicTeam: 0x7f8561233550; teamID='24SXCE6USQ', teamName='TB Group inc.'>'>
	<IDEDistributionContext: 0x7f8561229210; archive = '<IDEArchive: 0x7f8560891f50>', distributionMethod='<IDEDistributionMethodAdHoc: 0x7f855f5d90a0>', team='<IDEProvisioningBasicTeam: 0x7f8561233550; teamID='24SXCE6USQ', teamName='TB Group inc.'>'>
	<IDEDistributionContext: 0x7f8561242380; archive = '<IDEArchive: 0x7f8560891f50>', distributionMethod='<IDEDistributionMethodAdHoc: 0x7f855f5d90a0>', team='<IDEProvisioningBasicTeam: 0x7f8561233550; teamID='24SXCE6USQ', teamName='TB Group inc.'>'>
	<IDEDistributionContext: 0x7f856121fd10; archive = '<IDEArchive: 0x7f8560891f50>', distributionMethod='<IDEDistributionMethodAdHoc: 0x7f855f5d90a0>', team='<IDEProvisioningBasicTeam: 0x7f8561233550; teamID='24SXCE6USQ', teamName='TB Group inc.'>'>
	<IDEDistributionContext: 0x7f8560cad300; archive = '<IDEArchive: 0x7f8560891f50>', distributionMethod='<IDEDistributionMethodAdHoc: 0x7f855f5d90a0>', team='<IDEProvisioningBasicTeam: 0x7f8561233550; teamID='24SXCE6USQ', teamName='TB Group inc.'>'>
	<IDEDistributionContext: 0x7f8560c33930; archive = '<IDEArchive: 0x7f8560891f50>', distributionMethod='<IDEDistributionMethodAdHoc: 0x7f855f5d90a0>', team='(null)'>
	<IDEDistributionContext: 0x7f85606a2cc0; archive = '<IDEArchive: 0x7f8560891f50>', distributionMethod='(null)', team='(null)'>
</IDEDistributionProcessingPipelineContext: 0x7f855ba989c0>
2018-07-11 04:22:26 +0000  Processing step: IDEDistributionCreateDestRootStep
2018-07-11 04:22:26 +0000  Processing step: IDEDistributionCopyItemStep
2018-07-11 04:22:26 +0000  Running /usr/bin/ditto '-V' '/Users/sa02/Library/Developer/Xcode/Archives/2018-07-11/TBGBTDisplayControllerSample 2018-07-11 13.21.xcarchive/Products/Applications/TBGBTDisplayControllerSample.app' '/var/folders/mn/wprwsw3x4zz70mtpjhg1vwc80000gn/T/XcodeDistPipeline.WI7/Root/Payload/TBGBTDisplayControllerSample.app'
2018-07-11 04:22:26 +0000  >>> Copying /Users/sa02/Library/Developer/Xcode/Archives/2018-07-11/TBGBTDisplayControllerSample 2018-07-11 13.21.xcarchive/Products/Applications/TBGBTDisplayControllerSample.app 
2018-07-11 04:22:26 +0000  copying file ./_CodeSignature/CodeResources ... 
2018-07-11 04:22:26 +0000  11133 bytes for ./_CodeSignature/CodeResources
2018-07-11 04:22:26 +0000  copying file ./TBGBTDisplayControllerSample ... 
2018-07-11 04:22:26 +0000  195952 bytes for ./TBGBTDisplayControllerSample
2018-07-11 04:22:26 +0000  copying file ./AppIcon72x72@2x~ipad.png ... 
2018-07-11 04:22:26 +0000  60979 bytes for ./AppIcon72x72@2x~ipad.png
2018-07-11 04:22:26 +0000  copying file ./deadPixelTest.bin ... 
2018-07-11 04:22:26 +0000  800 bytes for ./deadPixelTest.bin
2018-07-11 04:22:26 +0000  copying file ./AppIcon29x29~ipad.png ... 
2018-07-11 04:22:26 +0000  19844 bytes for ./AppIcon29x29~ipad.png
copying file ./tb_group_logo.bin ... 
2018-07-11 04:22:26 +0000  800 bytes for ./tb_group_logo.bin
2018-07-11 04:22:26 +0000  copying file ./Base.lproj/Main.storyboardc/UIViewController-BYZ-38-t0r.nib ... 
2018-07-11 04:22:26 +0000  964 bytes for ./Base.lproj/Main.storyboardc/UIViewController-BYZ-38-t0r.nib
copying file ./Base.lproj/Main.storyboardc/BYZ-38-t0r-view-8bC-Xf-vdC.nib ... 
2018-07-11 04:22:26 +0000  27933 bytes for ./Base.lproj/Main.storyboardc/BYZ-38-t0r-view-8bC-Xf-vdC.nib
copying file ./Base.lproj/Main.storyboardc/Info.plist ... 
2018-07-11 04:22:26 +0000  258 bytes for ./Base.lproj/Main.storyboardc/Info.plist
2018-07-11 04:22:26 +0000  copying file ./Base.lproj/LaunchScreen.storyboardc/01J-lp-oVM-view-Ze5-6b-2t3.nib ... 
2018-07-11 04:22:26 +0000  1791 bytes for ./Base.lproj/LaunchScreen.storyboardc/01J-lp-oVM-view-Ze5-6b-2t3.nib
copying file ./Base.lproj/LaunchScreen.storyboardc/UIViewController-01J-lp-oVM.nib ... 
2018-07-11 04:22:26 +0000  832 bytes for ./Base.lproj/LaunchScreen.storyboardc/UIViewController-01J-lp-oVM.nib
copying file ./Base.lproj/LaunchScreen.storyboardc/Info.plist ... 
2018-07-11 04:22:26 +0000  258 bytes for ./Base.lproj/LaunchScreen.storyboardc/Info.plist
2018-07-11 04:22:26 +0000  copying file ./Assets.car ... 
2018-07-11 04:22:26 +0000  246328 bytes for ./Assets.car
2018-07-11 04:22:26 +0000  copying file ./AppIcon40x40@2x~ipad.png ... 
2018-07-11 04:22:26 +0000  33262 bytes for ./AppIcon40x40@2x~ipad.png
copying file ./AppIcon76x76@2x~ipad.png ... 
2018-07-11 04:22:26 +0000  65119 bytes for ./AppIcon76x76@2x~ipad.png
2018-07-11 04:22:26 +0000  copying file ./AppIcon72x72~ipad.png ... 
2018-07-11 04:22:26 +0000  30597 bytes for ./AppIcon72x72~ipad.png
copying file ./AppIcon83.5x83.5@2x~ipad.png ... 
2018-07-11 04:22:26 +0000  72560 bytes for ./AppIcon83.5x83.5@2x~ipad.png
copying file ./AppIcon50x50~ipad.png ... 
2018-07-11 04:22:26 +0000  24028 bytes for ./AppIcon50x50~ipad.png
copying file ./AppIcon29x29@2x~ipad.png ... 
2018-07-11 04:22:26 +0000  26113 bytes for ./AppIcon29x29@2x~ipad.png
2018-07-11 04:22:26 +0000  copying file ./AppIcon50x50@2x~ipad.png ... 
2018-07-11 04:22:26 +0000  40812 bytes for ./AppIcon50x50@2x~ipad.png
copying file ./AppIcon40x40~ipad.png ... 
2018-07-11 04:22:26 +0000  21897 bytes for ./AppIcon40x40~ipad.png
2018-07-11 04:22:26 +0000  copying file ./Frameworks/TBGBTDisplayController.framework/_CodeSignature/CodeResources ... 
2018-07-11 04:22:26 +0000  2482 bytes for ./Frameworks/TBGBTDisplayController.framework/_CodeSignature/CodeResources
2018-07-11 04:22:26 +0000  copying file ./Frameworks/TBGBTDisplayController.framework/TBGBTDisplayController ... 
2018-07-11 04:22:26 +0000  297376 bytes for ./Frameworks/TBGBTDisplayController.framework/TBGBTDisplayController
copying file ./Frameworks/TBGBTDisplayController.framework/VERSION ... 
2018-07-11 04:22:26 +0000  4 bytes for ./Frameworks/TBGBTDisplayController.framework/VERSION
copying file ./Frameworks/TBGBTDisplayController.framework/Info.plist ... 
2018-07-11 04:22:26 +0000  800 bytes for ./Frameworks/TBGBTDisplayController.framework/Info.plist
2018-07-11 04:22:26 +0000  copying file ./AppIcon20x20~ipad.png ... 
2018-07-11 04:22:26 +0000  18619 bytes for ./AppIcon20x20~ipad.png
copying file ./embedded.mobileprovision ... 
2018-07-11 04:22:26 +0000  14544 bytes for ./embedded.mobileprovision
2018-07-11 04:22:26 +0000  copying file ./AppIcon20x20@2x~ipad.png ... 
2018-07-11 04:22:26 +0000  21897 bytes for ./AppIcon20x20@2x~ipad.png
copying file ./Info.plist ... 
2018-07-11 04:22:26 +0000  1542 bytes for ./Info.plist
copying file ./PkgInfo ... 
2018-07-11 04:22:26 +0000  8 bytes for ./PkgInfo
2018-07-11 04:22:26 +0000  copying file ./AppIcon76x76~ipad.png ... 
2018-07-11 04:22:26 +0000  31873 bytes for ./AppIcon76x76~ipad.png
2018-07-11 04:22:26 +0000  
2018-07-11 04:22:26 +0000  2018-07-11 04:22:26 +0000  /usr/bin/ditto exited with 0

2018-07-11 04:22:26 +0000  
2018-07-11 04:22:26 +0000  Processing step: IDEDistributionEmbedProfileStep
2018-07-11 04:22:26 +0000  Skipping profile for item: <IDEDistributionItem: 0x7f85603d0470 'jp.co.tb-group.BTDisplayController' '<DVTFilePath:0x7f8560880960:'/Users/sa02/Library/Developer/Xcode/Archives/2018-07-11/TBGBTDisplayControllerSample 2018-07-11 13.21.xcarchive/Products/Applications/TBGBTDisplayControllerSample.app/Frameworks/TBGBTDisplayController.framework'>'>
2018-07-11 04:22:26 +0000  Processing step: IDEDistributionAppThinningPlistStep
2018-07-11 04:22:26 +0000  Skipping step: IDEDistributionAppThinningPlistStep because it said so
2018-07-11 04:22:26 +0000  Processing step: IDEDistributionCompileBitcodeStep
2018-07-11 04:22:26 +0000  Skipping step: IDEDistributionCompileBitcodeStep because it said so
2018-07-11 04:22:26 +0000  Processing step: IDEDistributionCodeSlimmingStep
2018-07-11 04:22:26 +0000  Processing step: IDEDistributionCopyBCSymbolMapsStep
2018-07-11 04:22:26 +0000  Skipping step: IDEDistributionCopyBCSymbolMapsStep because it said so
2018-07-11 04:22:26 +0000  Skipping step: IDEDistributionCopyBCSymbolMapsStep because it said so
2018-07-11 04:22:26 +0000  Processing step: IDEDistributionSymbolsStep
2018-07-11 04:22:26 +0000  Skipping step: IDEDistributionSymbolsStep because it said so
2018-07-11 04:22:26 +0000  Skipping step: IDEDistributionSymbolsStep because it said so
2018-07-11 04:22:26 +0000  Processing step: IDEDistributionAppThinningStep
2018-07-11 04:22:26 +0000  Skipping step: IDEDistributionAppThinningStep because it said so
2018-07-11 04:22:26 +0000  Processing step: IDEDistributionODRStep
2018-07-11 04:22:26 +0000  Processing step: IDEDistributionStripXattrsStep
2018-07-11 04:22:26 +0000  Skipping stripping extended attributes of item: <IDEDistributionItem: 0x7f85603d0470 'jp.co.tb-group.BTDisplayController' '<DVTFilePath:0x7f8560880960:'/Users/sa02/Library/Developer/Xcode/Archives/2018-07-11/TBGBTDisplayControllerSample 2018-07-11 13.21.xcarchive/Products/Applications/TBGBTDisplayControllerSample.app/Frameworks/TBGBTDisplayController.framework'>'>
2018-07-11 04:22:26 +0000  Running /usr/bin/xattr '-crs' '/var/folders/mn/wprwsw3x4zz70mtpjhg1vwc80000gn/T/XcodeDistPipeline.WI7/Root/Payload/TBGBTDisplayControllerSample.app'
2018-07-11 04:22:27 +0000  2018-07-11 04:22:27 +0000  /usr/bin/xattr exited with 02018-07-11 04:22:27 +0000  


2018-07-11 04:22:27 +0000  Processing step: IDEDistributionCodesignStep
2018-07-11 04:22:27 +0000  Entitlements for <IDEDistributionItem: 0x7f85603d0470 'jp.co.tb-group.BTDisplayController' '<DVTFilePath:0x7f8560880960:'/Users/sa02/Library/Developer/Xcode/Archives/2018-07-11/TBGBTDisplayControllerSample 2018-07-11 13.21.xcarchive/Products/Applications/TBGBTDisplayControllerSample.app/Frameworks/TBGBTDisplayController.framework'>'>: {
}
2018-07-11 04:22:27 +0000  Writing entitlements for <IDEDistributionItem: 0x7f85603d0470 'jp.co.tb-group.BTDisplayController' '<DVTFilePath:0x7f8560880960:'/Users/sa02/Library/Developer/Xcode/Archives/2018-07-11/TBGBTDisplayControllerSample 2018-07-11 13.21.xcarchive/Products/Applications/TBGBTDisplayControllerSample.app/Frameworks/TBGBTDisplayController.framework'>'> to: /var/folders/mn/wprwsw3x4zz70mtpjhg1vwc80000gn/T/XcodeDistPipeline.WI7/entitlementsMR4nPS
2018-07-11 04:22:27 +0000  Running /usr/bin/codesign '-vvv' '--force' '--sign' '0DD703895F960B0CDBEE3D23BB978EC89A516025' '--preserve-metadata=identifier,flags' '--entitlements' '/var/folders/mn/wprwsw3x4zz70mtpjhg1vwc80000gn/T/XcodeDistPipeline.WI7/entitlementsMR4nPS' '/var/folders/mn/wprwsw3x4zz70mtpjhg1vwc80000gn/T/XcodeDistPipeline.WI7/Root/Payload/TBGBTDisplayControllerSample.app/Frameworks/TBGBTDisplayController.framework'
2018-07-11 04:22:27 +0000  /var/folders/mn/wprwsw3x4zz70mtpjhg1vwc80000gn/T/XcodeDistPipeline.WI7/Root/Payload/TBGBTDisplayControllerSample.app/Frameworks/TBGBTDisplayController.framework: replacing existing signature
2018-07-11 04:22:27 +0000  /var/folders/mn/wprwsw3x4zz70mtpjhg1vwc80000gn/T/XcodeDistPipeline.WI7/Root/Payload/TBGBTDisplayControllerSample.app/Frameworks/TBGBTDisplayController.framework: signed bundle with Mach-O universal (armv7 arm64) [jp.co.tb-group.BTDisplayController]
2018-07-11 04:22:27 +0000  
2018-07-11 04:22:27 +0000  2018-07-11 04:22:27 +0000  /usr/bin/codesign exited with 0

2018-07-11 04:22:27 +0000  
2018-07-11 04:22:27 +0000  Entitlements for <IDEDistributionItem: 0x7f856122b7e0 'jp.co.tb-group' '<DVTFilePath:0x7f8560a16a10:'/Users/sa02/Library/Developer/Xcode/Archives/2018-07-11/TBGBTDisplayControllerSample 2018-07-11 13.21.xcarchive/Products/Applications/TBGBTDisplayControllerSample.app'>'>: {
    "application-identifier" = "24SXCE6USQ.jp.co.tb-group";
    "com.apple.developer.team-identifier" = 24SXCE6USQ;
    "get-task-allow" = 0;
    "keychain-access-groups" =     (
        "24SXCE6USQ.jp.co.tb-group"
    );
}
2018-07-11 04:22:27 +0000  Writing entitlements for <IDEDistributionItem: 0x7f856122b7e0 'jp.co.tb-group' '<DVTFilePath:0x7f8560a16a10:'/Users/sa02/Library/Developer/Xcode/Archives/2018-07-11/TBGBTDisplayControllerSample 2018-07-11 13.21.xcarchive/Products/Applications/TBGBTDisplayControllerSample.app'>'> to: /var/folders/mn/wprwsw3x4zz70mtpjhg1vwc80000gn/T/XcodeDistPipeline.WI7/entitlementsk4UTrW
2018-07-11 04:22:27 +0000  Running /usr/bin/codesign '-vvv' '--force' '--sign' '0DD703895F960B0CDBEE3D23BB978EC89A516025' '--preserve-metadata=identifier,flags' '--entitlements' '/var/folders/mn/wprwsw3x4zz70mtpjhg1vwc80000gn/T/XcodeDistPipeline.WI7/entitlementsk4UTrW' '/var/folders/mn/wprwsw3x4zz70mtpjhg1vwc80000gn/T/XcodeDistPipeline.WI7/Root/Payload/TBGBTDisplayControllerSample.app'
2018-07-11 04:22:27 +0000  /var/folders/mn/wprwsw3x4zz70mtpjhg1vwc80000gn/T/XcodeDistPipeline.WI7/Root/Payload/TBGBTDisplayControllerSample.app: replacing existing signature
2018-07-11 04:22:27 +0000  /var/folders/mn/wprwsw3x4zz70mtpjhg1vwc80000gn/T/XcodeDistPipeline.WI7/Root/Payload/TBGBTDisplayControllerSample.app: signed app bundle with Mach-O universal (armv7 arm64) [jp.co.tb-group]
2018-07-11 04:22:27 +0000  
2018-07-11 04:22:27 +0000  
2018-07-11 04:22:27 +0000  2018-07-11 04:22:27 +0000  /usr/bin/codesign exited with 0
2018-07-11 04:22:27 +0000  

2018-07-11 04:22:27 +0000  Processing step: IDEDistributionStreamingZipItemStep
2018-07-11 04:22:27 +0000  Skipping step: IDEDistributionStreamingZipItemStep because it said so
2018-07-11 04:22:27 +0000  Skipping step: IDEDistributionStreamingZipItemStep because it said so
2018-07-11 04:22:27 +0000  Processing step: IDEDistributionCreateIPAStep
2018-07-11 04:22:27 +0000  Running /usr/bin/ditto '-V' '-c' '-k' '--norsrc' '/var/folders/mn/wprwsw3x4zz70mtpjhg1vwc80000gn/T/XcodeDistPipeline.WI7/Root' '/var/folders/mn/wprwsw3x4zz70mtpjhg1vwc80000gn/T/XcodeDistPipeline.WI7/Packages/TBGBTDisplayControllerSample.ipa'
2018-07-11 04:22:27 +0000  >>> Copying /var/folders/mn/wprwsw3x4zz70mtpjhg1vwc80000gn/T/XcodeDistPipeline.WI7/Root 
2018-07-11 04:22:27 +0000  copying file ./Payload/TBGBTDisplayControllerSample.app/_CodeSignature/CodeResources ... 
2018-07-11 04:22:27 +0000  11133 bytes for ./Payload/TBGBTDisplayControllerSample.app/_CodeSignature/CodeResources
copying file ./Payload/TBGBTDisplayControllerSample.app/TBGBTDisplayControllerSample ... 
2018-07-11 04:22:27 +0000  195952 bytes for ./Payload/TBGBTDisplayControllerSample.app/TBGBTDisplayControllerSample
2018-07-11 04:22:27 +0000  copying file ./Payload/TBGBTDisplayControllerSample.app/AppIcon72x72@2x~ipad.png ... 
2018-07-11 04:22:27 +0000  60979 bytes for ./Payload/TBGBTDisplayControllerSample.app/AppIcon72x72@2x~ipad.png
copying file ./Payload/TBGBTDisplayControllerSample.app/deadPixelTest.bin ... 
2018-07-11 04:22:27 +0000  800 bytes for ./Payload/TBGBTDisplayControllerSample.app/deadPixelTest.bin
copying file ./Payload/TBGBTDisplayControllerSample.app/AppIcon29x29~ipad.png ... 
2018-07-11 04:22:27 +0000  19844 bytes for ./Payload/TBGBTDisplayControllerSample.app/AppIcon29x29~ipad.png
copying file ./Payload/TBGBTDisplayControllerSample.app/tb_group_logo.bin ... 
2018-07-11 04:22:27 +0000  800 bytes for ./Payload/TBGBTDisplayControllerSample.app/tb_group_logo.bin
copying file ./Payload/TBGBTDisplayControllerSample.app/Base.lproj/Main.storyboardc/UIViewController-BYZ-38-t0r.nib ... 
2018-07-11 04:22:27 +0000  964 bytes for ./Payload/TBGBTDisplayControllerSample.app/Base.lproj/Main.storyboardc/UIViewController-BYZ-38-t0r.nib
2018-07-11 04:22:27 +0000  copying file ./Payload/TBGBTDisplayControllerSample.app/Base.lproj/Main.storyboardc/BYZ-38-t0r-view-8bC-Xf-vdC.nib ... 
2018-07-11 04:22:27 +0000  27933 bytes for ./Payload/TBGBTDisplayControllerSample.app/Base.lproj/Main.storyboardc/BYZ-38-t0r-view-8bC-Xf-vdC.nib
2018-07-11 04:22:27 +0000  copying file ./Payload/TBGBTDisplayControllerSample.app/Base.lproj/Main.storyboardc/Info.plist ... 
258 bytes for ./Payload/TBGBTDisplayControllerSample.app/Base.lproj/Main.storyboardc/Info.plist
copying file ./Payload/TBGBTDisplayControllerSample.app/Base.lproj/LaunchScreen.storyboardc/01J-lp-oVM-view-Ze5-6b-2t3.nib ... 
2018-07-11 04:22:27 +0000  1791 bytes for ./Payload/TBGBTDisplayControllerSample.app/Base.lproj/LaunchScreen.storyboardc/01J-lp-oVM-view-Ze5-6b-2t3.nib
2018-07-11 04:22:27 +0000  copying file ./Payload/TBGBTDisplayControllerSample.app/Base.lproj/LaunchScreen.storyboardc/UIViewController-01J-lp-oVM.nib ... 
2018-07-11 04:22:27 +0000  832 bytes for ./Payload/TBGBTDisplayControllerSample.app/Base.lproj/LaunchScreen.storyboardc/UIViewController-01J-lp-oVM.nib
copying file ./Payload/TBGBTDisplayControllerSample.app/Base.lproj/LaunchScreen.storyboardc/Info.plist ... 
258 bytes for ./Payload/TBGBTDisplayControllerSample.app/Base.lproj/LaunchScreen.storyboardc/Info.plist
copying file ./Payload/TBGBTDisplayControllerSample.app/Assets.car ... 
2018-07-11 04:22:27 +0000  246328 bytes for ./Payload/TBGBTDisplayControllerSample.app/Assets.car
copying file ./Payload/TBGBTDisplayControllerSample.app/AppIcon40x40@2x~ipad.png ... 
2018-07-11 04:22:27 +0000  33262 bytes for ./Payload/TBGBTDisplayControllerSample.app/AppIcon40x40@2x~ipad.png
copying file ./Payload/TBGBTDisplayControllerSample.app/AppIcon76x76@2x~ipad.png ... 
2018-07-11 04:22:27 +0000  65119 bytes for ./Payload/TBGBTDisplayControllerSample.app/AppIcon76x76@2x~ipad.png
copying file ./Payload/TBGBTDisplayControllerSample.app/AppIcon72x72~ipad.png ... 
2018-07-11 04:22:27 +0000  30597 bytes for ./Payload/TBGBTDisplayControllerSample.app/AppIcon72x72~ipad.png
copying file ./Payload/TBGBTDisplayControllerSample.app/AppIcon83.5x83.5@2x~ipad.png ... 
2018-07-11 04:22:27 +0000  72560 bytes for ./Payload/TBGBTDisplayControllerSample.app/AppIcon83.5x83.5@2x~ipad.png
copying file ./Payload/TBGBTDisplayControllerSample.app/AppIcon50x50~ipad.png ... 
2018-07-11 04:22:27 +0000  24028 bytes for ./Payload/TBGBTDisplayControllerSample.app/AppIcon50x50~ipad.png
copying file ./Payload/TBGBTDisplayControllerSample.app/AppIcon29x29@2x~ipad.png ... 
2018-07-11 04:22:27 +0000  26113 bytes for ./Payload/TBGBTDisplayControllerSample.app/AppIcon29x29@2x~ipad.png
copying file ./Payload/TBGBTDisplayControllerSample.app/AppIcon50x50@2x~ipad.png ... 
2018-07-11 04:22:27 +0000  40812 bytes for ./Payload/TBGBTDisplayControllerSample.app/AppIcon50x50@2x~ipad.png
copying file ./Payload/TBGBTDisplayControllerSample.app/AppIcon40x40~ipad.png ... 
2018-07-11 04:22:27 +0000  21897 bytes for ./Payload/TBGBTDisplayControllerSample.app/AppIcon40x40~ipad.png
2018-07-11 04:22:27 +0000  copying file ./Payload/TBGBTDisplayControllerSample.app/Frameworks/TBGBTDisplayController.framework/_CodeSignature/CodeResources ... 
2018-07-11 04:22:27 +0000  2482 bytes for ./Payload/TBGBTDisplayControllerSample.app/Frameworks/TBGBTDisplayController.framework/_CodeSignature/CodeResources
copying file ./Payload/TBGBTDisplayControllerSample.app/Frameworks/TBGBTDisplayController.framework/TBGBTDisplayController ... 
2018-07-11 04:22:27 +0000  297680 bytes for ./Payload/TBGBTDisplayControllerSample.app/Frameworks/TBGBTDisplayController.framework/TBGBTDisplayController
copying file ./Payload/TBGBTDisplayControllerSample.app/Frameworks/TBGBTDisplayController.framework/VERSION ... 
2018-07-11 04:22:27 +0000  4 bytes for ./Payload/TBGBTDisplayControllerSample.app/Frameworks/TBGBTDisplayController.framework/VERSION
copying file ./Payload/TBGBTDisplayControllerSample.app/Frameworks/TBGBTDisplayController.framework/Info.plist ... 
800 bytes for ./Payload/TBGBTDisplayControllerSample.app/Frameworks/TBGBTDisplayController.framework/Info.plist
copying file ./Payload/TBGBTDisplayControllerSample.app/AppIcon20x20~ipad.png ... 
2018-07-11 04:22:27 +0000  18619 bytes for ./Payload/TBGBTDisplayControllerSample.app/AppIcon20x20~ipad.png
copying file ./Payload/TBGBTDisplayControllerSample.app/embedded.mobileprovision ... 
2018-07-11 04:22:27 +0000  8826 bytes for ./Payload/TBGBTDisplayControllerSample.app/embedded.mobileprovision
2018-07-11 04:22:27 +0000  copying file ./Payload/TBGBTDisplayControllerSample.app/AppIcon20x20@2x~ipad.png ... 
2018-07-11 04:22:27 +0000  21897 bytes for ./Payload/TBGBTDisplayControllerSample.app/AppIcon20x20@2x~ipad.png
copying file ./Payload/TBGBTDisplayControllerSample.app/Info.plist ... 
2018-07-11 04:22:27 +0000  1542 bytes for ./Payload/TBGBTDisplayControllerSample.app/Info.plist
copying file ./Payload/TBGBTDisplayControllerSample.app/PkgInfo ... 
2018-07-11 04:22:27 +0000  8 bytes for ./Payload/TBGBTDisplayControllerSample.app/PkgInfo
copying file ./Payload/TBGBTDisplayControllerSample.app/AppIcon76x76~ipad.png ... 
2018-07-11 04:22:27 +0000  31873 bytes for ./Payload/TBGBTDisplayControllerSample.app/AppIcon76x76~ipad.png
2018-07-11 04:22:27 +0000  2018-07-11 04:22:27 +0000  

2018-07-11 04:22:27 +0000  /usr/bin/ditto exited with 0
2018-07-11 04:22:27 +0000  2018-07-11 04:22:27 +0000  

2018-07-11 04:22:27 +0000  Processing step: IDEDistributionCreateManifestStep
