2017-12-07 07:11:57 +0000  Initial pipeline context: <IDEDistributionProcessingPipelineContext: 0x7fab97262830; archive(resolved)='<IDEArchive: 0x7fab99fae750>', distributionTask(resolved)='2', distributionMethod(resolved)='<IDEDistributionMethodAdHoc: 0x7fab934c3980>', team(resolved)='<IDEProvisioningBasicTeam 0x7fab972656f0: teamID: 24SXCE6USQ, teamName: TB Group inc.>'>
	Chain (11, self inclusive):
	<IDEDistributionProcessingPipelineContext: 0x7fab97262830; archive = '<IDEArchive: 0x7fab99fae750>', distributionMethod='<IDEDistributionMethodAdHoc: 0x7fab934c3980>', team='<IDEProvisioningBasicTeam 0x7fab972656f0: teamID: 24SXCE6USQ, teamName: TB Group inc.>'>
	<IDEDistributionProcessingPipelineContext: 0x7fab9864b1e0; archive = '<IDEArchive: 0x7fab99fae750>', distributionMethod='<IDEDistributionMethodAdHoc: 0x7fab934c3980>', team='<IDEProvisioningBasicTeam 0x7fab972656f0: teamID: 24SXCE6USQ, teamName: TB Group inc.>'>
	<IDEDistributionContext: 0x7fab9a98a080; archive = '<IDEArchive: 0x7fab99fae750>', distributionMethod='<IDEDistributionMethodAdHoc: 0x7fab934c3980>', team='<IDEProvisioningBasicTeam 0x7fab972656f0: teamID: 24SXCE6USQ, teamName: TB Group inc.>'>
	<IDEDistributionContext: 0x7fab9ae2dbd0; archive = '<IDEArchive: 0x7fab99fae750>', distributionMethod='<IDEDistributionMethodAdHoc: 0x7fab934c3980>', team='<IDEProvisioningBasicTeam 0x7fab972656f0: teamID: 24SXCE6USQ, teamName: TB Group inc.>'>
	<IDEDistributionContext: 0x7fab9aa87d50; archive = '<IDEArchive: 0x7fab99fae750>', distributionMethod='<IDEDistributionMethodAdHoc: 0x7fab934c3980>', team='<IDEProvisioningBasicTeam 0x7fab972656f0: teamID: 24SXCE6USQ, teamName: TB Group inc.>'>
	<IDEDistributionContext: 0x7fab96a0d8a0; archive = '<IDEArchive: 0x7fab99fae750>', distributionMethod='<IDEDistributionMethodAdHoc: 0x7fab934c3980>', team='<IDEProvisioningBasicTeam 0x7fab972656f0: teamID: 24SXCE6USQ, teamName: TB Group inc.>'>
	<IDEDistributionContext: 0x7fab9a9882b0; archive = '<IDEArchive: 0x7fab99fae750>', distributionMethod='<IDEDistributionMethodAdHoc: 0x7fab934c3980>', team='<IDEProvisioningBasicTeam 0x7fab972656f0: teamID: 24SXCE6USQ, teamName: TB Group inc.>'>
	<IDEDistributionContext: 0x7fab997ce2f0; archive = '<IDEArchive: 0x7fab99fae750>', distributionMethod='<IDEDistributionMethodAdHoc: 0x7fab934c3980>', team='<IDEProvisioningBasicTeam 0x7fab972656f0: teamID: 24SXCE6USQ, teamName: TB Group inc.>'>
	<IDEDistributionContext: 0x7fab993a41d0; archive = '<IDEArchive: 0x7fab99fae750>', distributionMethod='<IDEDistributionMethodAdHoc: 0x7fab934c3980>', team='<IDEProvisioningBasicTeam 0x7fab972656f0: teamID: 24SXCE6USQ, teamName: TB Group inc.>'>
	<IDEDistributionContext: 0x7fab9ae5e2a0; archive = '<IDEArchive: 0x7fab99fae750>', distributionMethod='<IDEDistributionMethodAdHoc: 0x7fab934c3980>', team='(null)'>
	<IDEDistributionContext: 0x7fab98135450; archive = '<IDEArchive: 0x7fab99fae750>', distributionMethod='(null)', team='(null)'>
</IDEDistributionProcessingPipelineContext: 0x7fab97262830>
2017-12-07 07:11:57 +0000  Processing step: IDEDistributionCreateDestRootStep
2017-12-07 07:11:57 +0000  Processing step: IDEDistributionCopyItemStep
2017-12-07 07:11:58 +0000  Running /usr/bin/ditto '-V' '/Users/sa01/Library/Developer/Xcode/Archives/2017-12-07/POS_API_Sample 2017-12-07 16.11.xcarchive/Products/Applications/POS_API_Sample.app' '/var/folders/j2/68ps4d6d2zzfzl0f432hyf8w0000gn/T/XcodeDistPipeline.2Yo/Root/Payload/POS_API_Sample.app'
2017-12-07 07:11:58 +0000  >>> Copying /Users/sa01/Library/Developer/Xcode/Archives/2017-12-07/POS_API_Sample 2017-12-07 16.11.xcarchive/Products/Applications/POS_API_Sample.app 
2017-12-07 07:11:58 +0000  copying file ./_CodeSignature/CodeResources ... 
2017-12-07 07:11:58 +0000  16565 bytes for ./_CodeSignature/CodeResources
2017-12-07 07:11:58 +0000  copying file ./Android_RadioButton-Off.png ... 
2017-12-07 07:11:58 +0000  858 bytes for ./Android_RadioButton-Off.png
2017-12-07 07:11:58 +0000  copying file ./Android_RadioButton-On.png ... 
2017-12-07 07:11:58 +0000  1003 bytes for ./Android_RadioButton-On.png
2017-12-07 07:11:58 +0000  copying file ./AppIcon20x20@2x~ipad.png ... 
2017-12-07 07:11:58 +0000  1553 bytes for ./AppIcon20x20@2x~ipad.png
copying file ./AppIcon20x20~ipad.png ... 
2017-12-07 07:11:58 +0000  707 bytes for ./AppIcon20x20~ipad.png
copying file ./AppIcon29x29@2x~ipad.png ... 
2017-12-07 07:11:58 +0000  2247 bytes for ./AppIcon29x29@2x~ipad.png
2017-12-07 07:11:58 +0000  copying file ./AppIcon29x29~ipad.png ... 
2017-12-07 07:11:58 +0000  1033 bytes for ./AppIcon29x29~ipad.png
copying file ./AppIcon40x40@2x~ipad.png ... 
2017-12-07 07:11:58 +0000  2654 bytes for ./AppIcon40x40@2x~ipad.png
2017-12-07 07:11:58 +0000  copying file ./AppIcon40x40~ipad.png ... 
2017-12-07 07:11:58 +0000  1553 bytes for ./AppIcon40x40~ipad.png
2017-12-07 07:11:58 +0000  copying file ./AppIcon76x76@2x~ipad.png ... 
2017-12-07 07:11:58 +0000  5372 bytes for ./AppIcon76x76@2x~ipad.png
2017-12-07 07:11:58 +0000  copying file ./AppIcon76x76~ipad.png ... 
2017-12-07 07:11:58 +0000  2751 bytes for ./AppIcon76x76~ipad.png
copying file ./AppIcon83.5x83.5@2x~ipad.png ... 
2017-12-07 07:11:58 +0000  5864 bytes for ./AppIcon83.5x83.5@2x~ipad.png
2017-12-07 07:11:58 +0000  copying file ./archived-expanded-entitlements.xcent ... 
2017-12-07 07:11:58 +0000  386 bytes for ./archived-expanded-entitlements.xcent
2017-12-07 07:11:58 +0000  copying file ./Assets.car ... 
2017-12-07 07:11:58 +0000  50296 bytes for ./Assets.car
2017-12-07 07:11:58 +0000  copying file ./Base.lproj/LaunchScreen.nib ... 
2017-12-07 07:11:58 +0000  2512 bytes for ./Base.lproj/LaunchScreen.nib
2017-12-07 07:11:58 +0000  copying file ./Base.lproj/Main.storyboardc/6rA-Eb-qiq-view-7FZ-z7-SHd.nib ... 
2017-12-07 07:11:58 +0000  8432 bytes for ./Base.lproj/Main.storyboardc/6rA-Eb-qiq-view-7FZ-z7-SHd.nib
copying file ./Base.lproj/Main.storyboardc/BLEScanViewController.nib ... 
2017-12-07 07:11:58 +0000  1517 bytes for ./Base.lproj/Main.storyboardc/BLEScanViewController.nib
2017-12-07 07:11:58 +0000  copying file ./Base.lproj/Main.storyboardc/CashDrawerControlViewController.nib ... 
2017-12-07 07:11:58 +0000  1247 bytes for ./Base.lproj/Main.storyboardc/CashDrawerControlViewController.nib
2017-12-07 07:11:58 +0000  copying file ./Base.lproj/Main.storyboardc/ComPortSetupViewController.nib ... 
2017-12-07 07:11:58 +0000  1232 bytes for ./Base.lproj/Main.storyboardc/ComPortSetupViewController.nib
2017-12-07 07:11:58 +0000  copying file ./Base.lproj/Main.storyboardc/fjI-jl-KHY-view-1eN-lW-i7Z.nib ... 
2017-12-07 07:11:58 +0000  20391 bytes for ./Base.lproj/Main.storyboardc/fjI-jl-KHY-view-1eN-lW-i7Z.nib
2017-12-07 07:11:58 +0000  copying file ./Base.lproj/Main.storyboardc/g2J-D0-BkH-view-Xby-xz-aar.nib ... 
2017-12-07 07:11:58 +0000  18276 bytes for ./Base.lproj/Main.storyboardc/g2J-D0-BkH-view-Xby-xz-aar.nib
2017-12-07 07:11:58 +0000  copying file ./Base.lproj/Main.storyboardc/Info.plist ... 
2017-12-07 07:11:58 +0000  601 bytes for ./Base.lproj/Main.storyboardc/Info.plist
copying file ./Base.lproj/Main.storyboardc/oVH-49-9gq-view-NEX-NI-JSd.nib ... 
2017-12-07 07:11:58 +0000  41082 bytes for ./Base.lproj/Main.storyboardc/oVH-49-9gq-view-NEX-NI-JSd.nib
2017-12-07 07:11:58 +0000  copying file ./Base.lproj/Main.storyboardc/PrinterTestViewController.nib ... 
2017-12-07 07:11:58 +0000  1227 bytes for ./Base.lproj/Main.storyboardc/PrinterTestViewController.nib
copying file ./Base.lproj/Main.storyboardc/S98-6Z-hrg-view-TNy-cS-fCO.nib ... 
2017-12-07 07:11:58 +0000  14245 bytes for ./Base.lproj/Main.storyboardc/S98-6Z-hrg-view-TNy-cS-fCO.nib
2017-12-07 07:11:58 +0000  copying file ./Base.lproj/Main.storyboardc/ScannerTestViewController.nib ... 
2017-12-07 07:11:58 +0000  1227 bytes for ./Base.lproj/Main.storyboardc/ScannerTestViewController.nib
2017-12-07 07:11:58 +0000  copying file ./Base.lproj/Main.storyboardc/UINavigationController-IIm-N5-nA1.nib ... 
2017-12-07 07:11:58 +0000  2606 bytes for ./Base.lproj/Main.storyboardc/UINavigationController-IIm-N5-nA1.nib
2017-12-07 07:11:58 +0000  copying file ./Base.lproj/Main.storyboardc/YRd-GR-agd-view-dCj-p3-0Ph.nib ... 
2017-12-07 07:11:58 +0000  36518 bytes for ./Base.lproj/Main.storyboardc/YRd-GR-agd-view-dCj-p3-0Ph.nib
2017-12-07 07:11:58 +0000  copying file ./black.bmp ... 
2017-12-07 07:11:58 +0000  56278 bytes for ./black.bmp
2017-12-07 07:11:58 +0000  copying file ./CheckBox_Vista-Off.png ... 
2017-12-07 07:11:58 +0000  682 bytes for ./CheckBox_Vista-Off.png
copying file ./CheckBox_Vista-On.png ... 
2017-12-07 07:11:58 +0000  1463 bytes for ./CheckBox_Vista-On.png
copying file ./ComboBox_Vista-Arrow.png ... 
2017-12-07 07:11:58 +0000  395 bytes for ./ComboBox_Vista-Arrow.png
2017-12-07 07:11:58 +0000  copying file ./Data/printSampleReceipt-2x1.dat ... 
2017-12-07 07:11:58 +0000  24039 bytes for ./Data/printSampleReceipt-2x1.dat
2017-12-07 07:11:58 +0000  copying file ./Data/senddatatest.dat ... 
2017-12-07 07:11:58 +0000  11305 bytes for ./Data/senddatatest.dat
copying file ./Data/senddatatest2.dat ... 
2017-12-07 07:11:58 +0000  1200 bytes for ./Data/senddatatest2.dat
copying file ./Data/senddatatest3.dat ... 
2017-12-07 07:11:58 +0000  5742 bytes for ./Data/senddatatest3.dat
2017-12-07 07:11:58 +0000  copying file ./embedded.mobileprovision ... 
2017-12-07 07:11:58 +0000  14457 bytes for ./embedded.mobileprovision
2017-12-07 07:11:58 +0000  copying file ./Frameworks/FTKit.framework/_CodeSignature/CodeResources ... 
2017-12-07 07:11:58 +0000  2202 bytes for ./Frameworks/FTKit.framework/_CodeSignature/CodeResources
2017-12-07 07:11:58 +0000  copying file ./Frameworks/FTKit.framework/FTKit ... 
2017-12-07 07:11:58 +0000  440064 bytes for ./Frameworks/FTKit.framework/FTKit
copying file ./Frameworks/FTKit.framework/Info.plist ... 
2017-12-07 07:11:58 +0000  734 bytes for ./Frameworks/FTKit.framework/Info.plist
copying file ./Info.plist ... 
2017-12-07 07:11:58 +0000  2162 bytes for ./Info.plist
copying file ./isbn.png ... 
2017-12-07 07:11:58 +0000  17764 bytes for ./isbn.png
2017-12-07 07:11:58 +0000  copying file ./Logo.bmp ... 
2017-12-07 07:11:58 +0000  339894 bytes for ./Logo.bmp
copying file ./PkgInfo ... 
2017-12-07 07:11:58 +0000  8 bytes for ./PkgInfo
2017-12-07 07:11:58 +0000  copying file ./POS_API_Sample ... 
2017-12-07 07:11:58 +0000  785536 bytes for ./POS_API_Sample
copying file ./RadioButton_Vista-Off.png ... 
2017-12-07 07:11:58 +0000  1125 bytes for ./RadioButton_Vista-Off.png
2017-12-07 07:11:58 +0000  copying file ./RadioButton_Vista-On.png ... 
2017-12-07 07:11:58 +0000  1803 bytes for ./RadioButton_Vista-On.png
2017-12-07 07:11:58 +0000  copying file ./upce.jpg ... 
2017-12-07 07:11:58 +0000  13869 bytes for ./upce.jpg
2017-12-07 07:11:58 +0000  /usr/bin/ditto exited with 0
2017-12-07 07:11:58 +0000  Processing step: IDEDistributionEmbedProfileStep
2017-12-07 07:11:58 +0000  Skipping profile for item: <IDEDistributionItem: 0x7fab9430e2d0 'com.flytech.FTKit' '<DVTFilePath:0x7fab97f27f20:'/Users/sa01/Library/Developer/Xcode/Archives/2017-12-07/POS_API_Sample 2017-12-07 16.11.xcarchive/Products/Applications/POS_API_Sample.app/Frameworks/FTKit.framework'>'>
2017-12-07 07:11:58 +0000  Processing step: IDEDistributionAppThinningPlistStep
2017-12-07 07:11:58 +0000  Skipping step: IDEDistributionAppThinningPlistStep because it said so
2017-12-07 07:11:58 +0000  Processing step: IDEDistributionCompileBitcodeStep
2017-12-07 07:11:58 +0000  Skipping step: IDEDistributionCompileBitcodeStep because it said so
2017-12-07 07:11:58 +0000  Processing step: IDEDistributionCodeSlimmingStep
2017-12-07 07:11:58 +0000  Processing step: IDEDistributionCopyBCSymbolMapsStep
2017-12-07 07:11:58 +0000  Skipping step: IDEDistributionCopyBCSymbolMapsStep because it said so
2017-12-07 07:11:58 +0000  Skipping step: IDEDistributionCopyBCSymbolMapsStep because it said so
2017-12-07 07:11:58 +0000  Processing step: IDEDistributionSymbolsStep
2017-12-07 07:11:58 +0000  Skipping step: IDEDistributionSymbolsStep because it said so
2017-12-07 07:11:58 +0000  Skipping step: IDEDistributionSymbolsStep because it said so
2017-12-07 07:11:58 +0000  Processing step: IDEDistributionAppThinningStep
2017-12-07 07:11:58 +0000  Skipping step: IDEDistributionAppThinningStep because it said so
2017-12-07 07:11:58 +0000  Processing step: IDEDistributionODRStep
2017-12-07 07:11:58 +0000  Processing step: IDEDistributionStripXattrsStep
2017-12-07 07:11:58 +0000  Skipping stripping extended attributes of item: <IDEDistributionItem: 0x7fab9430e2d0 'com.flytech.FTKit' '<DVTFilePath:0x7fab97f27f20:'/Users/sa01/Library/Developer/Xcode/Archives/2017-12-07/POS_API_Sample 2017-12-07 16.11.xcarchive/Products/Applications/POS_API_Sample.app/Frameworks/FTKit.framework'>'>
2017-12-07 07:11:58 +0000  Running /usr/bin/xattr '-crs' '/var/folders/j2/68ps4d6d2zzfzl0f432hyf8w0000gn/T/XcodeDistPipeline.2Yo/Root/Payload/POS_API_Sample.app'
2017-12-07 07:12:00 +0000  /usr/bin/xattr exited with 0
2017-12-07 07:12:00 +0000  Processing step: IDEDistributionCodesignStep
2017-12-07 07:12:00 +0000  Applying entitlements delta for <IDEDistributionItem: 0x7fab9430e2d0 'com.flytech.FTKit' '<DVTFilePath:0x7fab97f27f20:'/Users/sa01/Library/Developer/Xcode/Archives/2017-12-07/POS_API_Sample 2017-12-07 16.11.xcarchive/Products/Applications/POS_API_Sample.app/Frameworks/FTKit.framework'>'> from <IDEiCloudEntitlementsProcessor: 0x7faba8bae390>: {
}
2017-12-07 07:12:00 +0000  Entitlements for <IDEDistributionItem: 0x7fab9430e2d0 'com.flytech.FTKit' '<DVTFilePath:0x7fab97f27f20:'/Users/sa01/Library/Developer/Xcode/Archives/2017-12-07/POS_API_Sample 2017-12-07 16.11.xcarchive/Products/Applications/POS_API_Sample.app/Frameworks/FTKit.framework'>'>: {
}
2017-12-07 07:12:00 +0000  Writing entitlements for <IDEDistributionItem: 0x7fab9430e2d0 'com.flytech.FTKit' '<DVTFilePath:0x7fab97f27f20:'/Users/sa01/Library/Developer/Xcode/Archives/2017-12-07/POS_API_Sample 2017-12-07 16.11.xcarchive/Products/Applications/POS_API_Sample.app/Frameworks/FTKit.framework'>'> to: /var/folders/j2/68ps4d6d2zzfzl0f432hyf8w0000gn/T/XcodeDistPipeline.2Yo/entitlementsl5mc9Y
2017-12-07 07:12:00 +0000  Running /usr/bin/codesign '-vvv' '--force' '--sign' '693C4A43D1F5C43AFF79A680B44B0771F0632ED7' '--preserve-metadata=identifier,flags' '--entitlements' '/var/folders/j2/68ps4d6d2zzfzl0f432hyf8w0000gn/T/XcodeDistPipeline.2Yo/entitlementsl5mc9Y' '/var/folders/j2/68ps4d6d2zzfzl0f432hyf8w0000gn/T/XcodeDistPipeline.2Yo/Root/Payload/POS_API_Sample.app/Frameworks/FTKit.framework'
2017-12-07 07:12:00 +0000  /var/folders/j2/68ps4d6d2zzfzl0f432hyf8w0000gn/T/XcodeDistPipeline.2Yo/Root/Payload/POS_API_Sample.app/Frameworks/FTKit.framework: replacing existing signature
2017-12-07 07:12:00 +0000  /var/folders/j2/68ps4d6d2zzfzl0f432hyf8w0000gn/T/XcodeDistPipeline.2Yo/Root/Payload/POS_API_Sample.app/Frameworks/FTKit.framework: signed bundle with Mach-O universal (i386 armv7 x86_64 arm64) [com.flytech.FTKit]
2017-12-07 07:12:00 +0000  /usr/bin/codesign exited with 0
2017-12-07 07:12:00 +0000  Applying entitlements delta for <IDEDistributionItem: 0x7fab994b36f0 'jp.co.tb-group.posapismp' '<DVTFilePath:0x7fab94472720:'/Users/sa01/Library/Developer/Xcode/Archives/2017-12-07/POS_API_Sample 2017-12-07 16.11.xcarchive/Products/Applications/POS_API_Sample.app'>'> from <IDEiCloudEntitlementsProcessor: 0x7fab98206e70>: {
}
2017-12-07 07:12:00 +0000  Entitlements for <IDEDistributionItem: 0x7fab994b36f0 'jp.co.tb-group.posapismp' '<DVTFilePath:0x7fab94472720:'/Users/sa01/Library/Developer/Xcode/Archives/2017-12-07/POS_API_Sample 2017-12-07 16.11.xcarchive/Products/Applications/POS_API_Sample.app'>'>: {
    "application-identifier" = "24SXCE6USQ.jp.co.tb-group.posapismp";
    "com.apple.developer.team-identifier" = 24SXCE6USQ;
    "get-task-allow" = 0;
    "keychain-access-groups" =     (
        "24SXCE6USQ.jp.co.tb-group.posapismp"
    );
}
2017-12-07 07:12:00 +0000  Writing entitlements for <IDEDistributionItem: 0x7fab994b36f0 'jp.co.tb-group.posapismp' '<DVTFilePath:0x7fab94472720:'/Users/sa01/Library/Developer/Xcode/Archives/2017-12-07/POS_API_Sample 2017-12-07 16.11.xcarchive/Products/Applications/POS_API_Sample.app'>'> to: /var/folders/j2/68ps4d6d2zzfzl0f432hyf8w0000gn/T/XcodeDistPipeline.2Yo/entitlementsmXRWdk
2017-12-07 07:12:00 +0000  Running /usr/bin/codesign '-vvv' '--force' '--sign' '693C4A43D1F5C43AFF79A680B44B0771F0632ED7' '--preserve-metadata=identifier,flags' '--entitlements' '/var/folders/j2/68ps4d6d2zzfzl0f432hyf8w0000gn/T/XcodeDistPipeline.2Yo/entitlementsmXRWdk' '/var/folders/j2/68ps4d6d2zzfzl0f432hyf8w0000gn/T/XcodeDistPipeline.2Yo/Root/Payload/POS_API_Sample.app'
2017-12-07 07:12:00 +0000  /var/folders/j2/68ps4d6d2zzfzl0f432hyf8w0000gn/T/XcodeDistPipeline.2Yo/Root/Payload/POS_API_Sample.app: replacing existing signature
2017-12-07 07:12:00 +0000  /var/folders/j2/68ps4d6d2zzfzl0f432hyf8w0000gn/T/XcodeDistPipeline.2Yo/Root/Payload/POS_API_Sample.app: signed app bundle with Mach-O universal (armv7 arm64) [jp.co.tb-group.posapismp]
2017-12-07 07:12:00 +0000  /usr/bin/codesign exited with 0
2017-12-07 07:12:00 +0000  Processing step: IDEDistributionStreamingZipItemStep
2017-12-07 07:12:00 +0000  Skipping step: IDEDistributionStreamingZipItemStep because it said so
2017-12-07 07:12:00 +0000  Skipping step: IDEDistributionStreamingZipItemStep because it said so
2017-12-07 07:12:00 +0000  Processing step: IDEDistributionCreateIPAStep
2017-12-07 07:12:00 +0000  Running /usr/bin/ditto '-V' '-c' '-k' '--norsrc' '/var/folders/j2/68ps4d6d2zzfzl0f432hyf8w0000gn/T/XcodeDistPipeline.2Yo/Root' '/var/folders/j2/68ps4d6d2zzfzl0f432hyf8w0000gn/T/XcodeDistPipeline.2Yo/Packages/POS_API_Sample.ipa'
2017-12-07 07:12:00 +0000  >>> Copying /var/folders/j2/68ps4d6d2zzfzl0f432hyf8w0000gn/T/XcodeDistPipeline.2Yo/Root 
2017-12-07 07:12:00 +0000  copying file ./Payload/POS_API_Sample.app/_CodeSignature/CodeResources ... 
2017-12-07 07:12:00 +0000  16565 bytes for ./Payload/POS_API_Sample.app/_CodeSignature/CodeResources
2017-12-07 07:12:00 +0000  copying file ./Payload/POS_API_Sample.app/Android_RadioButton-Off.png ... 
2017-12-07 07:12:00 +0000  858 bytes for ./Payload/POS_API_Sample.app/Android_RadioButton-Off.png
2017-12-07 07:12:00 +0000  copying file ./Payload/POS_API_Sample.app/Android_RadioButton-On.png ... 
2017-12-07 07:12:00 +0000  1003 bytes for ./Payload/POS_API_Sample.app/Android_RadioButton-On.png
copying file ./Payload/POS_API_Sample.app/AppIcon20x20@2x~ipad.png ... 
2017-12-07 07:12:00 +0000  1553 bytes for ./Payload/POS_API_Sample.app/AppIcon20x20@2x~ipad.png
copying file ./Payload/POS_API_Sample.app/AppIcon20x20~ipad.png ... 
2017-12-07 07:12:00 +0000  707 bytes for ./Payload/POS_API_Sample.app/AppIcon20x20~ipad.png
copying file ./Payload/POS_API_Sample.app/AppIcon29x29@2x~ipad.png ... 
2017-12-07 07:12:00 +0000  2247 bytes for ./Payload/POS_API_Sample.app/AppIcon29x29@2x~ipad.png
2017-12-07 07:12:00 +0000  copying file ./Payload/POS_API_Sample.app/AppIcon29x29~ipad.png ... 
2017-12-07 07:12:00 +0000  1033 bytes for ./Payload/POS_API_Sample.app/AppIcon29x29~ipad.png
2017-12-07 07:12:00 +0000  copying file ./Payload/POS_API_Sample.app/AppIcon40x40@2x~ipad.png ... 
2017-12-07 07:12:00 +0000  2654 bytes for ./Payload/POS_API_Sample.app/AppIcon40x40@2x~ipad.png
copying file ./Payload/POS_API_Sample.app/AppIcon40x40~ipad.png ... 
2017-12-07 07:12:00 +0000  1553 bytes for ./Payload/POS_API_Sample.app/AppIcon40x40~ipad.png
copying file ./Payload/POS_API_Sample.app/AppIcon76x76@2x~ipad.png ... 
2017-12-07 07:12:00 +0000  5372 bytes for ./Payload/POS_API_Sample.app/AppIcon76x76@2x~ipad.png
copying file ./Payload/POS_API_Sample.app/AppIcon76x76~ipad.png ... 
2017-12-07 07:12:00 +0000  2751 bytes for ./Payload/POS_API_Sample.app/AppIcon76x76~ipad.png
copying file ./Payload/POS_API_Sample.app/AppIcon83.5x83.5@2x~ipad.png ... 
2017-12-07 07:12:00 +0000  5864 bytes for ./Payload/POS_API_Sample.app/AppIcon83.5x83.5@2x~ipad.png
copying file ./Payload/POS_API_Sample.app/archived-expanded-entitlements.xcent ... 
2017-12-07 07:12:00 +0000  386 bytes for ./Payload/POS_API_Sample.app/archived-expanded-entitlements.xcent
copying file ./Payload/POS_API_Sample.app/Assets.car ... 
2017-12-07 07:12:00 +0000  50296 bytes for ./Payload/POS_API_Sample.app/Assets.car
2017-12-07 07:12:00 +0000  copying file ./Payload/POS_API_Sample.app/Base.lproj/LaunchScreen.nib ... 
2017-12-07 07:12:00 +0000  2512 bytes for ./Payload/POS_API_Sample.app/Base.lproj/LaunchScreen.nib
copying file ./Payload/POS_API_Sample.app/Base.lproj/Main.storyboardc/6rA-Eb-qiq-view-7FZ-z7-SHd.nib ... 
2017-12-07 07:12:00 +0000  8432 bytes for ./Payload/POS_API_Sample.app/Base.lproj/Main.storyboardc/6rA-Eb-qiq-view-7FZ-z7-SHd.nib
2017-12-07 07:12:00 +0000  copying file ./Payload/POS_API_Sample.app/Base.lproj/Main.storyboardc/BLEScanViewController.nib ... 
2017-12-07 07:12:00 +0000  1517 bytes for ./Payload/POS_API_Sample.app/Base.lproj/Main.storyboardc/BLEScanViewController.nib
copying file ./Payload/POS_API_Sample.app/Base.lproj/Main.storyboardc/CashDrawerControlViewController.nib ... 
2017-12-07 07:12:00 +0000  1247 bytes for ./Payload/POS_API_Sample.app/Base.lproj/Main.storyboardc/CashDrawerControlViewController.nib
copying file ./Payload/POS_API_Sample.app/Base.lproj/Main.storyboardc/ComPortSetupViewController.nib ... 
2017-12-07 07:12:00 +0000  1232 bytes for ./Payload/POS_API_Sample.app/Base.lproj/Main.storyboardc/ComPortSetupViewController.nib
copying file ./Payload/POS_API_Sample.app/Base.lproj/Main.storyboardc/fjI-jl-KHY-view-1eN-lW-i7Z.nib ... 
2017-12-07 07:12:00 +0000  20391 bytes for ./Payload/POS_API_Sample.app/Base.lproj/Main.storyboardc/fjI-jl-KHY-view-1eN-lW-i7Z.nib
2017-12-07 07:12:00 +0000  copying file ./Payload/POS_API_Sample.app/Base.lproj/Main.storyboardc/g2J-D0-BkH-view-Xby-xz-aar.nib ... 
2017-12-07 07:12:00 +0000  18276 bytes for ./Payload/POS_API_Sample.app/Base.lproj/Main.storyboardc/g2J-D0-BkH-view-Xby-xz-aar.nib
copying file ./Payload/POS_API_Sample.app/Base.lproj/Main.storyboardc/Info.plist ... 
2017-12-07 07:12:00 +0000  601 bytes for ./Payload/POS_API_Sample.app/Base.lproj/Main.storyboardc/Info.plist
copying file ./Payload/POS_API_Sample.app/Base.lproj/Main.storyboardc/oVH-49-9gq-view-NEX-NI-JSd.nib ... 
2017-12-07 07:12:00 +0000  41082 bytes for ./Payload/POS_API_Sample.app/Base.lproj/Main.storyboardc/oVH-49-9gq-view-NEX-NI-JSd.nib
copying file ./Payload/POS_API_Sample.app/Base.lproj/Main.storyboardc/PrinterTestViewController.nib ... 
2017-12-07 07:12:00 +0000  1227 bytes for ./Payload/POS_API_Sample.app/Base.lproj/Main.storyboardc/PrinterTestViewController.nib
copying file ./Payload/POS_API_Sample.app/Base.lproj/Main.storyboardc/S98-6Z-hrg-view-TNy-cS-fCO.nib ... 
2017-12-07 07:12:00 +0000  14245 bytes for ./Payload/POS_API_Sample.app/Base.lproj/Main.storyboardc/S98-6Z-hrg-view-TNy-cS-fCO.nib
copying file ./Payload/POS_API_Sample.app/Base.lproj/Main.storyboardc/ScannerTestViewController.nib ... 
2017-12-07 07:12:00 +0000  1227 bytes for ./Payload/POS_API_Sample.app/Base.lproj/Main.storyboardc/ScannerTestViewController.nib
copying file ./Payload/POS_API_Sample.app/Base.lproj/Main.storyboardc/UINavigationController-IIm-N5-nA1.nib ... 
2017-12-07 07:12:00 +0000  2606 bytes for ./Payload/POS_API_Sample.app/Base.lproj/Main.storyboardc/UINavigationController-IIm-N5-nA1.nib
copying file ./Payload/POS_API_Sample.app/Base.lproj/Main.storyboardc/YRd-GR-agd-view-dCj-p3-0Ph.nib ... 
2017-12-07 07:12:00 +0000  36518 bytes for ./Payload/POS_API_Sample.app/Base.lproj/Main.storyboardc/YRd-GR-agd-view-dCj-p3-0Ph.nib
2017-12-07 07:12:00 +0000  copying file ./Payload/POS_API_Sample.app/black.bmp ... 
2017-12-07 07:12:00 +0000  56278 bytes for ./Payload/POS_API_Sample.app/black.bmp
2017-12-07 07:12:00 +0000  copying file ./Payload/POS_API_Sample.app/CheckBox_Vista-Off.png ... 
2017-12-07 07:12:00 +0000  682 bytes for ./Payload/POS_API_Sample.app/CheckBox_Vista-Off.png
copying file ./Payload/POS_API_Sample.app/CheckBox_Vista-On.png ... 
2017-12-07 07:12:00 +0000  1463 bytes for ./Payload/POS_API_Sample.app/CheckBox_Vista-On.png
copying file ./Payload/POS_API_Sample.app/ComboBox_Vista-Arrow.png ... 
2017-12-07 07:12:00 +0000  395 bytes for ./Payload/POS_API_Sample.app/ComboBox_Vista-Arrow.png
2017-12-07 07:12:00 +0000  copying file ./Payload/POS_API_Sample.app/Data/printSampleReceipt-2x1.dat ... 
2017-12-07 07:12:00 +0000  24039 bytes for ./Payload/POS_API_Sample.app/Data/printSampleReceipt-2x1.dat
copying file ./Payload/POS_API_Sample.app/Data/senddatatest.dat ... 
2017-12-07 07:12:00 +0000  11305 bytes for ./Payload/POS_API_Sample.app/Data/senddatatest.dat
copying file ./Payload/POS_API_Sample.app/Data/senddatatest2.dat ... 
2017-12-07 07:12:00 +0000  1200 bytes for ./Payload/POS_API_Sample.app/Data/senddatatest2.dat
copying file ./Payload/POS_API_Sample.app/Data/senddatatest3.dat ... 
2017-12-07 07:12:00 +0000  5742 bytes for ./Payload/POS_API_Sample.app/Data/senddatatest3.dat
2017-12-07 07:12:00 +0000  copying file ./Payload/POS_API_Sample.app/embedded.mobileprovision ... 
2017-12-07 07:12:00 +0000  8746 bytes for ./Payload/POS_API_Sample.app/embedded.mobileprovision
2017-12-07 07:12:00 +0000  copying file ./Payload/POS_API_Sample.app/Frameworks/FTKit.framework/_CodeSignature/CodeResources ... 
2017-12-07 07:12:00 +0000  2202 bytes for ./Payload/POS_API_Sample.app/Frameworks/FTKit.framework/_CodeSignature/CodeResources
copying file ./Payload/POS_API_Sample.app/Frameworks/FTKit.framework/FTKit ... 
2017-12-07 07:12:00 +0000  440368 bytes for ./Payload/POS_API_Sample.app/Frameworks/FTKit.framework/FTKit
2017-12-07 07:12:00 +0000  copying file ./Payload/POS_API_Sample.app/Frameworks/FTKit.framework/Info.plist ... 
734 bytes for ./Payload/POS_API_Sample.app/Frameworks/FTKit.framework/Info.plist
2017-12-07 07:12:00 +0000  copying file ./Payload/POS_API_Sample.app/Info.plist ... 
2017-12-07 07:12:00 +0000  2162 bytes for ./Payload/POS_API_Sample.app/Info.plist
copying file ./Payload/POS_API_Sample.app/isbn.png ... 
2017-12-07 07:12:00 +0000  17764 bytes for ./Payload/POS_API_Sample.app/isbn.png
copying file ./Payload/POS_API_Sample.app/Logo.bmp ... 
2017-12-07 07:12:00 +0000  339894 bytes for ./Payload/POS_API_Sample.app/Logo.bmp
copying file ./Payload/POS_API_Sample.app/PkgInfo ... 
2017-12-07 07:12:00 +0000  8 bytes for ./Payload/POS_API_Sample.app/PkgInfo
copying file ./Payload/POS_API_Sample.app/POS_API_Sample ... 
2017-12-07 07:12:00 +0000  785552 bytes for ./Payload/POS_API_Sample.app/POS_API_Sample
copying file ./Payload/POS_API_Sample.app/RadioButton_Vista-Off.png ... 
2017-12-07 07:12:00 +0000  1125 bytes for ./Payload/POS_API_Sample.app/RadioButton_Vista-Off.png
copying file ./Payload/POS_API_Sample.app/RadioButton_Vista-On.png ... 
2017-12-07 07:12:00 +0000  1803 bytes for ./Payload/POS_API_Sample.app/RadioButton_Vista-On.png
copying file ./Payload/POS_API_Sample.app/upce.jpg ... 
2017-12-07 07:12:00 +0000  13869 bytes for ./Payload/POS_API_Sample.app/upce.jpg
2017-12-07 07:12:00 +0000  /usr/bin/ditto exited with 0
2017-12-07 07:12:00 +0000  Processing step: IDEDistributionCreateManifestStep
