2018-01-27 06:17:30 +0000  Initial pipeline context: <IDEDistributionProcessingPipelineContext: 0x7ff3d777cb40; archive(resolved)='<IDEArchive: 0x7ff3d59302f0>', distributionTask(resolved)='2', distributionMethod(resolved)='<IDEDistributionMethodAdHoc: 0x7ff3ebcf8ff0>', team(resolved)='<IDEProvisioningBasicTeam 0x7ff3d77331a0: teamID: 24SXCE6USQ, teamName: TB Group inc.>'>
	Chain (11, self inclusive):
	<IDEDistributionProcessingPipelineContext: 0x7ff3d777cb40; archive = '<IDEArchive: 0x7ff3d59302f0>', distributionMethod='<IDEDistributionMethodAdHoc: 0x7ff3ebcf8ff0>', team='<IDEProvisioningBasicTeam 0x7ff3d77331a0: teamID: 24SXCE6USQ, teamName: TB Group inc.>'>
	<IDEDistributionProcessingPipelineContext: 0x7ff3d4e9db00; archive = '<IDEArchive: 0x7ff3d59302f0>', distributionMethod='<IDEDistributionMethodAdHoc: 0x7ff3ebcf8ff0>', team='<IDEProvisioningBasicTeam 0x7ff3d77331a0: teamID: 24SXCE6USQ, teamName: TB Group inc.>'>
	<IDEDistributionContext: 0x7ff3edfa4560; archive = '<IDEArchive: 0x7ff3d59302f0>', distributionMethod='<IDEDistributionMethodAdHoc: 0x7ff3ebcf8ff0>', team='<IDEProvisioningBasicTeam 0x7ff3d77331a0: teamID: 24SXCE6USQ, teamName: TB Group inc.>'>
	<IDEDistributionContext: 0x7ff3d7778390; archive = '<IDEArchive: 0x7ff3d59302f0>', distributionMethod='<IDEDistributionMethodAdHoc: 0x7ff3ebcf8ff0>', team='<IDEProvisioningBasicTeam 0x7ff3d77331a0: teamID: 24SXCE6USQ, teamName: TB Group inc.>'>
	<IDEDistributionContext: 0x7ff3d71c6b50; archive = '<IDEArchive: 0x7ff3d59302f0>', distributionMethod='<IDEDistributionMethodAdHoc: 0x7ff3ebcf8ff0>', team='<IDEProvisioningBasicTeam 0x7ff3d77331a0: teamID: 24SXCE6USQ, teamName: TB Group inc.>'>
	<IDEDistributionContext: 0x7ff3ea680e40; archive = '<IDEArchive: 0x7ff3d59302f0>', distributionMethod='<IDEDistributionMethodAdHoc: 0x7ff3ebcf8ff0>', team='<IDEProvisioningBasicTeam 0x7ff3d77331a0: teamID: 24SXCE6USQ, teamName: TB Group inc.>'>
	<IDEDistributionContext: 0x7ff3edee7e70; archive = '<IDEArchive: 0x7ff3d59302f0>', distributionMethod='<IDEDistributionMethodAdHoc: 0x7ff3ebcf8ff0>', team='<IDEProvisioningBasicTeam 0x7ff3d77331a0: teamID: 24SXCE6USQ, teamName: TB Group inc.>'>
	<IDEDistributionContext: 0x7ff3d71242e0; archive = '<IDEArchive: 0x7ff3d59302f0>', distributionMethod='<IDEDistributionMethodAdHoc: 0x7ff3ebcf8ff0>', team='<IDEProvisioningBasicTeam 0x7ff3d77331a0: teamID: 24SXCE6USQ, teamName: TB Group inc.>'>
	<IDEDistributionContext: 0x7ff3ea05b970; archive = '<IDEArchive: 0x7ff3d59302f0>', distributionMethod='<IDEDistributionMethodAdHoc: 0x7ff3ebcf8ff0>', team='<IDEProvisioningBasicTeam 0x7ff3d77331a0: teamID: 24SXCE6USQ, teamName: TB Group inc.>'>
	<IDEDistributionContext: 0x7ff3ea0573a0; archive = '<IDEArchive: 0x7ff3d59302f0>', distributionMethod='<IDEDistributionMethodAdHoc: 0x7ff3ebcf8ff0>', team='(null)'>
	<IDEDistributionContext: 0x7ff3ea04c920; archive = '<IDEArchive: 0x7ff3d59302f0>', distributionMethod='(null)', team='(null)'>
</IDEDistributionProcessingPipelineContext: 0x7ff3d777cb40>
2018-01-27 06:17:30 +0000  Processing step: IDEDistributionCreateDestRootStep
2018-01-27 06:17:30 +0000  Processing step: IDEDistributionCopyItemStep
2018-01-27 06:17:30 +0000  Running /usr/bin/ditto '-V' '/Users/sa01/Library/Developer/Xcode/Archives/2018-01-27/POS_API_Sample 2018-01-27 15.14.xcarchive/Products/Applications/POS_API_Sample.app' '/var/folders/j2/68ps4d6d2zzfzl0f432hyf8w0000gn/T/XcodeDistPipeline.Jk5/Root/Payload/POS_API_Sample.app'
2018-01-27 06:17:30 +0000  >>> Copying /Users/sa01/Library/Developer/Xcode/Archives/2018-01-27/POS_API_Sample 2018-01-27 15.14.xcarchive/Products/Applications/POS_API_Sample.app 
2018-01-27 06:17:30 +0000  copying file ./576x576.bmp ... 
2018-01-27 06:17:31 +0000  995382 bytes for ./576x576.bmp
2018-01-27 06:17:31 +0000  copying file ./_CodeSignature/CodeResources ... 
2018-01-27 06:17:31 +0000  20249 bytes for ./_CodeSignature/CodeResources
2018-01-27 06:17:31 +0000  copying file ./Android_RadioButton-Off.png ... 
2018-01-27 06:17:31 +0000  858 bytes for ./Android_RadioButton-Off.png
2018-01-27 06:17:31 +0000  copying file ./Android_RadioButton-On.png ... 
2018-01-27 06:17:31 +0000  1003 bytes for ./Android_RadioButton-On.png
2018-01-27 06:17:31 +0000  copying file ./AppIcon76x76@2x~ipad.png ... 
2018-01-27 06:17:31 +0000  3164 bytes for ./AppIcon76x76@2x~ipad.png
2018-01-27 06:17:31 +0000  copying file ./AppIcon76x76~ipad.png ... 
2018-01-27 06:17:31 +0000  1231 bytes for ./AppIcon76x76~ipad.png
copying file ./archived-expanded-entitlements.xcent ... 
2018-01-27 06:17:31 +0000  374 bytes for ./archived-expanded-entitlements.xcent
copying file ./Assets.car ... 
2018-01-27 06:17:31 +0000  23656 bytes for ./Assets.car
copying file ./Base.lproj/LaunchScreen.nib ... 
2018-01-27 06:17:31 +0000  2511 bytes for ./Base.lproj/LaunchScreen.nib
2018-01-27 06:17:31 +0000  copying file ./Base.lproj/Main.storyboardc/6rA-Eb-qiq-view-7FZ-z7-SHd.nib/objects-11.0+.nib ... 
2018-01-27 06:17:31 +0000  8431 bytes for ./Base.lproj/Main.storyboardc/6rA-Eb-qiq-view-7FZ-z7-SHd.nib/objects-11.0+.nib
2018-01-27 06:17:31 +0000  copying file ./Base.lproj/Main.storyboardc/6rA-Eb-qiq-view-7FZ-z7-SHd.nib/runtime.nib ... 
2018-01-27 06:17:31 +0000  8438 bytes for ./Base.lproj/Main.storyboardc/6rA-Eb-qiq-view-7FZ-z7-SHd.nib/runtime.nib
copying file ./Base.lproj/Main.storyboardc/BLEScanViewController.nib/objects-11.0+.nib ... 
2018-01-27 06:17:31 +0000  1529 bytes for ./Base.lproj/Main.storyboardc/BLEScanViewController.nib/objects-11.0+.nib
copying file ./Base.lproj/Main.storyboardc/BLEScanViewController.nib/runtime.nib ... 
2018-01-27 06:17:31 +0000  1529 bytes for ./Base.lproj/Main.storyboardc/BLEScanViewController.nib/runtime.nib
2018-01-27 06:17:31 +0000  copying file ./Base.lproj/Main.storyboardc/CashDrawerControlViewController.nib/objects-11.0+.nib ... 
2018-01-27 06:17:31 +0000  1247 bytes for ./Base.lproj/Main.storyboardc/CashDrawerControlViewController.nib/objects-11.0+.nib
2018-01-27 06:17:31 +0000  copying file ./Base.lproj/Main.storyboardc/CashDrawerControlViewController.nib/runtime.nib ... 
2018-01-27 06:17:31 +0000  1247 bytes for ./Base.lproj/Main.storyboardc/CashDrawerControlViewController.nib/runtime.nib
2018-01-27 06:17:31 +0000  copying file ./Base.lproj/Main.storyboardc/ComPortSetupViewController.nib/objects-11.0+.nib ... 
2018-01-27 06:17:31 +0000  1232 bytes for ./Base.lproj/Main.storyboardc/ComPortSetupViewController.nib/objects-11.0+.nib
2018-01-27 06:17:31 +0000  copying file ./Base.lproj/Main.storyboardc/ComPortSetupViewController.nib/runtime.nib ... 
2018-01-27 06:17:31 +0000  1232 bytes for ./Base.lproj/Main.storyboardc/ComPortSetupViewController.nib/runtime.nib
2018-01-27 06:17:31 +0000  copying file ./Base.lproj/Main.storyboardc/fjI-jl-KHY-view-1eN-lW-i7Z.nib/objects-11.0+.nib ... 
2018-01-27 06:17:31 +0000  20377 bytes for ./Base.lproj/Main.storyboardc/fjI-jl-KHY-view-1eN-lW-i7Z.nib/objects-11.0+.nib
2018-01-27 06:17:31 +0000  copying file ./Base.lproj/Main.storyboardc/fjI-jl-KHY-view-1eN-lW-i7Z.nib/runtime.nib ... 
2018-01-27 06:17:31 +0000  20380 bytes for ./Base.lproj/Main.storyboardc/fjI-jl-KHY-view-1eN-lW-i7Z.nib/runtime.nib
2018-01-27 06:17:31 +0000  copying file ./Base.lproj/Main.storyboardc/g2J-D0-BkH-view-Xby-xz-aar.nib/objects-11.0+.nib ... 
2018-01-27 06:17:31 +0000  19757 bytes for ./Base.lproj/Main.storyboardc/g2J-D0-BkH-view-Xby-xz-aar.nib/objects-11.0+.nib
2018-01-27 06:17:31 +0000  copying file ./Base.lproj/Main.storyboardc/g2J-D0-BkH-view-Xby-xz-aar.nib/runtime.nib ... 
2018-01-27 06:17:31 +0000  19751 bytes for ./Base.lproj/Main.storyboardc/g2J-D0-BkH-view-Xby-xz-aar.nib/runtime.nib
2018-01-27 06:17:31 +0000  copying file ./Base.lproj/Main.storyboardc/Info.plist ... 
2018-01-27 06:17:31 +0000  601 bytes for ./Base.lproj/Main.storyboardc/Info.plist
2018-01-27 06:17:31 +0000  copying file ./Base.lproj/Main.storyboardc/oVH-49-9gq-view-NEX-NI-JSd.nib/objects-11.0+.nib ... 
2018-01-27 06:17:31 +0000  41090 bytes for ./Base.lproj/Main.storyboardc/oVH-49-9gq-view-NEX-NI-JSd.nib/objects-11.0+.nib
copying file ./Base.lproj/Main.storyboardc/oVH-49-9gq-view-NEX-NI-JSd.nib/runtime.nib ... 
2018-01-27 06:17:31 +0000  41081 bytes for ./Base.lproj/Main.storyboardc/oVH-49-9gq-view-NEX-NI-JSd.nib/runtime.nib
2018-01-27 06:17:31 +0000  copying file ./Base.lproj/Main.storyboardc/PrinterTestViewController.nib/objects-11.0+.nib ... 
2018-01-27 06:17:31 +0000  1227 bytes for ./Base.lproj/Main.storyboardc/PrinterTestViewController.nib/objects-11.0+.nib
2018-01-27 06:17:31 +0000  copying file ./Base.lproj/Main.storyboardc/PrinterTestViewController.nib/runtime.nib ... 
2018-01-27 06:17:31 +0000  1227 bytes for ./Base.lproj/Main.storyboardc/PrinterTestViewController.nib/runtime.nib
2018-01-27 06:17:31 +0000  copying file ./Base.lproj/Main.storyboardc/S98-6Z-hrg-view-TNy-cS-fCO.nib/objects-11.0+.nib ... 
2018-01-27 06:17:31 +0000  14261 bytes for ./Base.lproj/Main.storyboardc/S98-6Z-hrg-view-TNy-cS-fCO.nib/objects-11.0+.nib
copying file ./Base.lproj/Main.storyboardc/S98-6Z-hrg-view-TNy-cS-fCO.nib/runtime.nib ... 
2018-01-27 06:17:31 +0000  14244 bytes for ./Base.lproj/Main.storyboardc/S98-6Z-hrg-view-TNy-cS-fCO.nib/runtime.nib
copying file ./Base.lproj/Main.storyboardc/ScannerTestViewController.nib/objects-11.0+.nib ... 
2018-01-27 06:17:31 +0000  1227 bytes for ./Base.lproj/Main.storyboardc/ScannerTestViewController.nib/objects-11.0+.nib
2018-01-27 06:17:31 +0000  copying file ./Base.lproj/Main.storyboardc/ScannerTestViewController.nib/runtime.nib ... 
2018-01-27 06:17:31 +0000  1227 bytes for ./Base.lproj/Main.storyboardc/ScannerTestViewController.nib/runtime.nib
2018-01-27 06:17:31 +0000  copying file ./Base.lproj/Main.storyboardc/UINavigationController-IIm-N5-nA1.nib/objects-11.0+.nib ... 
2018-01-27 06:17:31 +0000  2602 bytes for ./Base.lproj/Main.storyboardc/UINavigationController-IIm-N5-nA1.nib/objects-11.0+.nib
copying file ./Base.lproj/Main.storyboardc/UINavigationController-IIm-N5-nA1.nib/runtime.nib ... 
2018-01-27 06:17:31 +0000  2601 bytes for ./Base.lproj/Main.storyboardc/UINavigationController-IIm-N5-nA1.nib/runtime.nib
2018-01-27 06:17:31 +0000  copying file ./Base.lproj/Main.storyboardc/YRd-GR-agd-view-dCj-p3-0Ph.nib/objects-11.0+.nib ... 
2018-01-27 06:17:31 +0000  24358 bytes for ./Base.lproj/Main.storyboardc/YRd-GR-agd-view-dCj-p3-0Ph.nib/objects-11.0+.nib
copying file ./Base.lproj/Main.storyboardc/YRd-GR-agd-view-dCj-p3-0Ph.nib/runtime.nib ... 
2018-01-27 06:17:31 +0000  24332 bytes for ./Base.lproj/Main.storyboardc/YRd-GR-agd-view-dCj-p3-0Ph.nib/runtime.nib
2018-01-27 06:17:31 +0000  copying file ./black.bmp ... 
2018-01-27 06:17:31 +0000  56278 bytes for ./black.bmp
copying file ./CheckBox_Vista-Off.png ... 
2018-01-27 06:17:31 +0000  682 bytes for ./CheckBox_Vista-Off.png
copying file ./CheckBox_Vista-On.png ... 
2018-01-27 06:17:31 +0000  1463 bytes for ./CheckBox_Vista-On.png
copying file ./ComboBox_Vista-Arrow.png ... 
2018-01-27 06:17:31 +0000  395 bytes for ./ComboBox_Vista-Arrow.png
2018-01-27 06:17:31 +0000  copying file ./Data/print576x576-pageMode.dat ... 
2018-01-27 06:17:31 +0000  41328 bytes for ./Data/print576x576-pageMode.dat
copying file ./Data/printSampleReceipt-2x1.dat ... 
2018-01-27 06:17:31 +0000  24039 bytes for ./Data/printSampleReceipt-2x1.dat
2018-01-27 06:17:31 +0000  copying file ./Data/senddatatest.dat ... 
2018-01-27 06:17:31 +0000  11305 bytes for ./Data/senddatatest.dat
2018-01-27 06:17:31 +0000  copying file ./Data/senddatatest2.dat ... 
2018-01-27 06:17:31 +0000  1200 bytes for ./Data/senddatatest2.dat
copying file ./Data/senddatatest3.dat ... 
2018-01-27 06:17:31 +0000  5742 bytes for ./Data/senddatatest3.dat
2018-01-27 06:17:31 +0000  copying file ./embedded.mobileprovision ... 
2018-01-27 06:17:31 +0000  14552 bytes for ./embedded.mobileprovision
2018-01-27 06:17:31 +0000  copying file ./Frameworks/FTKit.framework/_CodeSignature/CodeResources ... 
2018-01-27 06:17:31 +0000  2202 bytes for ./Frameworks/FTKit.framework/_CodeSignature/CodeResources
2018-01-27 06:17:31 +0000  copying file ./Frameworks/FTKit.framework/FTKit ... 
2018-01-27 06:17:31 +0000  440064 bytes for ./Frameworks/FTKit.framework/FTKit
2018-01-27 06:17:31 +0000  copying file ./Frameworks/FTKit.framework/Info.plist ... 
2018-01-27 06:17:31 +0000  734 bytes for ./Frameworks/FTKit.framework/Info.plist
2018-01-27 06:17:31 +0000  copying file ./Info.plist ... 
2018-01-27 06:17:31 +0000  2095 bytes for ./Info.plist
2018-01-27 06:17:31 +0000  copying file ./isbn.png ... 
2018-01-27 06:17:31 +0000  17764 bytes for ./isbn.png
copying file ./Logo.bmp ... 
2018-01-27 06:17:31 +0000  339894 bytes for ./Logo.bmp
2018-01-27 06:17:31 +0000  copying file ./PkgInfo ... 
2018-01-27 06:17:31 +0000  8 bytes for ./PkgInfo
2018-01-27 06:17:31 +0000  copying file ./POS_API_Sample ... 
2018-01-27 06:17:31 +0000  1065312 bytes for ./POS_API_Sample
copying file ./RadioButton_Vista-Off.png ... 
2018-01-27 06:17:31 +0000  1125 bytes for ./RadioButton_Vista-Off.png
2018-01-27 06:17:31 +0000  copying file ./RadioButton_Vista-On.png ... 
2018-01-27 06:17:31 +0000  1803 bytes for ./RadioButton_Vista-On.png
2018-01-27 06:17:31 +0000  copying file ./upce.jpg ... 
2018-01-27 06:17:31 +0000  13869 bytes for ./upce.jpg
2018-01-27 06:17:31 +0000  /usr/bin/ditto exited with 0
2018-01-27 06:17:31 +0000  Processing step: IDEDistributionEmbedProfileStep
2018-01-27 06:17:31 +0000  Skipping profile for item: <IDEDistributionItem: 0x7ff3f4264ef0 'com.flytech.FTKit' '<DVTFilePath:0x7ff3ea56a0b0:'/Users/sa01/Library/Developer/Xcode/Archives/2018-01-27/POS_API_Sample 2018-01-27 15.14.xcarchive/Products/Applications/POS_API_Sample.app/Frameworks/FTKit.framework'>'>
2018-01-27 06:17:31 +0000  Processing step: IDEDistributionAppThinningPlistStep
2018-01-27 06:17:31 +0000  Skipping step: IDEDistributionAppThinningPlistStep because it said so
2018-01-27 06:17:31 +0000  Processing step: IDEDistributionCompileBitcodeStep
2018-01-27 06:17:31 +0000  Skipping step: IDEDistributionCompileBitcodeStep because it said so
2018-01-27 06:17:31 +0000  Processing step: IDEDistributionCodeSlimmingStep
2018-01-27 06:17:31 +0000  Processing step: IDEDistributionCopyBCSymbolMapsStep
2018-01-27 06:17:31 +0000  Skipping step: IDEDistributionCopyBCSymbolMapsStep because it said so
2018-01-27 06:17:31 +0000  Skipping step: IDEDistributionCopyBCSymbolMapsStep because it said so
2018-01-27 06:17:31 +0000  Processing step: IDEDistributionSymbolsStep
2018-01-27 06:17:31 +0000  Skipping step: IDEDistributionSymbolsStep because it said so
2018-01-27 06:17:31 +0000  Skipping step: IDEDistributionSymbolsStep because it said so
2018-01-27 06:17:31 +0000  Processing step: IDEDistributionAppThinningStep
2018-01-27 06:17:31 +0000  Skipping step: IDEDistributionAppThinningStep because it said so
2018-01-27 06:17:31 +0000  Processing step: IDEDistributionODRStep
2018-01-27 06:17:31 +0000  Processing step: IDEDistributionStripXattrsStep
2018-01-27 06:17:31 +0000  Skipping stripping extended attributes of item: <IDEDistributionItem: 0x7ff3f4264ef0 'com.flytech.FTKit' '<DVTFilePath:0x7ff3ea56a0b0:'/Users/sa01/Library/Developer/Xcode/Archives/2018-01-27/POS_API_Sample 2018-01-27 15.14.xcarchive/Products/Applications/POS_API_Sample.app/Frameworks/FTKit.framework'>'>
2018-01-27 06:17:31 +0000  Running /usr/bin/xattr '-crs' '/var/folders/j2/68ps4d6d2zzfzl0f432hyf8w0000gn/T/XcodeDistPipeline.Jk5/Root/Payload/POS_API_Sample.app'
2018-01-27 06:17:34 +0000  /usr/bin/xattr exited with 0
2018-01-27 06:17:34 +0000  Processing step: IDEDistributionCodesignStep
2018-01-27 06:17:34 +0000  Applying entitlements delta for <IDEDistributionItem: 0x7ff3f4264ef0 'com.flytech.FTKit' '<DVTFilePath:0x7ff3ea56a0b0:'/Users/sa01/Library/Developer/Xcode/Archives/2018-01-27/POS_API_Sample 2018-01-27 15.14.xcarchive/Products/Applications/POS_API_Sample.app/Frameworks/FTKit.framework'>'> from <IDEiCloudEntitlementsProcessor: 0x7ff3d74bcfb0>: {
}
2018-01-27 06:17:34 +0000  Entitlements for <IDEDistributionItem: 0x7ff3f4264ef0 'com.flytech.FTKit' '<DVTFilePath:0x7ff3ea56a0b0:'/Users/sa01/Library/Developer/Xcode/Archives/2018-01-27/POS_API_Sample 2018-01-27 15.14.xcarchive/Products/Applications/POS_API_Sample.app/Frameworks/FTKit.framework'>'>: {
}
2018-01-27 06:17:34 +0000  Writing entitlements for <IDEDistributionItem: 0x7ff3f4264ef0 'com.flytech.FTKit' '<DVTFilePath:0x7ff3ea56a0b0:'/Users/sa01/Library/Developer/Xcode/Archives/2018-01-27/POS_API_Sample 2018-01-27 15.14.xcarchive/Products/Applications/POS_API_Sample.app/Frameworks/FTKit.framework'>'> to: /var/folders/j2/68ps4d6d2zzfzl0f432hyf8w0000gn/T/XcodeDistPipeline.Jk5/entitlementsdfdooq
2018-01-27 06:17:34 +0000  Running /usr/bin/codesign '-vvv' '--force' '--sign' '693C4A43D1F5C43AFF79A680B44B0771F0632ED7' '--preserve-metadata=identifier,flags' '--entitlements' '/var/folders/j2/68ps4d6d2zzfzl0f432hyf8w0000gn/T/XcodeDistPipeline.Jk5/entitlementsdfdooq' '/var/folders/j2/68ps4d6d2zzfzl0f432hyf8w0000gn/T/XcodeDistPipeline.Jk5/Root/Payload/POS_API_Sample.app/Frameworks/FTKit.framework'
2018-01-27 06:17:34 +0000  /var/folders/j2/68ps4d6d2zzfzl0f432hyf8w0000gn/T/XcodeDistPipeline.Jk5/Root/Payload/POS_API_Sample.app/Frameworks/FTKit.framework: replacing existing signature
2018-01-27 06:17:35 +0000  /var/folders/j2/68ps4d6d2zzfzl0f432hyf8w0000gn/T/XcodeDistPipeline.Jk5/Root/Payload/POS_API_Sample.app/Frameworks/FTKit.framework: signed bundle with Mach-O universal (i386 armv7 x86_64 arm64) [com.flytech.FTKit]
2018-01-27 06:17:35 +0000  /usr/bin/codesign exited with 0
2018-01-27 06:17:35 +0000  Applying entitlements delta for <IDEDistributionItem: 0x7ff3d7743f10 'jp.co.tb-group.pas' '<DVTFilePath:0x7ff3d6f61520:'/Users/sa01/Library/Developer/Xcode/Archives/2018-01-27/POS_API_Sample 2018-01-27 15.14.xcarchive/Products/Applications/POS_API_Sample.app'>'> from <IDEiCloudEntitlementsProcessor: 0x7ff3d4a9b8e0>: {
}
2018-01-27 06:17:35 +0000  Entitlements for <IDEDistributionItem: 0x7ff3d7743f10 'jp.co.tb-group.pas' '<DVTFilePath:0x7ff3d6f61520:'/Users/sa01/Library/Developer/Xcode/Archives/2018-01-27/POS_API_Sample 2018-01-27 15.14.xcarchive/Products/Applications/POS_API_Sample.app'>'>: {
    "application-identifier" = "24SXCE6USQ.jp.co.tb-group.pas";
    "com.apple.developer.team-identifier" = 24SXCE6USQ;
    "get-task-allow" = 0;
    "keychain-access-groups" =     (
        "24SXCE6USQ.jp.co.tb-group.pas"
    );
}
2018-01-27 06:17:35 +0000  Writing entitlements for <IDEDistributionItem: 0x7ff3d7743f10 'jp.co.tb-group.pas' '<DVTFilePath:0x7ff3d6f61520:'/Users/sa01/Library/Developer/Xcode/Archives/2018-01-27/POS_API_Sample 2018-01-27 15.14.xcarchive/Products/Applications/POS_API_Sample.app'>'> to: /var/folders/j2/68ps4d6d2zzfzl0f432hyf8w0000gn/T/XcodeDistPipeline.Jk5/entitlementsZjrdxO
2018-01-27 06:17:35 +0000  Running /usr/bin/codesign '-vvv' '--force' '--sign' '693C4A43D1F5C43AFF79A680B44B0771F0632ED7' '--preserve-metadata=identifier,flags' '--entitlements' '/var/folders/j2/68ps4d6d2zzfzl0f432hyf8w0000gn/T/XcodeDistPipeline.Jk5/entitlementsZjrdxO' '/var/folders/j2/68ps4d6d2zzfzl0f432hyf8w0000gn/T/XcodeDistPipeline.Jk5/Root/Payload/POS_API_Sample.app'
2018-01-27 06:17:35 +0000  /var/folders/j2/68ps4d6d2zzfzl0f432hyf8w0000gn/T/XcodeDistPipeline.Jk5/Root/Payload/POS_API_Sample.app: replacing existing signature
2018-01-27 06:17:35 +0000  /var/folders/j2/68ps4d6d2zzfzl0f432hyf8w0000gn/T/XcodeDistPipeline.Jk5/Root/Payload/POS_API_Sample.app: signed app bundle with Mach-O universal (armv7 arm64) [jp.co.tb-group.pas]
2018-01-27 06:17:35 +0000  /usr/bin/codesign exited with 0
2018-01-27 06:17:35 +0000  Processing step: IDEDistributionStreamingZipItemStep
2018-01-27 06:17:35 +0000  Skipping step: IDEDistributionStreamingZipItemStep because it said so
2018-01-27 06:17:35 +0000  Skipping step: IDEDistributionStreamingZipItemStep because it said so
2018-01-27 06:17:35 +0000  Processing step: IDEDistributionCreateIPAStep
2018-01-27 06:17:35 +0000  Running /usr/bin/ditto '-V' '-c' '-k' '--norsrc' '/var/folders/j2/68ps4d6d2zzfzl0f432hyf8w0000gn/T/XcodeDistPipeline.Jk5/Root' '/var/folders/j2/68ps4d6d2zzfzl0f432hyf8w0000gn/T/XcodeDistPipeline.Jk5/Packages/POS_API_Sample.ipa'
2018-01-27 06:17:35 +0000  >>> Copying /var/folders/j2/68ps4d6d2zzfzl0f432hyf8w0000gn/T/XcodeDistPipeline.Jk5/Root 
2018-01-27 06:17:35 +0000  copying file ./Payload/POS_API_Sample.app/576x576.bmp ... 
2018-01-27 06:17:35 +0000  995382 bytes for ./Payload/POS_API_Sample.app/576x576.bmp
2018-01-27 06:17:35 +0000  copying file ./Payload/POS_API_Sample.app/_CodeSignature/CodeResources ... 
2018-01-27 06:17:35 +0000  20249 bytes for ./Payload/POS_API_Sample.app/_CodeSignature/CodeResources
2018-01-27 06:17:35 +0000  copying file ./Payload/POS_API_Sample.app/Android_RadioButton-Off.png ... 
858 bytes for ./Payload/POS_API_Sample.app/Android_RadioButton-Off.png
copying file ./Payload/POS_API_Sample.app/Android_RadioButton-On.png ... 
2018-01-27 06:17:35 +0000  1003 bytes for ./Payload/POS_API_Sample.app/Android_RadioButton-On.png
2018-01-27 06:17:35 +0000  copying file ./Payload/POS_API_Sample.app/AppIcon76x76@2x~ipad.png ... 
2018-01-27 06:17:35 +0000  3164 bytes for ./Payload/POS_API_Sample.app/AppIcon76x76@2x~ipad.png
2018-01-27 06:17:35 +0000  copying file ./Payload/POS_API_Sample.app/AppIcon76x76~ipad.png ... 
1231 bytes for ./Payload/POS_API_Sample.app/AppIcon76x76~ipad.png
copying file ./Payload/POS_API_Sample.app/archived-expanded-entitlements.xcent ... 
2018-01-27 06:17:35 +0000  374 bytes for ./Payload/POS_API_Sample.app/archived-expanded-entitlements.xcent
copying file ./Payload/POS_API_Sample.app/Assets.car ... 
2018-01-27 06:17:35 +0000  23656 bytes for ./Payload/POS_API_Sample.app/Assets.car
2018-01-27 06:17:35 +0000  copying file ./Payload/POS_API_Sample.app/Base.lproj/LaunchScreen.nib ... 
2018-01-27 06:17:35 +0000  2511 bytes for ./Payload/POS_API_Sample.app/Base.lproj/LaunchScreen.nib
2018-01-27 06:17:35 +0000  copying file ./Payload/POS_API_Sample.app/Base.lproj/Main.storyboardc/6rA-Eb-qiq-view-7FZ-z7-SHd.nib/objects-11.0+.nib ... 
2018-01-27 06:17:35 +0000  8431 bytes for ./Payload/POS_API_Sample.app/Base.lproj/Main.storyboardc/6rA-Eb-qiq-view-7FZ-z7-SHd.nib/objects-11.0+.nib
2018-01-27 06:17:35 +0000  copying file ./Payload/POS_API_Sample.app/Base.lproj/Main.storyboardc/6rA-Eb-qiq-view-7FZ-z7-SHd.nib/runtime.nib ... 
2018-01-27 06:17:35 +0000  8438 bytes for ./Payload/POS_API_Sample.app/Base.lproj/Main.storyboardc/6rA-Eb-qiq-view-7FZ-z7-SHd.nib/runtime.nib
2018-01-27 06:17:35 +0000  copying file ./Payload/POS_API_Sample.app/Base.lproj/Main.storyboardc/BLEScanViewController.nib/objects-11.0+.nib ... 
2018-01-27 06:17:35 +0000  1529 bytes for ./Payload/POS_API_Sample.app/Base.lproj/Main.storyboardc/BLEScanViewController.nib/objects-11.0+.nib
2018-01-27 06:17:35 +0000  copying file ./Payload/POS_API_Sample.app/Base.lproj/Main.storyboardc/BLEScanViewController.nib/runtime.nib ... 
2018-01-27 06:17:35 +0000  1529 bytes for ./Payload/POS_API_Sample.app/Base.lproj/Main.storyboardc/BLEScanViewController.nib/runtime.nib
copying file ./Payload/POS_API_Sample.app/Base.lproj/Main.storyboardc/CashDrawerControlViewController.nib/objects-11.0+.nib ... 
2018-01-27 06:17:35 +0000  1247 bytes for ./Payload/POS_API_Sample.app/Base.lproj/Main.storyboardc/CashDrawerControlViewController.nib/objects-11.0+.nib
copying file ./Payload/POS_API_Sample.app/Base.lproj/Main.storyboardc/CashDrawerControlViewController.nib/runtime.nib ... 
2018-01-27 06:17:35 +0000  1247 bytes for ./Payload/POS_API_Sample.app/Base.lproj/Main.storyboardc/CashDrawerControlViewController.nib/runtime.nib
2018-01-27 06:17:35 +0000  copying file ./Payload/POS_API_Sample.app/Base.lproj/Main.storyboardc/ComPortSetupViewController.nib/objects-11.0+.nib ... 
2018-01-27 06:17:35 +0000  1232 bytes for ./Payload/POS_API_Sample.app/Base.lproj/Main.storyboardc/ComPortSetupViewController.nib/objects-11.0+.nib
copying file ./Payload/POS_API_Sample.app/Base.lproj/Main.storyboardc/ComPortSetupViewController.nib/runtime.nib ... 
2018-01-27 06:17:35 +0000  1232 bytes for ./Payload/POS_API_Sample.app/Base.lproj/Main.storyboardc/ComPortSetupViewController.nib/runtime.nib
2018-01-27 06:17:35 +0000  copying file ./Payload/POS_API_Sample.app/Base.lproj/Main.storyboardc/fjI-jl-KHY-view-1eN-lW-i7Z.nib/objects-11.0+.nib ... 
2018-01-27 06:17:35 +0000  20377 bytes for ./Payload/POS_API_Sample.app/Base.lproj/Main.storyboardc/fjI-jl-KHY-view-1eN-lW-i7Z.nib/objects-11.0+.nib
2018-01-27 06:17:35 +0000  copying file ./Payload/POS_API_Sample.app/Base.lproj/Main.storyboardc/fjI-jl-KHY-view-1eN-lW-i7Z.nib/runtime.nib ... 
2018-01-27 06:17:35 +0000  20380 bytes for ./Payload/POS_API_Sample.app/Base.lproj/Main.storyboardc/fjI-jl-KHY-view-1eN-lW-i7Z.nib/runtime.nib
2018-01-27 06:17:35 +0000  copying file ./Payload/POS_API_Sample.app/Base.lproj/Main.storyboardc/g2J-D0-BkH-view-Xby-xz-aar.nib/objects-11.0+.nib ... 
2018-01-27 06:17:35 +0000  19757 bytes for ./Payload/POS_API_Sample.app/Base.lproj/Main.storyboardc/g2J-D0-BkH-view-Xby-xz-aar.nib/objects-11.0+.nib
copying file ./Payload/POS_API_Sample.app/Base.lproj/Main.storyboardc/g2J-D0-BkH-view-Xby-xz-aar.nib/runtime.nib ... 
2018-01-27 06:17:35 +0000  19751 bytes for ./Payload/POS_API_Sample.app/Base.lproj/Main.storyboardc/g2J-D0-BkH-view-Xby-xz-aar.nib/runtime.nib
2018-01-27 06:17:35 +0000  copying file ./Payload/POS_API_Sample.app/Base.lproj/Main.storyboardc/Info.plist ... 
2018-01-27 06:17:35 +0000  601 bytes for ./Payload/POS_API_Sample.app/Base.lproj/Main.storyboardc/Info.plist
2018-01-27 06:17:35 +0000  copying file ./Payload/POS_API_Sample.app/Base.lproj/Main.storyboardc/oVH-49-9gq-view-NEX-NI-JSd.nib/objects-11.0+.nib ... 
2018-01-27 06:17:35 +0000  41090 bytes for ./Payload/POS_API_Sample.app/Base.lproj/Main.storyboardc/oVH-49-9gq-view-NEX-NI-JSd.nib/objects-11.0+.nib
2018-01-27 06:17:35 +0000  copying file ./Payload/POS_API_Sample.app/Base.lproj/Main.storyboardc/oVH-49-9gq-view-NEX-NI-JSd.nib/runtime.nib ... 
2018-01-27 06:17:35 +0000  41081 bytes for ./Payload/POS_API_Sample.app/Base.lproj/Main.storyboardc/oVH-49-9gq-view-NEX-NI-JSd.nib/runtime.nib
2018-01-27 06:17:35 +0000  copying file ./Payload/POS_API_Sample.app/Base.lproj/Main.storyboardc/PrinterTestViewController.nib/objects-11.0+.nib ... 
2018-01-27 06:17:35 +0000  1227 bytes for ./Payload/POS_API_Sample.app/Base.lproj/Main.storyboardc/PrinterTestViewController.nib/objects-11.0+.nib
copying file ./Payload/POS_API_Sample.app/Base.lproj/Main.storyboardc/PrinterTestViewController.nib/runtime.nib ... 
2018-01-27 06:17:35 +0000  1227 bytes for ./Payload/POS_API_Sample.app/Base.lproj/Main.storyboardc/PrinterTestViewController.nib/runtime.nib
2018-01-27 06:17:35 +0000  copying file ./Payload/POS_API_Sample.app/Base.lproj/Main.storyboardc/S98-6Z-hrg-view-TNy-cS-fCO.nib/objects-11.0+.nib ... 
2018-01-27 06:17:35 +0000  14261 bytes for ./Payload/POS_API_Sample.app/Base.lproj/Main.storyboardc/S98-6Z-hrg-view-TNy-cS-fCO.nib/objects-11.0+.nib
copying file ./Payload/POS_API_Sample.app/Base.lproj/Main.storyboardc/S98-6Z-hrg-view-TNy-cS-fCO.nib/runtime.nib ... 
2018-01-27 06:17:35 +0000  14244 bytes for ./Payload/POS_API_Sample.app/Base.lproj/Main.storyboardc/S98-6Z-hrg-view-TNy-cS-fCO.nib/runtime.nib
2018-01-27 06:17:35 +0000  copying file ./Payload/POS_API_Sample.app/Base.lproj/Main.storyboardc/ScannerTestViewController.nib/objects-11.0+.nib ... 
2018-01-27 06:17:35 +0000  1227 bytes for ./Payload/POS_API_Sample.app/Base.lproj/Main.storyboardc/ScannerTestViewController.nib/objects-11.0+.nib
2018-01-27 06:17:35 +0000  copying file ./Payload/POS_API_Sample.app/Base.lproj/Main.storyboardc/ScannerTestViewController.nib/runtime.nib ... 
2018-01-27 06:17:35 +0000  1227 bytes for ./Payload/POS_API_Sample.app/Base.lproj/Main.storyboardc/ScannerTestViewController.nib/runtime.nib
2018-01-27 06:17:35 +0000  copying file ./Payload/POS_API_Sample.app/Base.lproj/Main.storyboardc/UINavigationController-IIm-N5-nA1.nib/objects-11.0+.nib ... 
2018-01-27 06:17:35 +0000  2602 bytes for ./Payload/POS_API_Sample.app/Base.lproj/Main.storyboardc/UINavigationController-IIm-N5-nA1.nib/objects-11.0+.nib
copying file ./Payload/POS_API_Sample.app/Base.lproj/Main.storyboardc/UINavigationController-IIm-N5-nA1.nib/runtime.nib ... 
2018-01-27 06:17:35 +0000  2601 bytes for ./Payload/POS_API_Sample.app/Base.lproj/Main.storyboardc/UINavigationController-IIm-N5-nA1.nib/runtime.nib
2018-01-27 06:17:35 +0000  copying file ./Payload/POS_API_Sample.app/Base.lproj/Main.storyboardc/YRd-GR-agd-view-dCj-p3-0Ph.nib/objects-11.0+.nib ... 
2018-01-27 06:17:35 +0000  24358 bytes for ./Payload/POS_API_Sample.app/Base.lproj/Main.storyboardc/YRd-GR-agd-view-dCj-p3-0Ph.nib/objects-11.0+.nib
copying file ./Payload/POS_API_Sample.app/Base.lproj/Main.storyboardc/YRd-GR-agd-view-dCj-p3-0Ph.nib/runtime.nib ... 
2018-01-27 06:17:35 +0000  24332 bytes for ./Payload/POS_API_Sample.app/Base.lproj/Main.storyboardc/YRd-GR-agd-view-dCj-p3-0Ph.nib/runtime.nib
2018-01-27 06:17:35 +0000  copying file ./Payload/POS_API_Sample.app/black.bmp ... 
2018-01-27 06:17:35 +0000  56278 bytes for ./Payload/POS_API_Sample.app/black.bmp
2018-01-27 06:17:35 +0000  copying file ./Payload/POS_API_Sample.app/CheckBox_Vista-Off.png ... 
2018-01-27 06:17:35 +0000  682 bytes for ./Payload/POS_API_Sample.app/CheckBox_Vista-Off.png
copying file ./Payload/POS_API_Sample.app/CheckBox_Vista-On.png ... 
2018-01-27 06:17:35 +0000  1463 bytes for ./Payload/POS_API_Sample.app/CheckBox_Vista-On.png
copying file ./Payload/POS_API_Sample.app/ComboBox_Vista-Arrow.png ... 
2018-01-27 06:17:35 +0000  395 bytes for ./Payload/POS_API_Sample.app/ComboBox_Vista-Arrow.png
2018-01-27 06:17:35 +0000  copying file ./Payload/POS_API_Sample.app/Data/print576x576-pageMode.dat ... 
2018-01-27 06:17:35 +0000  41328 bytes for ./Payload/POS_API_Sample.app/Data/print576x576-pageMode.dat
2018-01-27 06:17:35 +0000  copying file ./Payload/POS_API_Sample.app/Data/printSampleReceipt-2x1.dat ... 
2018-01-27 06:17:35 +0000  24039 bytes for ./Payload/POS_API_Sample.app/Data/printSampleReceipt-2x1.dat
2018-01-27 06:17:35 +0000  copying file ./Payload/POS_API_Sample.app/Data/senddatatest.dat ... 
2018-01-27 06:17:35 +0000  11305 bytes for ./Payload/POS_API_Sample.app/Data/senddatatest.dat
2018-01-27 06:17:35 +0000  copying file ./Payload/POS_API_Sample.app/Data/senddatatest2.dat ... 
1200 bytes for ./Payload/POS_API_Sample.app/Data/senddatatest2.dat
copying file ./Payload/POS_API_Sample.app/Data/senddatatest3.dat ... 
2018-01-27 06:17:35 +0000  5742 bytes for ./Payload/POS_API_Sample.app/Data/senddatatest3.dat
2018-01-27 06:17:35 +0000  copying file ./Payload/POS_API_Sample.app/embedded.mobileprovision ... 
2018-01-27 06:17:35 +0000  8746 bytes for ./Payload/POS_API_Sample.app/embedded.mobileprovision
2018-01-27 06:17:35 +0000  copying file ./Payload/POS_API_Sample.app/Frameworks/FTKit.framework/_CodeSignature/CodeResources ... 
2018-01-27 06:17:35 +0000  2202 bytes for ./Payload/POS_API_Sample.app/Frameworks/FTKit.framework/_CodeSignature/CodeResources
copying file ./Payload/POS_API_Sample.app/Frameworks/FTKit.framework/FTKit ... 
2018-01-27 06:17:35 +0000  440368 bytes for ./Payload/POS_API_Sample.app/Frameworks/FTKit.framework/FTKit
2018-01-27 06:17:35 +0000  copying file ./Payload/POS_API_Sample.app/Frameworks/FTKit.framework/Info.plist ... 
734 bytes for ./Payload/POS_API_Sample.app/Frameworks/FTKit.framework/Info.plist
copying file ./Payload/POS_API_Sample.app/Info.plist ... 
2095 bytes for ./Payload/POS_API_Sample.app/Info.plist
copying file ./Payload/POS_API_Sample.app/isbn.png ... 
2018-01-27 06:17:35 +0000  17764 bytes for ./Payload/POS_API_Sample.app/isbn.png
2018-01-27 06:17:35 +0000  copying file ./Payload/POS_API_Sample.app/Logo.bmp ... 
2018-01-27 06:17:36 +0000  339894 bytes for ./Payload/POS_API_Sample.app/Logo.bmp
copying file ./Payload/POS_API_Sample.app/PkgInfo ... 
2018-01-27 06:17:36 +0000  8 bytes for ./Payload/POS_API_Sample.app/PkgInfo
copying file ./Payload/POS_API_Sample.app/POS_API_Sample ... 
2018-01-27 06:17:36 +0000  1065328 bytes for ./Payload/POS_API_Sample.app/POS_API_Sample
copying file ./Payload/POS_API_Sample.app/RadioButton_Vista-Off.png ... 
2018-01-27 06:17:36 +0000  /usr/bin/ditto exited with 0
2018-01-27 06:17:36 +0000  1125 bytes for ./Payload/POS_API_Sample.app/RadioButton_Vista-Off.png
copying file ./Payload/POS_API_Sample.app/RadioButton_Vista-On.png ... 
1803 bytes for ./Payload/POS_API_Sample.app/RadioButton_Vista-On.png
copying file ./Payload/POS_API_Sample.app/upce.jpg ... 
13869 bytes for ./Payload/POS_API_Sample.app/upce.jpg
2018-01-27 06:17:36 +0000  Processing step: IDEDistributionCreateManifestStep
