2018-02-08 09:32:16 +0000  Initial pipeline context: <IDEDistributionProcessingPipelineContext: 0x7f80a6f0bcf0; archive(resolved)='<IDEArchive: 0x7f80a5f1e3d0>', distributionTask(resolved)='2', distributionMethod(resolved)='<IDEDistributionMethodAdHoc: 0x7f80bf1946a0>', team(resolved)='<IDEProvisioningBasicTeam 0x7f80a622c650: teamID: 24SXCE6USQ, teamName: TB Group inc.>'>
	Chain (11, self inclusive):
	<IDEDistributionProcessingPipelineContext: 0x7f80a6f0bcf0; archive = '<IDEArchive: 0x7f80a5f1e3d0>', distributionMethod='<IDEDistributionMethodAdHoc: 0x7f80bf1946a0>', team='<IDEProvisioningBasicTeam 0x7f80a622c650: teamID: 24SXCE6USQ, teamName: TB Group inc.>'>
	<IDEDistributionProcessingPipelineContext: 0x7f80a6dd02f0; archive = '<IDEArchive: 0x7f80a5f1e3d0>', distributionMethod='<IDEDistributionMethodAdHoc: 0x7f80bf1946a0>', team='<IDEProvisioningBasicTeam 0x7f80a622c650: teamID: 24SXCE6USQ, teamName: TB Group inc.>'>
	<IDEDistributionContext: 0x7f80b3fc9340; archive = '<IDEArchive: 0x7f80a5f1e3d0>', distributionMethod='<IDEDistributionMethodAdHoc: 0x7f80bf1946a0>', team='<IDEProvisioningBasicTeam 0x7f80a622c650: teamID: 24SXCE6USQ, teamName: TB Group inc.>'>
	<IDEDistributionContext: 0x7f80a6028f10; archive = '<IDEArchive: 0x7f80a5f1e3d0>', distributionMethod='<IDEDistributionMethodAdHoc: 0x7f80bf1946a0>', team='<IDEProvisioningBasicTeam 0x7f80a622c650: teamID: 24SXCE6USQ, teamName: TB Group inc.>'>
	<IDEDistributionContext: 0x7f80a68ae130; archive = '<IDEArchive: 0x7f80a5f1e3d0>', distributionMethod='<IDEDistributionMethodAdHoc: 0x7f80bf1946a0>', team='<IDEProvisioningBasicTeam 0x7f80a622c650: teamID: 24SXCE6USQ, teamName: TB Group inc.>'>
	<IDEDistributionContext: 0x7f80a3eaaf60; archive = '<IDEArchive: 0x7f80a5f1e3d0>', distributionMethod='<IDEDistributionMethodAdHoc: 0x7f80bf1946a0>', team='<IDEProvisioningBasicTeam 0x7f80a622c650: teamID: 24SXCE6USQ, teamName: TB Group inc.>'>
	<IDEDistributionContext: 0x7f80a6609e90; archive = '<IDEArchive: 0x7f80a5f1e3d0>', distributionMethod='<IDEDistributionMethodAdHoc: 0x7f80bf1946a0>', team='<IDEProvisioningBasicTeam 0x7f80a622c650: teamID: 24SXCE6USQ, teamName: TB Group inc.>'>
	<IDEDistributionContext: 0x7f80a6719470; archive = '<IDEArchive: 0x7f80a5f1e3d0>', distributionMethod='<IDEDistributionMethodAdHoc: 0x7f80bf1946a0>', team='<IDEProvisioningBasicTeam 0x7f80a622c650: teamID: 24SXCE6USQ, teamName: TB Group inc.>'>
	<IDEDistributionContext: 0x7f80a6537280; archive = '<IDEArchive: 0x7f80a5f1e3d0>', distributionMethod='<IDEDistributionMethodAdHoc: 0x7f80bf1946a0>', team='<IDEProvisioningBasicTeam 0x7f80a622c650: teamID: 24SXCE6USQ, teamName: TB Group inc.>'>
	<IDEDistributionContext: 0x7f80b3ef12d0; archive = '<IDEArchive: 0x7f80a5f1e3d0>', distributionMethod='<IDEDistributionMethodAdHoc: 0x7f80bf1946a0>', team='(null)'>
	<IDEDistributionContext: 0x7f80a6532ce0; archive = '<IDEArchive: 0x7f80a5f1e3d0>', distributionMethod='(null)', team='(null)'>
</IDEDistributionProcessingPipelineContext: 0x7f80a6f0bcf0>
2018-02-08 09:32:16 +0000  Processing step: IDEDistributionCreateDestRootStep
2018-02-08 09:32:16 +0000  Processing step: IDEDistributionCopyItemStep
2018-02-08 09:32:16 +0000  Running /usr/bin/ditto '-V' '/Users/sa01/Library/Developer/Xcode/Archives/2018-02-08/POS_API_Sample 2018-02-08 18.29.xcarchive/Products/Applications/POS_API_Sample.app' '/var/folders/j2/68ps4d6d2zzfzl0f432hyf8w0000gn/T/XcodeDistPipeline.lmT/Root/Payload/POS_API_Sample.app'
2018-02-08 09:32:17 +0000  >>> Copying /Users/sa01/Library/Developer/Xcode/Archives/2018-02-08/POS_API_Sample 2018-02-08 18.29.xcarchive/Products/Applications/POS_API_Sample.app 
2018-02-08 09:32:17 +0000  copying file ./576x576.bmp ... 
2018-02-08 09:32:17 +0000  995382 bytes for ./576x576.bmp
2018-02-08 09:32:17 +0000  copying file ./_CodeSignature/CodeResources ... 
20249 bytes for ./_CodeSignature/CodeResources
copying file ./Android_RadioButton-Off.png ... 
2018-02-08 09:32:17 +0000  858 bytes for ./Android_RadioButton-Off.png
copying file ./Android_RadioButton-On.png ... 
2018-02-08 09:32:17 +0000  1003 bytes for ./Android_RadioButton-On.png
copying file ./AppIcon76x76@2x~ipad.png ... 
2018-02-08 09:32:17 +0000  3164 bytes for ./AppIcon76x76@2x~ipad.png
2018-02-08 09:32:17 +0000  copying file ./AppIcon76x76~ipad.png ... 
2018-02-08 09:32:17 +0000  1231 bytes for ./AppIcon76x76~ipad.png
copying file ./archived-expanded-entitlements.xcent ... 
2018-02-08 09:32:17 +0000  366 bytes for ./archived-expanded-entitlements.xcent
copying file ./Assets.car ... 
2018-02-08 09:32:17 +0000  23656 bytes for ./Assets.car
2018-02-08 09:32:17 +0000  copying file ./Base.lproj/LaunchScreen.nib ... 
2018-02-08 09:32:17 +0000  2511 bytes for ./Base.lproj/LaunchScreen.nib
2018-02-08 09:32:17 +0000  copying file ./Base.lproj/Main.storyboardc/6rA-Eb-qiq-view-7FZ-z7-SHd.nib/objects-11.0+.nib ... 
2018-02-08 09:32:17 +0000  8441 bytes for ./Base.lproj/Main.storyboardc/6rA-Eb-qiq-view-7FZ-z7-SHd.nib/objects-11.0+.nib
copying file ./Base.lproj/Main.storyboardc/6rA-Eb-qiq-view-7FZ-z7-SHd.nib/runtime.nib ... 
2018-02-08 09:32:17 +0000  8433 bytes for ./Base.lproj/Main.storyboardc/6rA-Eb-qiq-view-7FZ-z7-SHd.nib/runtime.nib
2018-02-08 09:32:17 +0000  copying file ./Base.lproj/Main.storyboardc/BLEScanViewController.nib/objects-11.0+.nib ... 
2018-02-08 09:32:17 +0000  1529 bytes for ./Base.lproj/Main.storyboardc/BLEScanViewController.nib/objects-11.0+.nib
2018-02-08 09:32:17 +0000  copying file ./Base.lproj/Main.storyboardc/BLEScanViewController.nib/runtime.nib ... 
1529 bytes for ./Base.lproj/Main.storyboardc/BLEScanViewController.nib/runtime.nib
2018-02-08 09:32:17 +0000  copying file ./Base.lproj/Main.storyboardc/CashDrawerControlViewController.nib/objects-11.0+.nib ... 
2018-02-08 09:32:17 +0000  1247 bytes for ./Base.lproj/Main.storyboardc/CashDrawerControlViewController.nib/objects-11.0+.nib
copying file ./Base.lproj/Main.storyboardc/CashDrawerControlViewController.nib/runtime.nib ... 
2018-02-08 09:32:17 +0000  1247 bytes for ./Base.lproj/Main.storyboardc/CashDrawerControlViewController.nib/runtime.nib
2018-02-08 09:32:17 +0000  copying file ./Base.lproj/Main.storyboardc/ComPortSetupViewController.nib/objects-11.0+.nib ... 
2018-02-08 09:32:17 +0000  1232 bytes for ./Base.lproj/Main.storyboardc/ComPortSetupViewController.nib/objects-11.0+.nib
copying file ./Base.lproj/Main.storyboardc/ComPortSetupViewController.nib/runtime.nib ... 
2018-02-08 09:32:17 +0000  1232 bytes for ./Base.lproj/Main.storyboardc/ComPortSetupViewController.nib/runtime.nib
copying file ./Base.lproj/Main.storyboardc/fjI-jl-KHY-view-1eN-lW-i7Z.nib/objects-11.0+.nib ... 
2018-02-08 09:32:17 +0000  20397 bytes for ./Base.lproj/Main.storyboardc/fjI-jl-KHY-view-1eN-lW-i7Z.nib/objects-11.0+.nib
2018-02-08 09:32:17 +0000  copying file ./Base.lproj/Main.storyboardc/fjI-jl-KHY-view-1eN-lW-i7Z.nib/runtime.nib ... 
2018-02-08 09:32:17 +0000  20392 bytes for ./Base.lproj/Main.storyboardc/fjI-jl-KHY-view-1eN-lW-i7Z.nib/runtime.nib
2018-02-08 09:32:17 +0000  copying file ./Base.lproj/Main.storyboardc/g2J-D0-BkH-view-Xby-xz-aar.nib/objects-11.0+.nib ... 
2018-02-08 09:32:17 +0000  20973 bytes for ./Base.lproj/Main.storyboardc/g2J-D0-BkH-view-Xby-xz-aar.nib/objects-11.0+.nib
2018-02-08 09:32:17 +0000  copying file ./Base.lproj/Main.storyboardc/g2J-D0-BkH-view-Xby-xz-aar.nib/runtime.nib ... 
2018-02-08 09:32:17 +0000  20979 bytes for ./Base.lproj/Main.storyboardc/g2J-D0-BkH-view-Xby-xz-aar.nib/runtime.nib
2018-02-08 09:32:17 +0000  copying file ./Base.lproj/Main.storyboardc/Info.plist ... 
2018-02-08 09:32:17 +0000  601 bytes for ./Base.lproj/Main.storyboardc/Info.plist
2018-02-08 09:32:17 +0000  copying file ./Base.lproj/Main.storyboardc/oVH-49-9gq-view-NEX-NI-JSd.nib/objects-11.0+.nib ... 
2018-02-08 09:32:17 +0000  41078 bytes for ./Base.lproj/Main.storyboardc/oVH-49-9gq-view-NEX-NI-JSd.nib/objects-11.0+.nib
2018-02-08 09:32:17 +0000  copying file ./Base.lproj/Main.storyboardc/oVH-49-9gq-view-NEX-NI-JSd.nib/runtime.nib ... 
2018-02-08 09:32:17 +0000  41081 bytes for ./Base.lproj/Main.storyboardc/oVH-49-9gq-view-NEX-NI-JSd.nib/runtime.nib
2018-02-08 09:32:17 +0000  copying file ./Base.lproj/Main.storyboardc/PrinterTestViewController.nib/objects-11.0+.nib ... 
2018-02-08 09:32:17 +0000  1227 bytes for ./Base.lproj/Main.storyboardc/PrinterTestViewController.nib/objects-11.0+.nib
2018-02-08 09:32:17 +0000  copying file ./Base.lproj/Main.storyboardc/PrinterTestViewController.nib/runtime.nib ... 
2018-02-08 09:32:17 +0000  1227 bytes for ./Base.lproj/Main.storyboardc/PrinterTestViewController.nib/runtime.nib
2018-02-08 09:32:17 +0000  copying file ./Base.lproj/Main.storyboardc/S98-6Z-hrg-view-TNy-cS-fCO.nib/objects-11.0+.nib ... 
2018-02-08 09:32:17 +0000  14249 bytes for ./Base.lproj/Main.storyboardc/S98-6Z-hrg-view-TNy-cS-fCO.nib/objects-11.0+.nib
copying file ./Base.lproj/Main.storyboardc/S98-6Z-hrg-view-TNy-cS-fCO.nib/runtime.nib ... 
2018-02-08 09:32:17 +0000  14244 bytes for ./Base.lproj/Main.storyboardc/S98-6Z-hrg-view-TNy-cS-fCO.nib/runtime.nib
2018-02-08 09:32:17 +0000  copying file ./Base.lproj/Main.storyboardc/ScannerTestViewController.nib/objects-11.0+.nib ... 
2018-02-08 09:32:17 +0000  1227 bytes for ./Base.lproj/Main.storyboardc/ScannerTestViewController.nib/objects-11.0+.nib
2018-02-08 09:32:17 +0000  copying file ./Base.lproj/Main.storyboardc/ScannerTestViewController.nib/runtime.nib ... 
2018-02-08 09:32:17 +0000  1227 bytes for ./Base.lproj/Main.storyboardc/ScannerTestViewController.nib/runtime.nib
copying file ./Base.lproj/Main.storyboardc/UINavigationController-IIm-N5-nA1.nib/objects-11.0+.nib ... 
2018-02-08 09:32:17 +0000  2608 bytes for ./Base.lproj/Main.storyboardc/UINavigationController-IIm-N5-nA1.nib/objects-11.0+.nib
2018-02-08 09:32:17 +0000  copying file ./Base.lproj/Main.storyboardc/UINavigationController-IIm-N5-nA1.nib/runtime.nib ... 
2018-02-08 09:32:17 +0000  2611 bytes for ./Base.lproj/Main.storyboardc/UINavigationController-IIm-N5-nA1.nib/runtime.nib
copying file ./Base.lproj/Main.storyboardc/YRd-GR-agd-view-dCj-p3-0Ph.nib/objects-11.0+.nib ... 
2018-02-08 09:32:17 +0000  24346 bytes for ./Base.lproj/Main.storyboardc/YRd-GR-agd-view-dCj-p3-0Ph.nib/objects-11.0+.nib
2018-02-08 09:32:17 +0000  copying file ./Base.lproj/Main.storyboardc/YRd-GR-agd-view-dCj-p3-0Ph.nib/runtime.nib ... 
2018-02-08 09:32:17 +0000  24342 bytes for ./Base.lproj/Main.storyboardc/YRd-GR-agd-view-dCj-p3-0Ph.nib/runtime.nib
2018-02-08 09:32:17 +0000  copying file ./black.bmp ... 
2018-02-08 09:32:17 +0000  56278 bytes for ./black.bmp
2018-02-08 09:32:17 +0000  copying file ./CheckBox_Vista-Off.png ... 
2018-02-08 09:32:17 +0000  682 bytes for ./CheckBox_Vista-Off.png
2018-02-08 09:32:17 +0000  copying file ./CheckBox_Vista-On.png ... 
2018-02-08 09:32:17 +0000  1463 bytes for ./CheckBox_Vista-On.png
2018-02-08 09:32:17 +0000  copying file ./ComboBox_Vista-Arrow.png ... 
2018-02-08 09:32:17 +0000  395 bytes for ./ComboBox_Vista-Arrow.png
2018-02-08 09:32:17 +0000  copying file ./Data/print576x576-pageMode.dat ... 
2018-02-08 09:32:17 +0000  41328 bytes for ./Data/print576x576-pageMode.dat
copying file ./Data/printSampleReceipt-2x1.dat ... 
24039 bytes for ./Data/printSampleReceipt-2x1.dat
copying file ./Data/senddatatest.dat ... 
2018-02-08 09:32:17 +0000  11305 bytes for ./Data/senddatatest.dat
2018-02-08 09:32:17 +0000  copying file ./Data/senddatatest2.dat ... 
2018-02-08 09:32:17 +0000  1200 bytes for ./Data/senddatatest2.dat
2018-02-08 09:32:17 +0000  copying file ./Data/senddatatest3.dat ... 
2018-02-08 09:32:17 +0000  5742 bytes for ./Data/senddatatest3.dat
2018-02-08 09:32:17 +0000  copying file ./embedded.mobileprovision ... 
2018-02-08 09:32:17 +0000  14552 bytes for ./embedded.mobileprovision
2018-02-08 09:32:17 +0000  copying file ./Frameworks/FTKit.framework/_CodeSignature/CodeResources ... 
2018-02-08 09:32:17 +0000  2202 bytes for ./Frameworks/FTKit.framework/_CodeSignature/CodeResources
copying file ./Frameworks/FTKit.framework/FTKit ... 
2018-02-08 09:32:17 +0000  440064 bytes for ./Frameworks/FTKit.framework/FTKit
copying file ./Frameworks/FTKit.framework/Info.plist ... 
2018-02-08 09:32:17 +0000  734 bytes for ./Frameworks/FTKit.framework/Info.plist
copying file ./Info.plist ... 
2091 bytes for ./Info.plist
copying file ./isbn.png ... 
2018-02-08 09:32:17 +0000  17764 bytes for ./isbn.png
copying file ./Logo.bmp ... 
2018-02-08 09:32:17 +0000  339894 bytes for ./Logo.bmp
copying file ./PkgInfo ... 
2018-02-08 09:32:17 +0000  8 bytes for ./PkgInfo
copying file ./POS_API_Sample ... 
2018-02-08 09:32:17 +0000  785856 bytes for ./POS_API_Sample
2018-02-08 09:32:17 +0000  copying file ./RadioButton_Vista-Off.png ... 
2018-02-08 09:32:17 +0000  1125 bytes for ./RadioButton_Vista-Off.png
copying file ./RadioButton_Vista-On.png ... 
2018-02-08 09:32:17 +0000  1803 bytes for ./RadioButton_Vista-On.png
2018-02-08 09:32:17 +0000  copying file ./upce.jpg ... 
2018-02-08 09:32:17 +0000  13869 bytes for ./upce.jpg
2018-02-08 09:32:17 +0000  /usr/bin/ditto exited with 0
2018-02-08 09:32:17 +0000  Processing step: IDEDistributionEmbedProfileStep
2018-02-08 09:32:17 +0000  Skipping profile for item: <IDEDistributionItem: 0x7f80a3ca48b0 'com.flytech.FTKit' '<DVTFilePath:0x7f80b3ec6750:'/Users/sa01/Library/Developer/Xcode/Archives/2018-02-08/POS_API_Sample 2018-02-08 18.29.xcarchive/Products/Applications/POS_API_Sample.app/Frameworks/FTKit.framework'>'>
2018-02-08 09:32:17 +0000  Processing step: IDEDistributionAppThinningPlistStep
2018-02-08 09:32:17 +0000  Skipping step: IDEDistributionAppThinningPlistStep because it said so
2018-02-08 09:32:17 +0000  Processing step: IDEDistributionCompileBitcodeStep
2018-02-08 09:32:17 +0000  Skipping step: IDEDistributionCompileBitcodeStep because it said so
2018-02-08 09:32:17 +0000  Processing step: IDEDistributionCodeSlimmingStep
2018-02-08 09:32:17 +0000  Processing step: IDEDistributionCopyBCSymbolMapsStep
2018-02-08 09:32:17 +0000  Skipping step: IDEDistributionCopyBCSymbolMapsStep because it said so
2018-02-08 09:32:17 +0000  Skipping step: IDEDistributionCopyBCSymbolMapsStep because it said so
2018-02-08 09:32:17 +0000  Processing step: IDEDistributionSymbolsStep
2018-02-08 09:32:17 +0000  Skipping step: IDEDistributionSymbolsStep because it said so
2018-02-08 09:32:17 +0000  Skipping step: IDEDistributionSymbolsStep because it said so
2018-02-08 09:32:17 +0000  Processing step: IDEDistributionAppThinningStep
2018-02-08 09:32:17 +0000  Skipping step: IDEDistributionAppThinningStep because it said so
2018-02-08 09:32:17 +0000  Processing step: IDEDistributionODRStep
2018-02-08 09:32:17 +0000  Processing step: IDEDistributionStripXattrsStep
2018-02-08 09:32:17 +0000  Skipping stripping extended attributes of item: <IDEDistributionItem: 0x7f80a3ca48b0 'com.flytech.FTKit' '<DVTFilePath:0x7f80b3ec6750:'/Users/sa01/Library/Developer/Xcode/Archives/2018-02-08/POS_API_Sample 2018-02-08 18.29.xcarchive/Products/Applications/POS_API_Sample.app/Frameworks/FTKit.framework'>'>
2018-02-08 09:32:17 +0000  Running /usr/bin/xattr '-crs' '/var/folders/j2/68ps4d6d2zzfzl0f432hyf8w0000gn/T/XcodeDistPipeline.lmT/Root/Payload/POS_API_Sample.app'
2018-02-08 09:32:20 +0000  /usr/bin/xattr exited with 0
2018-02-08 09:32:20 +0000  Processing step: IDEDistributionCodesignStep
2018-02-08 09:32:20 +0000  Applying entitlements delta for <IDEDistributionItem: 0x7f80a3ca48b0 'com.flytech.FTKit' '<DVTFilePath:0x7f80b3ec6750:'/Users/sa01/Library/Developer/Xcode/Archives/2018-02-08/POS_API_Sample 2018-02-08 18.29.xcarchive/Products/Applications/POS_API_Sample.app/Frameworks/FTKit.framework'>'> from <IDEiCloudEntitlementsProcessor: 0x7f80a7136a10>: {
}
2018-02-08 09:32:20 +0000  Entitlements for <IDEDistributionItem: 0x7f80a3ca48b0 'com.flytech.FTKit' '<DVTFilePath:0x7f80b3ec6750:'/Users/sa01/Library/Developer/Xcode/Archives/2018-02-08/POS_API_Sample 2018-02-08 18.29.xcarchive/Products/Applications/POS_API_Sample.app/Frameworks/FTKit.framework'>'>: {
}
2018-02-08 09:32:20 +0000  Writing entitlements for <IDEDistributionItem: 0x7f80a3ca48b0 'com.flytech.FTKit' '<DVTFilePath:0x7f80b3ec6750:'/Users/sa01/Library/Developer/Xcode/Archives/2018-02-08/POS_API_Sample 2018-02-08 18.29.xcarchive/Products/Applications/POS_API_Sample.app/Frameworks/FTKit.framework'>'> to: /var/folders/j2/68ps4d6d2zzfzl0f432hyf8w0000gn/T/XcodeDistPipeline.lmT/entitlementsSnVKrR
2018-02-08 09:32:20 +0000  Running /usr/bin/codesign '-vvv' '--force' '--sign' '693C4A43D1F5C43AFF79A680B44B0771F0632ED7' '--preserve-metadata=identifier,flags' '--entitlements' '/var/folders/j2/68ps4d6d2zzfzl0f432hyf8w0000gn/T/XcodeDistPipeline.lmT/entitlementsSnVKrR' '/var/folders/j2/68ps4d6d2zzfzl0f432hyf8w0000gn/T/XcodeDistPipeline.lmT/Root/Payload/POS_API_Sample.app/Frameworks/FTKit.framework'
2018-02-08 09:32:20 +0000  /var/folders/j2/68ps4d6d2zzfzl0f432hyf8w0000gn/T/XcodeDistPipeline.lmT/Root/Payload/POS_API_Sample.app/Frameworks/FTKit.framework: replacing existing signature
2018-02-08 09:32:21 +0000  /var/folders/j2/68ps4d6d2zzfzl0f432hyf8w0000gn/T/XcodeDistPipeline.lmT/Root/Payload/POS_API_Sample.app/Frameworks/FTKit.framework: signed bundle with Mach-O universal (i386 armv7 x86_64 arm64) [com.flytech.FTKit]
2018-02-08 09:32:21 +0000  /usr/bin/codesign exited with 0
2018-02-08 09:32:21 +0000  Applying entitlements delta for <IDEDistributionItem: 0x7f80a602dc00 'jp.co.tb-group' '<DVTFilePath:0x7f80a3fe1cc0:'/Users/sa01/Library/Developer/Xcode/Archives/2018-02-08/POS_API_Sample 2018-02-08 18.29.xcarchive/Products/Applications/POS_API_Sample.app'>'> from <IDEiCloudEntitlementsProcessor: 0x7f80a58195b0>: {
}
2018-02-08 09:32:21 +0000  Entitlements for <IDEDistributionItem: 0x7f80a602dc00 'jp.co.tb-group' '<DVTFilePath:0x7f80a3fe1cc0:'/Users/sa01/Library/Developer/Xcode/Archives/2018-02-08/POS_API_Sample 2018-02-08 18.29.xcarchive/Products/Applications/POS_API_Sample.app'>'>: {
    "application-identifier" = "24SXCE6USQ.jp.co.tb-group";
    "com.apple.developer.team-identifier" = 24SXCE6USQ;
    "get-task-allow" = 0;
    "keychain-access-groups" =     (
        "24SXCE6USQ.jp.co.tb-group"
    );
}
2018-02-08 09:32:21 +0000  Writing entitlements for <IDEDistributionItem: 0x7f80a602dc00 'jp.co.tb-group' '<DVTFilePath:0x7f80a3fe1cc0:'/Users/sa01/Library/Developer/Xcode/Archives/2018-02-08/POS_API_Sample 2018-02-08 18.29.xcarchive/Products/Applications/POS_API_Sample.app'>'> to: /var/folders/j2/68ps4d6d2zzfzl0f432hyf8w0000gn/T/XcodeDistPipeline.lmT/entitlementsDTipJl
2018-02-08 09:32:21 +0000  Running /usr/bin/codesign '-vvv' '--force' '--sign' '693C4A43D1F5C43AFF79A680B44B0771F0632ED7' '--preserve-metadata=identifier,flags' '--entitlements' '/var/folders/j2/68ps4d6d2zzfzl0f432hyf8w0000gn/T/XcodeDistPipeline.lmT/entitlementsDTipJl' '/var/folders/j2/68ps4d6d2zzfzl0f432hyf8w0000gn/T/XcodeDistPipeline.lmT/Root/Payload/POS_API_Sample.app'
2018-02-08 09:32:21 +0000  /var/folders/j2/68ps4d6d2zzfzl0f432hyf8w0000gn/T/XcodeDistPipeline.lmT/Root/Payload/POS_API_Sample.app: replacing existing signature
2018-02-08 09:32:21 +0000  /var/folders/j2/68ps4d6d2zzfzl0f432hyf8w0000gn/T/XcodeDistPipeline.lmT/Root/Payload/POS_API_Sample.app: signed app bundle with Mach-O universal (armv7 arm64) [jp.co.tb-group]
2018-02-08 09:32:21 +0000  /usr/bin/codesign exited with 0
2018-02-08 09:32:21 +0000  Processing step: IDEDistributionStreamingZipItemStep
2018-02-08 09:32:21 +0000  Skipping step: IDEDistributionStreamingZipItemStep because it said so
2018-02-08 09:32:21 +0000  Skipping step: IDEDistributionStreamingZipItemStep because it said so
2018-02-08 09:32:21 +0000  Processing step: IDEDistributionCreateIPAStep
2018-02-08 09:32:21 +0000  Running /usr/bin/ditto '-V' '-c' '-k' '--norsrc' '/var/folders/j2/68ps4d6d2zzfzl0f432hyf8w0000gn/T/XcodeDistPipeline.lmT/Root' '/var/folders/j2/68ps4d6d2zzfzl0f432hyf8w0000gn/T/XcodeDistPipeline.lmT/Packages/POS_API_Sample.ipa'
2018-02-08 09:32:21 +0000  >>> Copying /var/folders/j2/68ps4d6d2zzfzl0f432hyf8w0000gn/T/XcodeDistPipeline.lmT/Root 
2018-02-08 09:32:21 +0000  copying file ./Payload/POS_API_Sample.app/576x576.bmp ... 
2018-02-08 09:32:21 +0000  995382 bytes for ./Payload/POS_API_Sample.app/576x576.bmp
2018-02-08 09:32:21 +0000  copying file ./Payload/POS_API_Sample.app/_CodeSignature/CodeResources ... 
2018-02-08 09:32:21 +0000  20249 bytes for ./Payload/POS_API_Sample.app/_CodeSignature/CodeResources
2018-02-08 09:32:21 +0000  copying file ./Payload/POS_API_Sample.app/Android_RadioButton-Off.png ... 
2018-02-08 09:32:21 +0000  858 bytes for ./Payload/POS_API_Sample.app/Android_RadioButton-Off.png
copying file ./Payload/POS_API_Sample.app/Android_RadioButton-On.png ... 
2018-02-08 09:32:21 +0000  1003 bytes for ./Payload/POS_API_Sample.app/Android_RadioButton-On.png
copying file ./Payload/POS_API_Sample.app/AppIcon76x76@2x~ipad.png ... 
2018-02-08 09:32:21 +0000  3164 bytes for ./Payload/POS_API_Sample.app/AppIcon76x76@2x~ipad.png
2018-02-08 09:32:21 +0000  copying file ./Payload/POS_API_Sample.app/AppIcon76x76~ipad.png ... 
2018-02-08 09:32:21 +0000  1231 bytes for ./Payload/POS_API_Sample.app/AppIcon76x76~ipad.png
copying file ./Payload/POS_API_Sample.app/archived-expanded-entitlements.xcent ... 
366 bytes for ./Payload/POS_API_Sample.app/archived-expanded-entitlements.xcent
2018-02-08 09:32:21 +0000  copying file ./Payload/POS_API_Sample.app/Assets.car ... 
2018-02-08 09:32:21 +0000  23656 bytes for ./Payload/POS_API_Sample.app/Assets.car
2018-02-08 09:32:21 +0000  copying file ./Payload/POS_API_Sample.app/Base.lproj/LaunchScreen.nib ... 
2018-02-08 09:32:21 +0000  2511 bytes for ./Payload/POS_API_Sample.app/Base.lproj/LaunchScreen.nib
2018-02-08 09:32:21 +0000  copying file ./Payload/POS_API_Sample.app/Base.lproj/Main.storyboardc/6rA-Eb-qiq-view-7FZ-z7-SHd.nib/objects-11.0+.nib ... 
2018-02-08 09:32:21 +0000  8441 bytes for ./Payload/POS_API_Sample.app/Base.lproj/Main.storyboardc/6rA-Eb-qiq-view-7FZ-z7-SHd.nib/objects-11.0+.nib
copying file ./Payload/POS_API_Sample.app/Base.lproj/Main.storyboardc/6rA-Eb-qiq-view-7FZ-z7-SHd.nib/runtime.nib ... 
2018-02-08 09:32:21 +0000  8433 bytes for ./Payload/POS_API_Sample.app/Base.lproj/Main.storyboardc/6rA-Eb-qiq-view-7FZ-z7-SHd.nib/runtime.nib
2018-02-08 09:32:21 +0000  copying file ./Payload/POS_API_Sample.app/Base.lproj/Main.storyboardc/BLEScanViewController.nib/objects-11.0+.nib ... 
2018-02-08 09:32:21 +0000  1529 bytes for ./Payload/POS_API_Sample.app/Base.lproj/Main.storyboardc/BLEScanViewController.nib/objects-11.0+.nib
copying file ./Payload/POS_API_Sample.app/Base.lproj/Main.storyboardc/BLEScanViewController.nib/runtime.nib ... 
1529 bytes for ./Payload/POS_API_Sample.app/Base.lproj/Main.storyboardc/BLEScanViewController.nib/runtime.nib
copying file ./Payload/POS_API_Sample.app/Base.lproj/Main.storyboardc/CashDrawerControlViewController.nib/objects-11.0+.nib ... 
2018-02-08 09:32:21 +0000  1247 bytes for ./Payload/POS_API_Sample.app/Base.lproj/Main.storyboardc/CashDrawerControlViewController.nib/objects-11.0+.nib
copying file ./Payload/POS_API_Sample.app/Base.lproj/Main.storyboardc/CashDrawerControlViewController.nib/runtime.nib ... 
2018-02-08 09:32:21 +0000  1247 bytes for ./Payload/POS_API_Sample.app/Base.lproj/Main.storyboardc/CashDrawerControlViewController.nib/runtime.nib
copying file ./Payload/POS_API_Sample.app/Base.lproj/Main.storyboardc/ComPortSetupViewController.nib/objects-11.0+.nib ... 
1232 bytes for ./Payload/POS_API_Sample.app/Base.lproj/Main.storyboardc/ComPortSetupViewController.nib/objects-11.0+.nib
copying file ./Payload/POS_API_Sample.app/Base.lproj/Main.storyboardc/ComPortSetupViewController.nib/runtime.nib ... 
2018-02-08 09:32:21 +0000  1232 bytes for ./Payload/POS_API_Sample.app/Base.lproj/Main.storyboardc/ComPortSetupViewController.nib/runtime.nib
copying file ./Payload/POS_API_Sample.app/Base.lproj/Main.storyboardc/fjI-jl-KHY-view-1eN-lW-i7Z.nib/objects-11.0+.nib ... 
2018-02-08 09:32:21 +0000  20397 bytes for ./Payload/POS_API_Sample.app/Base.lproj/Main.storyboardc/fjI-jl-KHY-view-1eN-lW-i7Z.nib/objects-11.0+.nib
copying file ./Payload/POS_API_Sample.app/Base.lproj/Main.storyboardc/fjI-jl-KHY-view-1eN-lW-i7Z.nib/runtime.nib ... 
2018-02-08 09:32:21 +0000  20392 bytes for ./Payload/POS_API_Sample.app/Base.lproj/Main.storyboardc/fjI-jl-KHY-view-1eN-lW-i7Z.nib/runtime.nib
2018-02-08 09:32:21 +0000  copying file ./Payload/POS_API_Sample.app/Base.lproj/Main.storyboardc/g2J-D0-BkH-view-Xby-xz-aar.nib/objects-11.0+.nib ... 
2018-02-08 09:32:21 +0000  20973 bytes for ./Payload/POS_API_Sample.app/Base.lproj/Main.storyboardc/g2J-D0-BkH-view-Xby-xz-aar.nib/objects-11.0+.nib
copying file ./Payload/POS_API_Sample.app/Base.lproj/Main.storyboardc/g2J-D0-BkH-view-Xby-xz-aar.nib/runtime.nib ... 
2018-02-08 09:32:21 +0000  20979 bytes for ./Payload/POS_API_Sample.app/Base.lproj/Main.storyboardc/g2J-D0-BkH-view-Xby-xz-aar.nib/runtime.nib
2018-02-08 09:32:21 +0000  copying file ./Payload/POS_API_Sample.app/Base.lproj/Main.storyboardc/Info.plist ... 
601 bytes for ./Payload/POS_API_Sample.app/Base.lproj/Main.storyboardc/Info.plist
2018-02-08 09:32:21 +0000  copying file ./Payload/POS_API_Sample.app/Base.lproj/Main.storyboardc/oVH-49-9gq-view-NEX-NI-JSd.nib/objects-11.0+.nib ... 
2018-02-08 09:32:21 +0000  41078 bytes for ./Payload/POS_API_Sample.app/Base.lproj/Main.storyboardc/oVH-49-9gq-view-NEX-NI-JSd.nib/objects-11.0+.nib
copying file ./Payload/POS_API_Sample.app/Base.lproj/Main.storyboardc/oVH-49-9gq-view-NEX-NI-JSd.nib/runtime.nib ... 
2018-02-08 09:32:21 +0000  41081 bytes for ./Payload/POS_API_Sample.app/Base.lproj/Main.storyboardc/oVH-49-9gq-view-NEX-NI-JSd.nib/runtime.nib
2018-02-08 09:32:21 +0000  copying file ./Payload/POS_API_Sample.app/Base.lproj/Main.storyboardc/PrinterTestViewController.nib/objects-11.0+.nib ... 
2018-02-08 09:32:21 +0000  1227 bytes for ./Payload/POS_API_Sample.app/Base.lproj/Main.storyboardc/PrinterTestViewController.nib/objects-11.0+.nib
copying file ./Payload/POS_API_Sample.app/Base.lproj/Main.storyboardc/PrinterTestViewController.nib/runtime.nib ... 
2018-02-08 09:32:21 +0000  1227 bytes for ./Payload/POS_API_Sample.app/Base.lproj/Main.storyboardc/PrinterTestViewController.nib/runtime.nib
copying file ./Payload/POS_API_Sample.app/Base.lproj/Main.storyboardc/S98-6Z-hrg-view-TNy-cS-fCO.nib/objects-11.0+.nib ... 
2018-02-08 09:32:21 +0000  14249 bytes for ./Payload/POS_API_Sample.app/Base.lproj/Main.storyboardc/S98-6Z-hrg-view-TNy-cS-fCO.nib/objects-11.0+.nib
copying file ./Payload/POS_API_Sample.app/Base.lproj/Main.storyboardc/S98-6Z-hrg-view-TNy-cS-fCO.nib/runtime.nib ... 
2018-02-08 09:32:21 +0000  14244 bytes for ./Payload/POS_API_Sample.app/Base.lproj/Main.storyboardc/S98-6Z-hrg-view-TNy-cS-fCO.nib/runtime.nib
2018-02-08 09:32:21 +0000  copying file ./Payload/POS_API_Sample.app/Base.lproj/Main.storyboardc/ScannerTestViewController.nib/objects-11.0+.nib ... 
2018-02-08 09:32:21 +0000  1227 bytes for ./Payload/POS_API_Sample.app/Base.lproj/Main.storyboardc/ScannerTestViewController.nib/objects-11.0+.nib
copying file ./Payload/POS_API_Sample.app/Base.lproj/Main.storyboardc/ScannerTestViewController.nib/runtime.nib ... 
2018-02-08 09:32:21 +0000  1227 bytes for ./Payload/POS_API_Sample.app/Base.lproj/Main.storyboardc/ScannerTestViewController.nib/runtime.nib
copying file ./Payload/POS_API_Sample.app/Base.lproj/Main.storyboardc/UINavigationController-IIm-N5-nA1.nib/objects-11.0+.nib ... 
2018-02-08 09:32:21 +0000  2608 bytes for ./Payload/POS_API_Sample.app/Base.lproj/Main.storyboardc/UINavigationController-IIm-N5-nA1.nib/objects-11.0+.nib
copying file ./Payload/POS_API_Sample.app/Base.lproj/Main.storyboardc/UINavigationController-IIm-N5-nA1.nib/runtime.nib ... 
2018-02-08 09:32:21 +0000  2611 bytes for ./Payload/POS_API_Sample.app/Base.lproj/Main.storyboardc/UINavigationController-IIm-N5-nA1.nib/runtime.nib
2018-02-08 09:32:21 +0000  copying file ./Payload/POS_API_Sample.app/Base.lproj/Main.storyboardc/YRd-GR-agd-view-dCj-p3-0Ph.nib/objects-11.0+.nib ... 
2018-02-08 09:32:21 +0000  24346 bytes for ./Payload/POS_API_Sample.app/Base.lproj/Main.storyboardc/YRd-GR-agd-view-dCj-p3-0Ph.nib/objects-11.0+.nib
copying file ./Payload/POS_API_Sample.app/Base.lproj/Main.storyboardc/YRd-GR-agd-view-dCj-p3-0Ph.nib/runtime.nib ... 
2018-02-08 09:32:21 +0000  24342 bytes for ./Payload/POS_API_Sample.app/Base.lproj/Main.storyboardc/YRd-GR-agd-view-dCj-p3-0Ph.nib/runtime.nib
2018-02-08 09:32:21 +0000  copying file ./Payload/POS_API_Sample.app/black.bmp ... 
2018-02-08 09:32:21 +0000  56278 bytes for ./Payload/POS_API_Sample.app/black.bmp
copying file ./Payload/POS_API_Sample.app/CheckBox_Vista-Off.png ... 
2018-02-08 09:32:21 +0000  682 bytes for ./Payload/POS_API_Sample.app/CheckBox_Vista-Off.png
copying file ./Payload/POS_API_Sample.app/CheckBox_Vista-On.png ... 
2018-02-08 09:32:21 +0000  1463 bytes for ./Payload/POS_API_Sample.app/CheckBox_Vista-On.png
2018-02-08 09:32:21 +0000  copying file ./Payload/POS_API_Sample.app/ComboBox_Vista-Arrow.png ... 
395 bytes for ./Payload/POS_API_Sample.app/ComboBox_Vista-Arrow.png
2018-02-08 09:32:21 +0000  copying file ./Payload/POS_API_Sample.app/Data/print576x576-pageMode.dat ... 
2018-02-08 09:32:21 +0000  41328 bytes for ./Payload/POS_API_Sample.app/Data/print576x576-pageMode.dat
copying file ./Payload/POS_API_Sample.app/Data/printSampleReceipt-2x1.dat ... 
2018-02-08 09:32:21 +0000  24039 bytes for ./Payload/POS_API_Sample.app/Data/printSampleReceipt-2x1.dat
copying file ./Payload/POS_API_Sample.app/Data/senddatatest.dat ... 
2018-02-08 09:32:21 +0000  11305 bytes for ./Payload/POS_API_Sample.app/Data/senddatatest.dat
copying file ./Payload/POS_API_Sample.app/Data/senddatatest2.dat ... 
2018-02-08 09:32:21 +0000  1200 bytes for ./Payload/POS_API_Sample.app/Data/senddatatest2.dat
2018-02-08 09:32:21 +0000  copying file ./Payload/POS_API_Sample.app/Data/senddatatest3.dat ... 
2018-02-08 09:32:21 +0000  5742 bytes for ./Payload/POS_API_Sample.app/Data/senddatatest3.dat
2018-02-08 09:32:21 +0000  copying file ./Payload/POS_API_Sample.app/embedded.mobileprovision ... 
2018-02-08 09:32:21 +0000  10684 bytes for ./Payload/POS_API_Sample.app/embedded.mobileprovision
2018-02-08 09:32:21 +0000  copying file ./Payload/POS_API_Sample.app/Frameworks/FTKit.framework/_CodeSignature/CodeResources ... 
2018-02-08 09:32:21 +0000  2202 bytes for ./Payload/POS_API_Sample.app/Frameworks/FTKit.framework/_CodeSignature/CodeResources
2018-02-08 09:32:21 +0000  copying file ./Payload/POS_API_Sample.app/Frameworks/FTKit.framework/FTKit ... 
2018-02-08 09:32:21 +0000  440368 bytes for ./Payload/POS_API_Sample.app/Frameworks/FTKit.framework/FTKit
copying file ./Payload/POS_API_Sample.app/Frameworks/FTKit.framework/Info.plist ... 
2018-02-08 09:32:21 +0000  734 bytes for ./Payload/POS_API_Sample.app/Frameworks/FTKit.framework/Info.plist
copying file ./Payload/POS_API_Sample.app/Info.plist ... 
2018-02-08 09:32:21 +0000  2091 bytes for ./Payload/POS_API_Sample.app/Info.plist
copying file ./Payload/POS_API_Sample.app/isbn.png ... 
2018-02-08 09:32:21 +0000  17764 bytes for ./Payload/POS_API_Sample.app/isbn.png
copying file ./Payload/POS_API_Sample.app/Logo.bmp ... 
2018-02-08 09:32:21 +0000  339894 bytes for ./Payload/POS_API_Sample.app/Logo.bmp
copying file ./Payload/POS_API_Sample.app/PkgInfo ... 
2018-02-08 09:32:21 +0000  8 bytes for ./Payload/POS_API_Sample.app/PkgInfo
copying file ./Payload/POS_API_Sample.app/POS_API_Sample ... 
2018-02-08 09:32:21 +0000  785872 bytes for ./Payload/POS_API_Sample.app/POS_API_Sample
copying file ./Payload/POS_API_Sample.app/RadioButton_Vista-Off.png ... 
2018-02-08 09:32:21 +0000  1125 bytes for ./Payload/POS_API_Sample.app/RadioButton_Vista-Off.png
copying file ./Payload/POS_API_Sample.app/RadioButton_Vista-On.png ... 
2018-02-08 09:32:21 +0000  1803 bytes for ./Payload/POS_API_Sample.app/RadioButton_Vista-On.png
copying file ./Payload/POS_API_Sample.app/upce.jpg ... 
2018-02-08 09:32:21 +0000  13869 bytes for ./Payload/POS_API_Sample.app/upce.jpg
2018-02-08 09:32:21 +0000  /usr/bin/ditto exited with 0
2018-02-08 09:32:21 +0000  Processing step: IDEDistributionCreateManifestStep
