2019-03-19 00:44:23 +0000  Initial pipeline context: <IDEDistributionProcessingPipelineContext: 0x7f8c2413fdb0; archive(resolved)='<IDEArchive: 0x7f8c235bc890>', distributionTask(resolved)='2', distributionMethod(resolved)='<IDEDistributionMethodAdHoc: 0x7f8c235b3cd0>', team(resolved)='<IDEProvisioningBasicTeam: 0x7f8c2412c140; teamID='24SXCE6USQ', teamName='TB Group inc.'>'>
	Chain (11, self inclusive):
	<IDEDistributionProcessingPipelineContext: 0x7f8c2413fdb0; archive = '<IDEArchive: 0x7f8c235bc890>', distributionMethod='<IDEDistributionMethodAdHoc: 0x7f8c235b3cd0>', team='<IDEProvisioningBasicTeam: 0x7f8c2412c140; teamID='24SXCE6USQ', teamName='TB Group inc.'>'>
	<IDEDistributionProcessingPipelineContext: 0x7f8c2413ec60; archive = '<IDEArchive: 0x7f8c235bc890>', distributionMethod='<IDEDistributionMethodAdHoc: 0x7f8c235b3cd0>', team='<IDEProvisioningBasicTeam: 0x7f8c2412c140; teamID='24SXCE6USQ', teamName='TB Group inc.'>'>
	<IDEDistributionContext: 0x7f8c24270560; archive = '<IDEArchive: 0x7f8c235bc890>', distributionMethod='<IDEDistributionMethodAdHoc: 0x7f8c235b3cd0>', team='<IDEProvisioningBasicTeam: 0x7f8c2412c140; teamID='24SXCE6USQ', teamName='TB Group inc.'>'>
	<IDEDistributionContext: 0x7f8c24111000; archive = '<IDEArchive: 0x7f8c235bc890>', distributionMethod='<IDEDistributionMethodAdHoc: 0x7f8c235b3cd0>', team='<IDEProvisioningBasicTeam: 0x7f8c2412c140; teamID='24SXCE6USQ', teamName='TB Group inc.'>'>
	<IDEDistributionContext: 0x7f8c23673d40; archive = '<IDEArchive: 0x7f8c235bc890>', distributionMethod='<IDEDistributionMethodAdHoc: 0x7f8c235b3cd0>', team='<IDEProvisioningBasicTeam: 0x7f8c2412c140; teamID='24SXCE6USQ', teamName='TB Group inc.'>'>
	<IDEDistributionContext: 0x7f8c21a4b630; archive = '<IDEArchive: 0x7f8c235bc890>', distributionMethod='<IDEDistributionMethodAdHoc: 0x7f8c235b3cd0>', team='<IDEProvisioningBasicTeam: 0x7f8c2412c140; teamID='24SXCE6USQ', teamName='TB Group inc.'>'>
	<IDEDistributionContext: 0x7f8c240d4e80; archive = '<IDEArchive: 0x7f8c235bc890>', distributionMethod='<IDEDistributionMethodAdHoc: 0x7f8c235b3cd0>', team='<IDEProvisioningBasicTeam: 0x7f8c2412c140; teamID='24SXCE6USQ', teamName='TB Group inc.'>'>
	<IDEDistributionContext: 0x7f8c24099030; archive = '<IDEArchive: 0x7f8c235bc890>', distributionMethod='<IDEDistributionMethodAdHoc: 0x7f8c235b3cd0>', team='<IDEProvisioningBasicTeam: 0x7f8c2412c140; teamID='24SXCE6USQ', teamName='TB Group inc.'>'>
	<IDEDistributionContext: 0x7f8c2410d520; archive = '<IDEArchive: 0x7f8c235bc890>', distributionMethod='<IDEDistributionMethodAdHoc: 0x7f8c235b3cd0>', team='<IDEProvisioningBasicTeam: 0x7f8c2412c140; teamID='24SXCE6USQ', teamName='TB Group inc.'>'>
	<IDEDistributionContext: 0x7f8c240a4410; archive = '<IDEArchive: 0x7f8c235bc890>', distributionMethod='<IDEDistributionMethodAdHoc: 0x7f8c235b3cd0>', team='(null)'>
	<IDEDistributionContext: 0x7f8c234affd0; archive = '<IDEArchive: 0x7f8c235bc890>', distributionMethod='(null)', team='(null)'>
</IDEDistributionProcessingPipelineContext: 0x7f8c2413fdb0>
2019-03-19 00:44:23 +0000  Processing step: IDEDistributionCreateDestRootStep
2019-03-19 00:44:23 +0000  Processing step: IDEDistributionCopyItemStep
2019-03-19 00:44:23 +0000  Running /usr/bin/ditto '-V' '/Users/sa02/Library/Developer/Xcode/Archives/2019-03-19/POS_API_Sample 2019-03-19 9.40.xcarchive/Products/Applications/POS_API_Sample.app' '/var/folders/mn/wprwsw3x4zz70mtpjhg1vwc80000gn/T/XcodeDistPipeline.xu9/Root/Payload/POS_API_Sample.app'
2019-03-19 00:44:23 +0000  >>> Copying /Users/sa02/Library/Developer/Xcode/Archives/2019-03-19/POS_API_Sample 2019-03-19 9.40.xcarchive/Products/Applications/POS_API_Sample.app 
2019-03-19 00:44:23 +0000  copying file ./_CodeSignature/CodeResources ... 
2019-03-19 00:44:23 +0000  19927 bytes for ./_CodeSignature/CodeResources
2019-03-19 00:44:23 +0000  copying file ./Logo.bmp ... 
2019-03-19 00:44:23 +0000  339894 bytes for ./Logo.bmp
2019-03-19 00:44:23 +0000  copying file ./CheckBox_Vista-Off.png ... 
2019-03-19 00:44:23 +0000  682 bytes for ./CheckBox_Vista-Off.png
2019-03-19 00:44:23 +0000  copying file ./POS_API_Sample ... 
2019-03-19 00:44:23 +0000  593200 bytes for ./POS_API_Sample
2019-03-19 00:44:23 +0000  copying file ./Android_RadioButton-Off.png ... 
2019-03-19 00:44:23 +0000  858 bytes for ./Android_RadioButton-Off.png
2019-03-19 00:44:23 +0000  copying file ./Base.lproj/LaunchScreen.nib ... 
2019-03-19 00:44:23 +0000  2509 bytes for ./Base.lproj/LaunchScreen.nib
2019-03-19 00:44:23 +0000  copying file ./Base.lproj/Main.storyboardc/BLEScanViewController.nib/objects-11.0+.nib ... 
2019-03-19 00:44:23 +0000  2522 bytes for ./Base.lproj/Main.storyboardc/BLEScanViewController.nib/objects-11.0+.nib
2019-03-19 00:44:23 +0000  copying file ./Base.lproj/Main.storyboardc/BLEScanViewController.nib/runtime.nib ... 
2019-03-19 00:44:23 +0000  2520 bytes for ./Base.lproj/Main.storyboardc/BLEScanViewController.nib/runtime.nib
2019-03-19 00:44:23 +0000  copying file ./Base.lproj/Main.storyboardc/S98-6Z-hrg-view-TNy-cS-fCO.nib/objects-11.0+.nib ... 
2019-03-19 00:44:23 +0000  14248 bytes for ./Base.lproj/Main.storyboardc/S98-6Z-hrg-view-TNy-cS-fCO.nib/objects-11.0+.nib
2019-03-19 00:44:23 +0000  copying file ./Base.lproj/Main.storyboardc/S98-6Z-hrg-view-TNy-cS-fCO.nib/runtime.nib ... 
2019-03-19 00:44:23 +0000  14261 bytes for ./Base.lproj/Main.storyboardc/S98-6Z-hrg-view-TNy-cS-fCO.nib/runtime.nib
2019-03-19 00:44:23 +0000  copying file ./Base.lproj/Main.storyboardc/UINavigationController-IIm-N5-nA1.nib/objects-11.0+.nib ... 
2019-03-19 00:44:23 +0000  2607 bytes for ./Base.lproj/Main.storyboardc/UINavigationController-IIm-N5-nA1.nib/objects-11.0+.nib
2019-03-19 00:44:23 +0000  copying file ./Base.lproj/Main.storyboardc/UINavigationController-IIm-N5-nA1.nib/runtime.nib ... 
2609 bytes for ./Base.lproj/Main.storyboardc/UINavigationController-IIm-N5-nA1.nib/runtime.nib
2019-03-19 00:44:23 +0000  copying file ./Base.lproj/Main.storyboardc/ScannerTestViewController.nib/objects-11.0+.nib ... 
2019-03-19 00:44:23 +0000  1227 bytes for ./Base.lproj/Main.storyboardc/ScannerTestViewController.nib/objects-11.0+.nib
copying file ./Base.lproj/Main.storyboardc/ScannerTestViewController.nib/runtime.nib ... 
2019-03-19 00:44:23 +0000  1227 bytes for ./Base.lproj/Main.storyboardc/ScannerTestViewController.nib/runtime.nib
2019-03-19 00:44:23 +0000  copying file ./Base.lproj/Main.storyboardc/oVH-49-9gq-view-NEX-NI-JSd.nib/objects-11.0+.nib ... 
2019-03-19 00:44:23 +0000  41093 bytes for ./Base.lproj/Main.storyboardc/oVH-49-9gq-view-NEX-NI-JSd.nib/objects-11.0+.nib
copying file ./Base.lproj/Main.storyboardc/oVH-49-9gq-view-NEX-NI-JSd.nib/runtime.nib ... 
2019-03-19 00:44:23 +0000  41086 bytes for ./Base.lproj/Main.storyboardc/oVH-49-9gq-view-NEX-NI-JSd.nib/runtime.nib
2019-03-19 00:44:23 +0000  copying file ./Base.lproj/Main.storyboardc/YRd-GR-agd-view-dCj-p3-0Ph.nib/objects-11.0+.nib ... 
2019-03-19 00:44:23 +0000  25606 bytes for ./Base.lproj/Main.storyboardc/YRd-GR-agd-view-dCj-p3-0Ph.nib/objects-11.0+.nib
2019-03-19 00:44:23 +0000  copying file ./Base.lproj/Main.storyboardc/YRd-GR-agd-view-dCj-p3-0Ph.nib/runtime.nib ... 
2019-03-19 00:44:23 +0000  25598 bytes for ./Base.lproj/Main.storyboardc/YRd-GR-agd-view-dCj-p3-0Ph.nib/runtime.nib
2019-03-19 00:44:23 +0000  copying file ./Base.lproj/Main.storyboardc/fjI-jl-KHY-view-1eN-lW-i7Z.nib/objects-11.0+.nib ... 
2019-03-19 00:44:23 +0000  20379 bytes for ./Base.lproj/Main.storyboardc/fjI-jl-KHY-view-1eN-lW-i7Z.nib/objects-11.0+.nib
2019-03-19 00:44:23 +0000  copying file ./Base.lproj/Main.storyboardc/fjI-jl-KHY-view-1eN-lW-i7Z.nib/runtime.nib ... 
2019-03-19 00:44:23 +0000  20388 bytes for ./Base.lproj/Main.storyboardc/fjI-jl-KHY-view-1eN-lW-i7Z.nib/runtime.nib
2019-03-19 00:44:23 +0000  copying file ./Base.lproj/Main.storyboardc/6rA-Eb-qiq-view-7FZ-z7-SHd.nib/objects-11.0+.nib ... 
2019-03-19 00:44:23 +0000  8390 bytes for ./Base.lproj/Main.storyboardc/6rA-Eb-qiq-view-7FZ-z7-SHd.nib/objects-11.0+.nib
2019-03-19 00:44:23 +0000  copying file ./Base.lproj/Main.storyboardc/6rA-Eb-qiq-view-7FZ-z7-SHd.nib/runtime.nib ... 
2019-03-19 00:44:23 +0000  8392 bytes for ./Base.lproj/Main.storyboardc/6rA-Eb-qiq-view-7FZ-z7-SHd.nib/runtime.nib
2019-03-19 00:44:23 +0000  copying file ./Base.lproj/Main.storyboardc/g2J-D0-BkH-view-Xby-xz-aar.nib/objects-11.0+.nib ... 
2019-03-19 00:44:23 +0000  21115 bytes for ./Base.lproj/Main.storyboardc/g2J-D0-BkH-view-Xby-xz-aar.nib/objects-11.0+.nib
2019-03-19 00:44:23 +0000  copying file ./Base.lproj/Main.storyboardc/g2J-D0-BkH-view-Xby-xz-aar.nib/runtime.nib ... 
2019-03-19 00:44:23 +0000  21113 bytes for ./Base.lproj/Main.storyboardc/g2J-D0-BkH-view-Xby-xz-aar.nib/runtime.nib
2019-03-19 00:44:23 +0000  copying file ./Base.lproj/Main.storyboardc/ComPortSetupViewController.nib/objects-11.0+.nib ... 
2019-03-19 00:44:23 +0000  1232 bytes for ./Base.lproj/Main.storyboardc/ComPortSetupViewController.nib/objects-11.0+.nib
2019-03-19 00:44:23 +0000  copying file ./Base.lproj/Main.storyboardc/ComPortSetupViewController.nib/runtime.nib ... 
2019-03-19 00:44:23 +0000  1232 bytes for ./Base.lproj/Main.storyboardc/ComPortSetupViewController.nib/runtime.nib
copying file ./Base.lproj/Main.storyboardc/Info.plist ... 
2019-03-19 00:44:23 +0000  601 bytes for ./Base.lproj/Main.storyboardc/Info.plist
2019-03-19 00:44:23 +0000  copying file ./Base.lproj/Main.storyboardc/CashDrawerControlViewController.nib/objects-11.0+.nib ... 
2019-03-19 00:44:23 +0000  1247 bytes for ./Base.lproj/Main.storyboardc/CashDrawerControlViewController.nib/objects-11.0+.nib
2019-03-19 00:44:23 +0000  copying file ./Base.lproj/Main.storyboardc/CashDrawerControlViewController.nib/runtime.nib ... 
1247 bytes for ./Base.lproj/Main.storyboardc/CashDrawerControlViewController.nib/runtime.nib
2019-03-19 00:44:23 +0000  copying file ./Base.lproj/Main.storyboardc/PrinterTestViewController.nib/objects-11.0+.nib ... 
2019-03-19 00:44:23 +0000  1227 bytes for ./Base.lproj/Main.storyboardc/PrinterTestViewController.nib/objects-11.0+.nib
2019-03-19 00:44:23 +0000  copying file ./Base.lproj/Main.storyboardc/PrinterTestViewController.nib/runtime.nib ... 
2019-03-19 00:44:23 +0000  1227 bytes for ./Base.lproj/Main.storyboardc/PrinterTestViewController.nib/runtime.nib
2019-03-19 00:44:23 +0000  copying file ./upce.jpg ... 
2019-03-19 00:44:23 +0000  13869 bytes for ./upce.jpg
2019-03-19 00:44:23 +0000  copying file ./RadioButton_Vista-On.png ... 
2019-03-19 00:44:23 +0000  1803 bytes for ./RadioButton_Vista-On.png
copying file ./576x576.bmp ... 
2019-03-19 00:44:23 +0000  995382 bytes for ./576x576.bmp
copying file ./Android_RadioButton-On.png ... 
2019-03-19 00:44:23 +0000  1003 bytes for ./Android_RadioButton-On.png
copying file ./Assets.car ... 
2019-03-19 00:44:23 +0000  23416 bytes for ./Assets.car
2019-03-19 00:44:23 +0000  copying file ./RadioButton_Vista-Off.png ... 
2019-03-19 00:44:23 +0000  1125 bytes for ./RadioButton_Vista-Off.png
copying file ./AppIcon76x76@2x~ipad.png ... 
2019-03-19 00:44:23 +0000  3164 bytes for ./AppIcon76x76@2x~ipad.png
2019-03-19 00:44:23 +0000  copying file ./isbn.png ... 
2019-03-19 00:44:23 +0000  17764 bytes for ./isbn.png
copying file ./black.bmp ... 
2019-03-19 00:44:23 +0000  56278 bytes for ./black.bmp
2019-03-19 00:44:23 +0000  copying file ./Frameworks/ZipZap.framework/_CodeSignature/CodeResources ... 
2019-03-19 00:44:23 +0000  2202 bytes for ./Frameworks/ZipZap.framework/_CodeSignature/CodeResources
2019-03-19 00:44:23 +0000  copying file ./Frameworks/ZipZap.framework/ZipZap ... 
2019-03-19 00:44:23 +0000  622432 bytes for ./Frameworks/ZipZap.framework/ZipZap
2019-03-19 00:44:23 +0000  copying file ./Frameworks/ZipZap.framework/Info.plist ... 
2019-03-19 00:44:23 +0000  735 bytes for ./Frameworks/ZipZap.framework/Info.plist
copying file ./ComboBox_Vista-Arrow.png ... 
2019-03-19 00:44:23 +0000  395 bytes for ./ComboBox_Vista-Arrow.png
2019-03-19 00:44:23 +0000  copying file ./embedded.mobileprovision ... 
2019-03-19 00:44:23 +0000  8870 bytes for ./embedded.mobileprovision
2019-03-19 00:44:23 +0000  copying file ./Data/senddatatest.dat ... 
2019-03-19 00:44:23 +0000  11305 bytes for ./Data/senddatatest.dat
2019-03-19 00:44:23 +0000  copying file ./Data/printSampleReceipt-2x1.dat ... 
2019-03-19 00:44:23 +0000  24039 bytes for ./Data/printSampleReceipt-2x1.dat
2019-03-19 00:44:23 +0000  copying file ./Data/senddatatest3.dat ... 
2019-03-19 00:44:23 +0000  5742 bytes for ./Data/senddatatest3.dat
copying file ./Data/senddatatest2.dat ... 
2019-03-19 00:44:23 +0000  1200 bytes for ./Data/senddatatest2.dat
copying file ./Data/print576x576-pageMode.dat ... 
2019-03-19 00:44:23 +0000  41328 bytes for ./Data/print576x576-pageMode.dat
copying file ./CheckBox_Vista-On.png ... 
1463 bytes for ./CheckBox_Vista-On.png
copying file ./Info.plist ... 
2019-03-19 00:44:23 +0000  2125 bytes for ./Info.plist
2019-03-19 00:44:23 +0000  copying file ./PkgInfo ... 
2019-03-19 00:44:23 +0000  8 bytes for ./PkgInfo
copying file ./AppIcon76x76~ipad.png ... 
2019-03-19 00:44:23 +0000  1231 bytes for ./AppIcon76x76~ipad.png
2019-03-19 00:44:23 +0000  
2019-03-19 00:44:23 +0000  
2019-03-19 00:44:23 +0000  /usr/bin/ditto exited with 0
2019-03-19 00:44:23 +0000  
2019-03-19 00:44:23 +0000  2019-03-19 00:44:23 +0000  Processing step: IDEDistributionEmbedProfileStep

2019-03-19 00:44:23 +0000  Skipping profile for item: <IDEDistributionItem: 0x7f8c2331c890 'com.pixelglow.ZipZap' '<DVTFilePath:0x7f8c240d5a00:'/Users/sa02/Library/Developer/Xcode/Archives/2019-03-19/POS_API_Sample 2019-03-19 9.40.xcarchive/Products/Applications/POS_API_Sample.app/Frameworks/ZipZap.framework'>'>
2019-03-19 00:44:23 +0000  Processing step: IDEDistributionAppThinningPlistStep
2019-03-19 00:44:23 +0000  Skipping step: IDEDistributionAppThinningPlistStep because it said so
2019-03-19 00:44:23 +0000  Processing step: IDEDistributionCompileBitcodeStep
2019-03-19 00:44:23 +0000  Skipping step: IDEDistributionCompileBitcodeStep because it said so
2019-03-19 00:44:23 +0000  Processing step: IDEDistributionCodeSlimmingStep
2019-03-19 00:44:23 +0000  Processing step: IDEDistributionCopyBCSymbolMapsStep
2019-03-19 00:44:23 +0000  Skipping step: IDEDistributionCopyBCSymbolMapsStep because it said so
2019-03-19 00:44:23 +0000  Skipping step: IDEDistributionCopyBCSymbolMapsStep because it said so
2019-03-19 00:44:23 +0000  Processing step: IDEDistributionSymbolsStep
2019-03-19 00:44:23 +0000  Skipping step: IDEDistributionSymbolsStep because it said so
2019-03-19 00:44:23 +0000  Skipping step: IDEDistributionSymbolsStep because it said so
2019-03-19 00:44:23 +0000  Processing step: IDEDistributionAppThinningStep
2019-03-19 00:44:23 +0000  Skipping step: IDEDistributionAppThinningStep because it said so
2019-03-19 00:44:23 +0000  Processing step: IDEDistributionODRStep
2019-03-19 00:44:23 +0000  Processing step: IDEDistributionStripXattrsStep
2019-03-19 00:44:23 +0000  Skipping stripping extended attributes of item: <IDEDistributionItem: 0x7f8c2331c890 'com.pixelglow.ZipZap' '<DVTFilePath:0x7f8c240d5a00:'/Users/sa02/Library/Developer/Xcode/Archives/2019-03-19/POS_API_Sample 2019-03-19 9.40.xcarchive/Products/Applications/POS_API_Sample.app/Frameworks/ZipZap.framework'>'>
2019-03-19 00:44:23 +0000  Running /usr/bin/xattr '-crs' '/var/folders/mn/wprwsw3x4zz70mtpjhg1vwc80000gn/T/XcodeDistPipeline.xu9/Root/Payload/POS_API_Sample.app'
2019-03-19 00:44:23 +0000  
2019-03-19 00:44:23 +0000  2019-03-19 00:44:23 +0000  /usr/bin/xattr exited with 0
2019-03-19 00:44:23 +0000  
2019-03-19 00:44:23 +0000  

2019-03-19 00:44:23 +0000  Processing step: IDEDistributionCodesignStep
2019-03-19 00:44:23 +0000  Entitlements for <IDEDistributionItem: 0x7f8c2331c890 'com.pixelglow.ZipZap' '<DVTFilePath:0x7f8c240d5a00:'/Users/sa02/Library/Developer/Xcode/Archives/2019-03-19/POS_API_Sample 2019-03-19 9.40.xcarchive/Products/Applications/POS_API_Sample.app/Frameworks/ZipZap.framework'>'>: {
}
2019-03-19 00:44:23 +0000  Writing entitlements for <IDEDistributionItem: 0x7f8c2331c890 'com.pixelglow.ZipZap' '<DVTFilePath:0x7f8c240d5a00:'/Users/sa02/Library/Developer/Xcode/Archives/2019-03-19/POS_API_Sample 2019-03-19 9.40.xcarchive/Products/Applications/POS_API_Sample.app/Frameworks/ZipZap.framework'>'> to: /var/folders/mn/wprwsw3x4zz70mtpjhg1vwc80000gn/T/XcodeDistPipeline.xu9/entitlements6DE9i2
2019-03-19 00:44:23 +0000  Running /usr/bin/codesign '-vvv' '--force' '--sign' '8DBA419DEA4075AB2F734AB4AB70FAC88611EFC3' '--preserve-metadata=identifier,flags' '--entitlements' '/var/folders/mn/wprwsw3x4zz70mtpjhg1vwc80000gn/T/XcodeDistPipeline.xu9/entitlements6DE9i2' '/var/folders/mn/wprwsw3x4zz70mtpjhg1vwc80000gn/T/XcodeDistPipeline.xu9/Root/Payload/POS_API_Sample.app/Frameworks/ZipZap.framework'
2019-03-19 00:44:23 +0000  /var/folders/mn/wprwsw3x4zz70mtpjhg1vwc80000gn/T/XcodeDistPipeline.xu9/Root/Payload/POS_API_Sample.app/Frameworks/ZipZap.framework: replacing existing signature
2019-03-19 00:44:23 +0000  /var/folders/mn/wprwsw3x4zz70mtpjhg1vwc80000gn/T/XcodeDistPipeline.xu9/Root/Payload/POS_API_Sample.app/Frameworks/ZipZap.framework: signed bundle with Mach-O universal (i386 armv7 x86_64 arm64) [com.pixelglow.ZipZap]
2019-03-19 00:44:23 +0000  
2019-03-19 00:44:23 +0000  2019-03-19 00:44:23 +0000  /usr/bin/codesign exited with 0
2019-03-19 00:44:23 +0000  

2019-03-19 00:44:23 +0000  Entitlements for <IDEDistributionItem: 0x7f8c2411fd30 'jp.co.tb-group.pas' '<DVTFilePath:0x7f8c229d2e20:'/Users/sa02/Library/Developer/Xcode/Archives/2019-03-19/POS_API_Sample 2019-03-19 9.40.xcarchive/Products/Applications/POS_API_Sample.app'>'>: {
    "application-identifier" = "24SXCE6USQ.jp.co.tb-group.pas";
    "com.apple.developer.team-identifier" = 24SXCE6USQ;
    "get-task-allow" = 0;
    "keychain-access-groups" =     (
        "24SXCE6USQ.jp.co.tb-group.pas"
    );
}
2019-03-19 00:44:23 +0000  Writing entitlements for <IDEDistributionItem: 0x7f8c2411fd30 'jp.co.tb-group.pas' '<DVTFilePath:0x7f8c229d2e20:'/Users/sa02/Library/Developer/Xcode/Archives/2019-03-19/POS_API_Sample 2019-03-19 9.40.xcarchive/Products/Applications/POS_API_Sample.app'>'> to: /var/folders/mn/wprwsw3x4zz70mtpjhg1vwc80000gn/T/XcodeDistPipeline.xu9/entitlementsDxtrB6
2019-03-19 00:44:23 +0000  Running /usr/bin/codesign '-vvv' '--force' '--sign' '8DBA419DEA4075AB2F734AB4AB70FAC88611EFC3' '--preserve-metadata=identifier,flags' '--entitlements' '/var/folders/mn/wprwsw3x4zz70mtpjhg1vwc80000gn/T/XcodeDistPipeline.xu9/entitlementsDxtrB6' '/var/folders/mn/wprwsw3x4zz70mtpjhg1vwc80000gn/T/XcodeDistPipeline.xu9/Root/Payload/POS_API_Sample.app'
2019-03-19 00:44:23 +0000  /var/folders/mn/wprwsw3x4zz70mtpjhg1vwc80000gn/T/XcodeDistPipeline.xu9/Root/Payload/POS_API_Sample.app: replacing existing signature
2019-03-19 00:44:23 +0000  /var/folders/mn/wprwsw3x4zz70mtpjhg1vwc80000gn/T/XcodeDistPipeline.xu9/Root/Payload/POS_API_Sample.app: signed app bundle with Mach-O thin (arm64) [jp.co.tb-group.pas]
2019-03-19 00:44:23 +0000  
2019-03-19 00:44:23 +0000  2019-03-19 00:44:23 +0000  /usr/bin/codesign exited with 0
2019-03-19 00:44:23 +0000  

2019-03-19 00:44:23 +0000  Processing step: IDEDistributionStreamingZipItemStep
2019-03-19 00:44:23 +0000  Skipping step: IDEDistributionStreamingZipItemStep because it said so
2019-03-19 00:44:23 +0000  Skipping step: IDEDistributionStreamingZipItemStep because it said so
2019-03-19 00:44:23 +0000  Processing step: IDEDistributionCreateIPAStep
2019-03-19 00:44:23 +0000  Running /usr/bin/ditto '-V' '-c' '-k' '--norsrc' '/var/folders/mn/wprwsw3x4zz70mtpjhg1vwc80000gn/T/XcodeDistPipeline.xu9/Root' '/var/folders/mn/wprwsw3x4zz70mtpjhg1vwc80000gn/T/XcodeDistPipeline.xu9/Packages/POS_API_Sample.ipa'
2019-03-19 00:44:23 +0000  >>> Copying /var/folders/mn/wprwsw3x4zz70mtpjhg1vwc80000gn/T/XcodeDistPipeline.xu9/Root 
2019-03-19 00:44:23 +0000  copying file ./Payload/POS_API_Sample.app/_CodeSignature/CodeResources ... 
2019-03-19 00:44:23 +0000  19927 bytes for ./Payload/POS_API_Sample.app/_CodeSignature/CodeResources
copying file ./Payload/POS_API_Sample.app/Logo.bmp ... 
2019-03-19 00:44:23 +0000  339894 bytes for ./Payload/POS_API_Sample.app/Logo.bmp
copying file ./Payload/POS_API_Sample.app/CheckBox_Vista-Off.png ... 
2019-03-19 00:44:23 +0000  682 bytes for ./Payload/POS_API_Sample.app/CheckBox_Vista-Off.png
copying file ./Payload/POS_API_Sample.app/POS_API_Sample ... 
2019-03-19 00:44:23 +0000  593200 bytes for ./Payload/POS_API_Sample.app/POS_API_Sample
copying file ./Payload/POS_API_Sample.app/Android_RadioButton-Off.png ... 
2019-03-19 00:44:23 +0000  858 bytes for ./Payload/POS_API_Sample.app/Android_RadioButton-Off.png
copying file ./Payload/POS_API_Sample.app/Base.lproj/LaunchScreen.nib ... 
2509 bytes for ./Payload/POS_API_Sample.app/Base.lproj/LaunchScreen.nib
copying file ./Payload/POS_API_Sample.app/Base.lproj/Main.storyboardc/BLEScanViewController.nib/objects-11.0+.nib ... 
2019-03-19 00:44:23 +0000  2522 bytes for ./Payload/POS_API_Sample.app/Base.lproj/Main.storyboardc/BLEScanViewController.nib/objects-11.0+.nib
copying file ./Payload/POS_API_Sample.app/Base.lproj/Main.storyboardc/BLEScanViewController.nib/runtime.nib ... 
2019-03-19 00:44:23 +0000  2520 bytes for ./Payload/POS_API_Sample.app/Base.lproj/Main.storyboardc/BLEScanViewController.nib/runtime.nib
copying file ./Payload/POS_API_Sample.app/Base.lproj/Main.storyboardc/S98-6Z-hrg-view-TNy-cS-fCO.nib/objects-11.0+.nib ... 
2019-03-19 00:44:23 +0000  14248 bytes for ./Payload/POS_API_Sample.app/Base.lproj/Main.storyboardc/S98-6Z-hrg-view-TNy-cS-fCO.nib/objects-11.0+.nib
copying file ./Payload/POS_API_Sample.app/Base.lproj/Main.storyboardc/S98-6Z-hrg-view-TNy-cS-fCO.nib/runtime.nib ... 
2019-03-19 00:44:23 +0000  14261 bytes for ./Payload/POS_API_Sample.app/Base.lproj/Main.storyboardc/S98-6Z-hrg-view-TNy-cS-fCO.nib/runtime.nib
2019-03-19 00:44:23 +0000  copying file ./Payload/POS_API_Sample.app/Base.lproj/Main.storyboardc/UINavigationController-IIm-N5-nA1.nib/objects-11.0+.nib ... 
2607 bytes for ./Payload/POS_API_Sample.app/Base.lproj/Main.storyboardc/UINavigationController-IIm-N5-nA1.nib/objects-11.0+.nib
copying file ./Payload/POS_API_Sample.app/Base.lproj/Main.storyboardc/UINavigationController-IIm-N5-nA1.nib/runtime.nib ... 
2019-03-19 00:44:23 +0000  2609 bytes for ./Payload/POS_API_Sample.app/Base.lproj/Main.storyboardc/UINavigationController-IIm-N5-nA1.nib/runtime.nib
2019-03-19 00:44:23 +0000  copying file ./Payload/POS_API_Sample.app/Base.lproj/Main.storyboardc/ScannerTestViewController.nib/objects-11.0+.nib ... 
1227 bytes for ./Payload/POS_API_Sample.app/Base.lproj/Main.storyboardc/ScannerTestViewController.nib/objects-11.0+.nib
copying file ./Payload/POS_API_Sample.app/Base.lproj/Main.storyboardc/ScannerTestViewController.nib/runtime.nib ... 
2019-03-19 00:44:23 +0000  1227 bytes for ./Payload/POS_API_Sample.app/Base.lproj/Main.storyboardc/ScannerTestViewController.nib/runtime.nib
copying file ./Payload/POS_API_Sample.app/Base.lproj/Main.storyboardc/oVH-49-9gq-view-NEX-NI-JSd.nib/objects-11.0+.nib ... 
2019-03-19 00:44:23 +0000  41093 bytes for ./Payload/POS_API_Sample.app/Base.lproj/Main.storyboardc/oVH-49-9gq-view-NEX-NI-JSd.nib/objects-11.0+.nib
copying file ./Payload/POS_API_Sample.app/Base.lproj/Main.storyboardc/oVH-49-9gq-view-NEX-NI-JSd.nib/runtime.nib ... 
2019-03-19 00:44:23 +0000  41086 bytes for ./Payload/POS_API_Sample.app/Base.lproj/Main.storyboardc/oVH-49-9gq-view-NEX-NI-JSd.nib/runtime.nib
2019-03-19 00:44:23 +0000  copying file ./Payload/POS_API_Sample.app/Base.lproj/Main.storyboardc/YRd-GR-agd-view-dCj-p3-0Ph.nib/objects-11.0+.nib ... 
2019-03-19 00:44:23 +0000  25606 bytes for ./Payload/POS_API_Sample.app/Base.lproj/Main.storyboardc/YRd-GR-agd-view-dCj-p3-0Ph.nib/objects-11.0+.nib
copying file ./Payload/POS_API_Sample.app/Base.lproj/Main.storyboardc/YRd-GR-agd-view-dCj-p3-0Ph.nib/runtime.nib ... 
2019-03-19 00:44:23 +0000  25598 bytes for ./Payload/POS_API_Sample.app/Base.lproj/Main.storyboardc/YRd-GR-agd-view-dCj-p3-0Ph.nib/runtime.nib
2019-03-19 00:44:23 +0000  copying file ./Payload/POS_API_Sample.app/Base.lproj/Main.storyboardc/fjI-jl-KHY-view-1eN-lW-i7Z.nib/objects-11.0+.nib ... 
2019-03-19 00:44:23 +0000  20379 bytes for ./Payload/POS_API_Sample.app/Base.lproj/Main.storyboardc/fjI-jl-KHY-view-1eN-lW-i7Z.nib/objects-11.0+.nib
copying file ./Payload/POS_API_Sample.app/Base.lproj/Main.storyboardc/fjI-jl-KHY-view-1eN-lW-i7Z.nib/runtime.nib ... 
2019-03-19 00:44:23 +0000  20388 bytes for ./Payload/POS_API_Sample.app/Base.lproj/Main.storyboardc/fjI-jl-KHY-view-1eN-lW-i7Z.nib/runtime.nib
2019-03-19 00:44:23 +0000  copying file ./Payload/POS_API_Sample.app/Base.lproj/Main.storyboardc/6rA-Eb-qiq-view-7FZ-z7-SHd.nib/objects-11.0+.nib ... 
2019-03-19 00:44:23 +0000  8390 bytes for ./Payload/POS_API_Sample.app/Base.lproj/Main.storyboardc/6rA-Eb-qiq-view-7FZ-z7-SHd.nib/objects-11.0+.nib
copying file ./Payload/POS_API_Sample.app/Base.lproj/Main.storyboardc/6rA-Eb-qiq-view-7FZ-z7-SHd.nib/runtime.nib ... 
2019-03-19 00:44:23 +0000  8392 bytes for ./Payload/POS_API_Sample.app/Base.lproj/Main.storyboardc/6rA-Eb-qiq-view-7FZ-z7-SHd.nib/runtime.nib
2019-03-19 00:44:23 +0000  copying file ./Payload/POS_API_Sample.app/Base.lproj/Main.storyboardc/g2J-D0-BkH-view-Xby-xz-aar.nib/objects-11.0+.nib ... 
2019-03-19 00:44:23 +0000  21115 bytes for ./Payload/POS_API_Sample.app/Base.lproj/Main.storyboardc/g2J-D0-BkH-view-Xby-xz-aar.nib/objects-11.0+.nib
copying file ./Payload/POS_API_Sample.app/Base.lproj/Main.storyboardc/g2J-D0-BkH-view-Xby-xz-aar.nib/runtime.nib ... 
2019-03-19 00:44:23 +0000  21113 bytes for ./Payload/POS_API_Sample.app/Base.lproj/Main.storyboardc/g2J-D0-BkH-view-Xby-xz-aar.nib/runtime.nib
2019-03-19 00:44:23 +0000  copying file ./Payload/POS_API_Sample.app/Base.lproj/Main.storyboardc/ComPortSetupViewController.nib/objects-11.0+.nib ... 
1232 bytes for ./Payload/POS_API_Sample.app/Base.lproj/Main.storyboardc/ComPortSetupViewController.nib/objects-11.0+.nib
copying file ./Payload/POS_API_Sample.app/Base.lproj/Main.storyboardc/ComPortSetupViewController.nib/runtime.nib ... 
2019-03-19 00:44:23 +0000  1232 bytes for ./Payload/POS_API_Sample.app/Base.lproj/Main.storyboardc/ComPortSetupViewController.nib/runtime.nib
2019-03-19 00:44:23 +0000  copying file ./Payload/POS_API_Sample.app/Base.lproj/Main.storyboardc/Info.plist ... 
601 bytes for ./Payload/POS_API_Sample.app/Base.lproj/Main.storyboardc/Info.plist
copying file ./Payload/POS_API_Sample.app/Base.lproj/Main.storyboardc/CashDrawerControlViewController.nib/objects-11.0+.nib ... 
2019-03-19 00:44:23 +0000  1247 bytes for ./Payload/POS_API_Sample.app/Base.lproj/Main.storyboardc/CashDrawerControlViewController.nib/objects-11.0+.nib
2019-03-19 00:44:23 +0000  copying file ./Payload/POS_API_Sample.app/Base.lproj/Main.storyboardc/CashDrawerControlViewController.nib/runtime.nib ... 
2019-03-19 00:44:23 +0000  1247 bytes for ./Payload/POS_API_Sample.app/Base.lproj/Main.storyboardc/CashDrawerControlViewController.nib/runtime.nib
2019-03-19 00:44:23 +0000  copying file ./Payload/POS_API_Sample.app/Base.lproj/Main.storyboardc/PrinterTestViewController.nib/objects-11.0+.nib ... 
2019-03-19 00:44:23 +0000  1227 bytes for ./Payload/POS_API_Sample.app/Base.lproj/Main.storyboardc/PrinterTestViewController.nib/objects-11.0+.nib
2019-03-19 00:44:23 +0000  copying file ./Payload/POS_API_Sample.app/Base.lproj/Main.storyboardc/PrinterTestViewController.nib/runtime.nib ... 
2019-03-19 00:44:23 +0000  1227 bytes for ./Payload/POS_API_Sample.app/Base.lproj/Main.storyboardc/PrinterTestViewController.nib/runtime.nib
copying file ./Payload/POS_API_Sample.app/upce.jpg ... 
2019-03-19 00:44:23 +0000  13869 bytes for ./Payload/POS_API_Sample.app/upce.jpg
copying file ./Payload/POS_API_Sample.app/RadioButton_Vista-On.png ... 
2019-03-19 00:44:23 +0000  1803 bytes for ./Payload/POS_API_Sample.app/RadioButton_Vista-On.png
copying file ./Payload/POS_API_Sample.app/576x576.bmp ... 
2019-03-19 00:44:23 +0000  995382 bytes for ./Payload/POS_API_Sample.app/576x576.bmp
2019-03-19 00:44:23 +0000  copying file ./Payload/POS_API_Sample.app/Android_RadioButton-On.png ... 
1003 bytes for ./Payload/POS_API_Sample.app/Android_RadioButton-On.png
copying file ./Payload/POS_API_Sample.app/Assets.car ... 
2019-03-19 00:44:23 +0000  23416 bytes for ./Payload/POS_API_Sample.app/Assets.car
copying file ./Payload/POS_API_Sample.app/RadioButton_Vista-Off.png ... 
2019-03-19 00:44:23 +0000  1125 bytes for ./Payload/POS_API_Sample.app/RadioButton_Vista-Off.png
copying file ./Payload/POS_API_Sample.app/AppIcon76x76@2x~ipad.png ... 
2019-03-19 00:44:23 +0000  3164 bytes for ./Payload/POS_API_Sample.app/AppIcon76x76@2x~ipad.png
copying file ./Payload/POS_API_Sample.app/isbn.png ... 
2019-03-19 00:44:23 +0000  17764 bytes for ./Payload/POS_API_Sample.app/isbn.png
copying file ./Payload/POS_API_Sample.app/black.bmp ... 
2019-03-19 00:44:23 +0000  56278 bytes for ./Payload/POS_API_Sample.app/black.bmp
copying file ./Payload/POS_API_Sample.app/Frameworks/ZipZap.framework/_CodeSignature/CodeResources ... 
2019-03-19 00:44:23 +0000  2202 bytes for ./Payload/POS_API_Sample.app/Frameworks/ZipZap.framework/_CodeSignature/CodeResources
copying file ./Payload/POS_API_Sample.app/Frameworks/ZipZap.framework/ZipZap ... 
2019-03-19 00:44:23 +0000  622736 bytes for ./Payload/POS_API_Sample.app/Frameworks/ZipZap.framework/ZipZap
copying file ./Payload/POS_API_Sample.app/Frameworks/ZipZap.framework/Info.plist ... 
2019-03-19 00:44:23 +0000  735 bytes for ./Payload/POS_API_Sample.app/Frameworks/ZipZap.framework/Info.plist
copying file ./Payload/POS_API_Sample.app/ComboBox_Vista-Arrow.png ... 
395 bytes for ./Payload/POS_API_Sample.app/ComboBox_Vista-Arrow.png
2019-03-19 00:44:23 +0000  copying file ./Payload/POS_API_Sample.app/embedded.mobileprovision ... 
2019-03-19 00:44:23 +0000  8882 bytes for ./Payload/POS_API_Sample.app/embedded.mobileprovision
2019-03-19 00:44:23 +0000  copying file ./Payload/POS_API_Sample.app/Data/senddatatest.dat ... 
2019-03-19 00:44:23 +0000  11305 bytes for ./Payload/POS_API_Sample.app/Data/senddatatest.dat
copying file ./Payload/POS_API_Sample.app/Data/printSampleReceipt-2x1.dat ... 
2019-03-19 00:44:23 +0000  24039 bytes for ./Payload/POS_API_Sample.app/Data/printSampleReceipt-2x1.dat
copying file ./Payload/POS_API_Sample.app/Data/senddatatest3.dat ... 
2019-03-19 00:44:23 +0000  5742 bytes for ./Payload/POS_API_Sample.app/Data/senddatatest3.dat
copying file ./Payload/POS_API_Sample.app/Data/senddatatest2.dat ... 
2019-03-19 00:44:23 +0000  1200 bytes for ./Payload/POS_API_Sample.app/Data/senddatatest2.dat
copying file ./Payload/POS_API_Sample.app/Data/print576x576-pageMode.dat ... 
2019-03-19 00:44:24 +0000  41328 bytes for ./Payload/POS_API_Sample.app/Data/print576x576-pageMode.dat
copying file ./Payload/POS_API_Sample.app/CheckBox_Vista-On.png ... 
2019-03-19 00:44:24 +0000  1463 bytes for ./Payload/POS_API_Sample.app/CheckBox_Vista-On.png
copying file ./Payload/POS_API_Sample.app/Info.plist ... 
2019-03-19 00:44:24 +0000  2125 bytes for ./Payload/POS_API_Sample.app/Info.plist
copying file ./Payload/POS_API_Sample.app/PkgInfo ... 
8 bytes for ./Payload/POS_API_Sample.app/PkgInfo
copying file ./Payload/POS_API_Sample.app/AppIcon76x76~ipad.png ... 
1231 bytes for ./Payload/POS_API_Sample.app/AppIcon76x76~ipad.png
2019-03-19 00:44:24 +0000  2019-03-19 00:44:24 +0000  

2019-03-19 00:44:24 +0000  /usr/bin/ditto exited with 0
2019-03-19 00:44:24 +0000  2019-03-19 00:44:24 +0000  

2019-03-19 00:44:24 +0000  Processing step: IDEDistributionCreateManifestStep
